mode: set
github.com/goppydae/gollm/internal/prompts/prompts.go:22.29,27.67 3 0
github.com/goppydae/gollm/internal/prompts/prompts.go:27.67,29.3 1 0
github.com/goppydae/gollm/internal/prompts/prompts.go:30.2,31.13 2 0
github.com/goppydae/gollm/internal/prompts/prompts.go:36.50,38.28 2 0
github.com/goppydae/gollm/internal/prompts/prompts.go:38.28,39.80 1 0
github.com/goppydae/gollm/internal/prompts/prompts.go:39.80,40.18 1 0
github.com/goppydae/gollm/internal/prompts/prompts.go:40.18,42.5 1 0
github.com/goppydae/gollm/internal/prompts/prompts.go:43.4,43.69 1 0
github.com/goppydae/gollm/internal/prompts/prompts.go:43.69,45.5 1 0
github.com/goppydae/gollm/internal/prompts/prompts.go:46.4,47.18 2 0
github.com/goppydae/gollm/internal/prompts/prompts.go:47.18,49.5 1 0
github.com/goppydae/gollm/internal/prompts/prompts.go:50.4,51.14 2 0
github.com/goppydae/gollm/internal/prompts/prompts.go:54.2,54.17 1 0
github.com/goppydae/gollm/internal/prompts/prompts.go:58.41,60.16 2 0
github.com/goppydae/gollm/internal/prompts/prompts.go:60.16,62.3 1 0
github.com/goppydae/gollm/internal/prompts/prompts.go:63.2,63.39 1 0
github.com/goppydae/gollm/internal/prompts/prompts.go:70.47,75.67 3 1
github.com/goppydae/gollm/internal/prompts/prompts.go:75.67,77.3 1 1
github.com/goppydae/gollm/internal/prompts/prompts.go:79.2,79.29 1 1
github.com/goppydae/gollm/internal/prompts/prompts.go:79.29,81.21 2 1
github.com/goppydae/gollm/internal/prompts/prompts.go:81.21,83.4 1 1
github.com/goppydae/gollm/internal/prompts/prompts.go:85.3,87.69 3 1
github.com/goppydae/gollm/internal/prompts/prompts.go:89.2,89.34 1 1
github.com/goppydae/gollm/internal/prompts/prompts.go:92.42,95.40 2 1
github.com/goppydae/gollm/internal/prompts/prompts.go:95.40,98.3 2 0
github.com/goppydae/gollm/internal/prompts/prompts.go:100.2,102.34 3 1
github.com/goppydae/gollm/internal/prompts/prompts.go:102.34,103.43 1 1
github.com/goppydae/gollm/internal/prompts/prompts.go:103.43,105.9 2 1
github.com/goppydae/gollm/internal/prompts/prompts.go:108.2,108.13 1 1
github.com/goppydae/gollm/internal/prompts/prompts.go:108.13,111.3 2 0
github.com/goppydae/gollm/internal/prompts/prompts.go:113.2,113.36 1 1
github.com/goppydae/gollm/internal/prompts/prompts.go:113.36,115.14 2 1
github.com/goppydae/gollm/internal/prompts/prompts.go:115.14,116.12 1 0
github.com/goppydae/gollm/internal/prompts/prompts.go:118.3,120.12 3 1
github.com/goppydae/gollm/internal/prompts/prompts.go:121.22,122.21 1 1
github.com/goppydae/gollm/internal/prompts/prompts.go:123.24,124.22 1 1
github.com/goppydae/gollm/internal/prompts/prompts.go:128.2,129.10 2 1
