mode: set
github.com/goppydae/gollm/internal/config/config.go:84.30,103.60 11 1
github.com/goppydae/gollm/internal/config/config.go:103.60,105.3 1 1
github.com/goppydae/gollm/internal/config/config.go:105.8,107.3 1 0
github.com/goppydae/gollm/internal/config/config.go:109.2,109.42 1 1
github.com/goppydae/gollm/internal/config/config.go:109.42,110.34 1 0
github.com/goppydae/gollm/internal/config/config.go:110.34,112.4 1 0
github.com/goppydae/gollm/internal/config/config.go:115.2,116.42 2 1
github.com/goppydae/gollm/internal/config/config.go:116.42,118.3 1 0
github.com/goppydae/gollm/internal/config/config.go:122.2,122.56 1 1
github.com/goppydae/gollm/internal/config/config.go:122.56,124.3 1 0
github.com/goppydae/gollm/internal/config/config.go:125.2,125.53 1 1
github.com/goppydae/gollm/internal/config/config.go:125.53,127.3 1 0
github.com/goppydae/gollm/internal/config/config.go:128.2,128.53 1 1
github.com/goppydae/gollm/internal/config/config.go:128.53,130.3 1 0
github.com/goppydae/gollm/internal/config/config.go:132.2,133.35 2 1
github.com/goppydae/gollm/internal/config/config.go:133.35,135.3 1 0
github.com/goppydae/gollm/internal/config/config.go:136.2,136.35 1 1
github.com/goppydae/gollm/internal/config/config.go:136.35,138.3 1 0
github.com/goppydae/gollm/internal/config/config.go:139.2,139.44 1 1
github.com/goppydae/gollm/internal/config/config.go:139.44,141.3 1 0
github.com/goppydae/gollm/internal/config/config.go:143.2,143.39 1 1
github.com/goppydae/gollm/internal/config/config.go:143.39,145.3 1 0
github.com/goppydae/gollm/internal/config/config.go:147.2,147.18 1 1
github.com/goppydae/gollm/internal/config/config.go:151.32,153.16 2 1
github.com/goppydae/gollm/internal/config/config.go:153.16,155.3 1 0
github.com/goppydae/gollm/internal/config/config.go:156.2,156.6 1 1
github.com/goppydae/gollm/internal/config/config.go:156.6,158.61 2 1
github.com/goppydae/gollm/internal/config/config.go:158.61,160.4 1 1
github.com/goppydae/gollm/internal/config/config.go:161.3,162.21 2 1
github.com/goppydae/gollm/internal/config/config.go:162.21,163.9 1 0
github.com/goppydae/gollm/internal/config/config.go:165.3,165.16 1 1
github.com/goppydae/gollm/internal/config/config.go:167.2,167.11 1 0
github.com/goppydae/gollm/internal/config/config.go:170.34,171.32 1 1
github.com/goppydae/gollm/internal/config/config.go:171.32,172.48 1 1
github.com/goppydae/gollm/internal/config/config.go:172.48,174.4 1 1
github.com/goppydae/gollm/internal/config/config.go:175.8,175.21 1 1
github.com/goppydae/gollm/internal/config/config.go:175.21,176.48 1 1
github.com/goppydae/gollm/internal/config/config.go:176.48,178.4 1 1
github.com/goppydae/gollm/internal/config/config.go:180.2,180.10 1 1
github.com/goppydae/gollm/internal/config/config.go:184.35,186.37 2 1
github.com/goppydae/gollm/internal/config/config.go:186.37,188.3 1 1
github.com/goppydae/gollm/internal/config/config.go:189.2,189.36 1 1
github.com/goppydae/gollm/internal/config/config.go:189.36,191.3 1 1
github.com/goppydae/gollm/internal/config/config.go:192.2,192.39 1 1
github.com/goppydae/gollm/internal/config/config.go:192.39,194.3 1 0
github.com/goppydae/gollm/internal/config/config.go:195.2,195.12 1 1
github.com/goppydae/gollm/internal/config/config.go:199.30,213.2 2 1
github.com/goppydae/gollm/internal/config/config.go:215.34,231.2 15 1
github.com/goppydae/gollm/internal/config/factory.go:13.55,14.22 1 1
github.com/goppydae/gollm/internal/config/factory.go:15.16,16.29 1 1
github.com/goppydae/gollm/internal/config/factory.go:16.29,18.4 1 1
github.com/goppydae/gollm/internal/config/factory.go:19.3,19.91 1 1
github.com/goppydae/gollm/internal/config/factory.go:20.19,21.32 1 1
github.com/goppydae/gollm/internal/config/factory.go:21.32,23.4 1 1
github.com/goppydae/gollm/internal/config/factory.go:24.3,24.111 1 1
github.com/goppydae/gollm/internal/config/factory.go:25.16,26.29 1 1
github.com/goppydae/gollm/internal/config/factory.go:26.29,28.4 1 1
github.com/goppydae/gollm/internal/config/factory.go:29.3,29.65 1 1
github.com/goppydae/gollm/internal/config/factory.go:30.18,31.59 1 1
github.com/goppydae/gollm/internal/config/factory.go:32.10,33.66 1 1
github.com/goppydae/gollm/internal/config/factory.go:43.57,44.23 1 1
github.com/goppydae/gollm/internal/config/factory.go:44.23,46.3 1 1
github.com/goppydae/gollm/internal/config/factory.go:48.2,58.31 2 1
github.com/goppydae/gollm/internal/config/factory.go:58.31,60.38 2 1
github.com/goppydae/gollm/internal/config/factory.go:60.38,62.4 1 1
github.com/goppydae/gollm/internal/config/factory.go:63.3,64.30 2 1
github.com/goppydae/gollm/internal/config/factory.go:64.30,65.25 1 1
github.com/goppydae/gollm/internal/config/factory.go:65.25,67.5 1 1
github.com/goppydae/gollm/internal/config/factory.go:69.3,69.11 1 1
github.com/goppydae/gollm/internal/config/factory.go:72.2,73.29 2 1
github.com/goppydae/gollm/internal/config/factory.go:73.29,75.3 1 1
github.com/goppydae/gollm/internal/config/factory.go:76.2,76.10 1 1
