mode: set
github.com/goppydae/gollm/internal/themes/bundled.go:4.34,11.2 1 0
github.com/goppydae/gollm/internal/themes/bundled.go:14.25,45.2 1 0
github.com/goppydae/gollm/internal/themes/bundled.go:48.26,79.2 1 0
github.com/goppydae/gollm/internal/themes/bundled.go:82.30,113.2 1 0
github.com/goppydae/gollm/internal/themes/bundled.go:116.30,147.2 1 0
github.com/goppydae/gollm/internal/themes/themes.go:21.29,27.2 2 0
github.com/goppydae/gollm/internal/themes/themes.go:79.44,81.2 1 1
github.com/goppydae/gollm/internal/themes/themes.go:89.30,91.2 1 1
github.com/goppydae/gollm/internal/themes/themes.go:93.40,99.2 1 1
github.com/goppydae/gollm/internal/themes/themes.go:101.38,105.2 1 1
github.com/goppydae/gollm/internal/themes/themes.go:107.38,109.2 1 1
github.com/goppydae/gollm/internal/themes/themes.go:111.40,115.2 1 1
github.com/goppydae/gollm/internal/themes/themes.go:117.43,122.2 1 1
github.com/goppydae/gollm/internal/themes/themes.go:124.41,130.33 2 1
github.com/goppydae/gollm/internal/themes/themes.go:130.33,135.3 1 0
github.com/goppydae/gollm/internal/themes/themes.go:137.2,137.14 1 1
github.com/goppydae/gollm/internal/themes/themes.go:140.46,146.33 2 1
github.com/goppydae/gollm/internal/themes/themes.go:146.33,151.3 1 0
github.com/goppydae/gollm/internal/themes/themes.go:153.2,153.14 1 1
github.com/goppydae/gollm/internal/themes/themes.go:161.40,162.23 1 0
github.com/goppydae/gollm/internal/themes/themes.go:162.23,164.3 1 0
github.com/goppydae/gollm/internal/themes/themes.go:165.2,165.12 1 0
github.com/goppydae/gollm/internal/themes/themes.go:165.12,167.3 1 0
github.com/goppydae/gollm/internal/themes/themes.go:168.2,168.34 1 0
github.com/goppydae/gollm/internal/themes/themes.go:171.35,172.23 1 0
github.com/goppydae/gollm/internal/themes/themes.go:172.23,174.3 1 0
github.com/goppydae/gollm/internal/themes/themes.go:175.2,175.31 1 0
github.com/goppydae/gollm/internal/themes/themes.go:175.31,176.13 1 0
github.com/goppydae/gollm/internal/themes/themes.go:176.13,178.4 1 0
github.com/goppydae/gollm/internal/themes/themes.go:179.3,179.30 1 0
github.com/goppydae/gollm/internal/themes/themes.go:181.2,181.18 1 0
github.com/goppydae/gollm/internal/themes/themes.go:184.55,187.15 2 1
github.com/goppydae/gollm/internal/themes/themes.go:188.15,190.29 2 1
github.com/goppydae/gollm/internal/themes/themes.go:191.17,193.31 2 1
github.com/goppydae/gollm/internal/themes/themes.go:194.17,196.31 2 1
github.com/goppydae/gollm/internal/themes/themes.go:197.24,198.14 1 1
github.com/goppydae/gollm/internal/themes/themes.go:199.10,201.28 2 1
github.com/goppydae/gollm/internal/themes/themes.go:204.2,208.38 1 1
github.com/goppydae/gollm/internal/themes/themes.go:211.50,215.2 1 1
github.com/goppydae/gollm/internal/themes/themes.go:217.44,219.2 1 1
github.com/goppydae/gollm/internal/themes/themes.go:221.47,223.2 1 1
github.com/goppydae/gollm/internal/themes/themes.go:225.37,227.2 1 1
github.com/goppydae/gollm/internal/themes/themes.go:229.39,231.2 1 1
github.com/goppydae/gollm/internal/themes/themes.go:233.45,238.2 1 1
github.com/goppydae/gollm/internal/themes/themes.go:240.50,245.2 1 1
github.com/goppydae/gollm/internal/themes/themes.go:247.55,250.15 2 1
github.com/goppydae/gollm/internal/themes/themes.go:251.15,253.29 2 1
github.com/goppydae/gollm/internal/themes/themes.go:254.17,256.31 2 0
github.com/goppydae/gollm/internal/themes/themes.go:257.17,259.31 2 0
github.com/goppydae/gollm/internal/themes/themes.go:260.24,261.14 1 0
github.com/goppydae/gollm/internal/themes/themes.go:262.10,264.28 2 0
github.com/goppydae/gollm/internal/themes/themes.go:267.2,271.18 1 1
github.com/goppydae/gollm/internal/themes/themes.go:274.45,280.2 1 1
github.com/goppydae/gollm/internal/themes/themes.go:283.42,286.2 1 1
github.com/goppydae/gollm/internal/themes/themes.go:289.49,291.2 1 1
github.com/goppydae/gollm/internal/themes/themes.go:294.49,296.2 1 1
github.com/goppydae/gollm/internal/themes/themes.go:299.49,301.2 1 1
github.com/goppydae/gollm/internal/themes/themes.go:304.39,306.2 1 1
github.com/goppydae/gollm/internal/themes/themes.go:309.37,311.2 1 1
github.com/goppydae/gollm/internal/themes/themes.go:314.42,316.2 1 1
github.com/goppydae/gollm/internal/themes/themes.go:318.46,320.2 1 1
github.com/goppydae/gollm/internal/themes/themes.go:322.41,324.2 1 1
github.com/goppydae/gollm/internal/themes/themes.go:326.45,328.2 1 1
github.com/goppydae/gollm/internal/themes/themes.go:330.43,332.2 1 1
github.com/goppydae/gollm/internal/themes/themes.go:334.41,336.2 1 1
github.com/goppydae/gollm/internal/themes/themes.go:338.43,340.2 1 1
github.com/goppydae/gollm/internal/themes/themes.go:342.40,344.2 1 1
github.com/goppydae/gollm/internal/themes/themes.go:346.43,348.2 1 1
github.com/goppydae/gollm/internal/themes/themes.go:351.43,353.2 1 1
github.com/goppydae/gollm/internal/themes/themes.go:357.45,359.16 2 1
github.com/goppydae/gollm/internal/themes/themes.go:359.16,361.3 1 0
github.com/goppydae/gollm/internal/themes/themes.go:363.2,366.13 3 1
github.com/goppydae/gollm/internal/themes/themes.go:367.15,368.54 1 1
github.com/goppydae/gollm/internal/themes/themes.go:368.54,370.4 1 0
github.com/goppydae/gollm/internal/themes/themes.go:371.23,372.54 1 0
github.com/goppydae/gollm/internal/themes/themes.go:372.54,374.4 1 0
github.com/goppydae/gollm/internal/themes/themes.go:375.10,377.54 1 0
github.com/goppydae/gollm/internal/themes/themes.go:377.54,378.55 1 0
github.com/goppydae/gollm/internal/themes/themes.go:378.55,380.5 1 0
github.com/goppydae/gollm/internal/themes/themes.go:384.2,384.22 1 1
github.com/goppydae/gollm/internal/themes/themes.go:384.22,386.3 1 0
github.com/goppydae/gollm/internal/themes/themes.go:388.2,388.20 1 1
github.com/goppydae/gollm/internal/themes/themes.go:392.45,394.16 2 1
github.com/goppydae/gollm/internal/themes/themes.go:394.16,396.3 1 0
github.com/goppydae/gollm/internal/themes/themes.go:398.2,398.62 1 1
github.com/goppydae/gollm/internal/themes/themes.go:398.62,400.3 1 0
github.com/goppydae/gollm/internal/themes/themes.go:402.2,402.55 1 1
github.com/goppydae/gollm/internal/themes/themes.go:402.55,404.3 1 0
github.com/goppydae/gollm/internal/themes/themes.go:406.2,406.12 1 1
github.com/goppydae/gollm/internal/themes/themes.go:411.60,413.15 2 1
github.com/goppydae/gollm/internal/themes/themes.go:413.15,415.3 1 1
github.com/goppydae/gollm/internal/themes/themes.go:417.2,417.34 1 1
github.com/goppydae/gollm/internal/themes/themes.go:417.34,419.3 1 1
github.com/goppydae/gollm/internal/themes/themes.go:421.2,422.18 2 1
github.com/goppydae/gollm/internal/themes/themes.go:423.9,429.15 6 1
github.com/goppydae/gollm/internal/themes/themes.go:430.9,432.17 2 1
github.com/goppydae/gollm/internal/themes/themes.go:432.17,434.4 1 0
github.com/goppydae/gollm/internal/themes/themes.go:435.3,435.23 1 1
github.com/goppydae/gollm/internal/themes/themes.go:436.9,438.17 2 1
github.com/goppydae/gollm/internal/themes/themes.go:438.17,440.4 1 0
github.com/goppydae/gollm/internal/themes/themes.go:441.3,441.23 1 1
github.com/goppydae/gollm/internal/themes/themes.go:443.10,444.70 1 0
github.com/goppydae/gollm/internal/themes/themes.go:447.2,450.8 1 1
github.com/goppydae/gollm/internal/themes/themes.go:453.30,454.9 1 1
github.com/goppydae/gollm/internal/themes/themes.go:455.28,456.22 1 0
github.com/goppydae/gollm/internal/themes/themes.go:457.28,458.27 1 1
github.com/goppydae/gollm/internal/themes/themes.go:459.28,460.27 1 0
github.com/goppydae/gollm/internal/themes/themes.go:462.2,462.10 1 0
github.com/goppydae/gollm/internal/themes/themes.go:466.50,467.19 1 1
github.com/goppydae/gollm/internal/themes/themes.go:467.19,469.3 1 0
github.com/goppydae/gollm/internal/themes/themes.go:470.2,473.47 4 1
github.com/goppydae/gollm/internal/themes/themes.go:473.47,475.3 1 0
github.com/goppydae/gollm/internal/themes/themes.go:476.2,476.36 1 1
