mode: set
github.com/goppydae/gollm/internal/tools/bash.go:35.27,35.44 1 0
github.com/goppydae/gollm/internal/tools/bash.go:37.34,39.2 1 0
github.com/goppydae/gollm/internal/tools/bash.go:41.38,60.2 1 0
github.com/goppydae/gollm/internal/tools/bash.go:62.106,68.54 2 1
github.com/goppydae/gollm/internal/tools/bash.go:68.54,70.3 1 0
github.com/goppydae/gollm/internal/tools/bash.go:72.2,72.26 1 1
github.com/goppydae/gollm/internal/tools/bash.go:72.26,74.3 1 0
github.com/goppydae/gollm/internal/tools/bash.go:76.2,77.41 2 1
github.com/goppydae/gollm/internal/tools/bash.go:77.41,78.59 1 0
github.com/goppydae/gollm/internal/tools/bash.go:78.59,83.4 1 0
github.com/goppydae/gollm/internal/tools/bash.go:86.2,87.15 2 1
github.com/goppydae/gollm/internal/tools/bash.go:87.15,89.3 1 1
github.com/goppydae/gollm/internal/tools/bash.go:89.8,91.3 1 0
github.com/goppydae/gollm/internal/tools/bash.go:92.2,92.15 1 1
github.com/goppydae/gollm/internal/tools/bash.go:92.15,95.17 3 1
github.com/goppydae/gollm/internal/tools/bash.go:95.17,97.4 1 0
github.com/goppydae/gollm/internal/tools/bash.go:100.2,101.18 2 1
github.com/goppydae/gollm/internal/tools/bash.go:101.18,103.3 1 1
github.com/goppydae/gollm/internal/tools/bash.go:105.2,122.16 14 1
github.com/goppydae/gollm/internal/tools/bash.go:122.16,123.49 1 0
github.com/goppydae/gollm/internal/tools/bash.go:123.49,125.4 1 0
github.com/goppydae/gollm/internal/tools/bash.go:125.9,127.4 1 0
github.com/goppydae/gollm/internal/tools/bash.go:130.2,139.22 2 1
github.com/goppydae/gollm/internal/tools/bash.go:139.22,141.3 1 0
github.com/goppydae/gollm/internal/tools/bash.go:143.2,143.19 1 1
github.com/goppydae/gollm/internal/tools/bash.go:143.19,146.3 2 0
github.com/goppydae/gollm/internal/tools/bash.go:148.2,148.19 1 1
github.com/goppydae/gollm/internal/tools/bash.go:148.19,150.3 1 0
github.com/goppydae/gollm/internal/tools/bash.go:152.2,152.20 1 1
github.com/goppydae/gollm/internal/tools/bash.go:155.31,155.47 1 0
github.com/goppydae/gollm/internal/tools/bash.go:161.50,164.30 3 1
github.com/goppydae/gollm/internal/tools/bash.go:164.30,165.39 1 1
github.com/goppydae/gollm/internal/tools/bash.go:165.39,167.4 1 1
github.com/goppydae/gollm/internal/tools/bash.go:169.2,170.12 2 1
github.com/goppydae/gollm/internal/tools/edit.go:16.27,16.44 1 0
github.com/goppydae/gollm/internal/tools/edit.go:18.34,20.2 1 0
github.com/goppydae/gollm/internal/tools/edit.go:22.38,49.2 1 0
github.com/goppydae/gollm/internal/tools/edit.go:51.104,59.54 2 1
github.com/goppydae/gollm/internal/tools/edit.go:59.54,61.3 1 0
github.com/goppydae/gollm/internal/tools/edit.go:63.2,63.23 1 1
github.com/goppydae/gollm/internal/tools/edit.go:63.23,65.3 1 0
github.com/goppydae/gollm/internal/tools/edit.go:66.2,66.26 1 1
github.com/goppydae/gollm/internal/tools/edit.go:66.26,68.3 1 0
github.com/goppydae/gollm/internal/tools/edit.go:71.2,72.16 2 1
github.com/goppydae/gollm/internal/tools/edit.go:72.16,74.3 1 0
github.com/goppydae/gollm/internal/tools/edit.go:76.2,77.16 2 1
github.com/goppydae/gollm/internal/tools/edit.go:77.16,79.3 1 0
github.com/goppydae/gollm/internal/tools/edit.go:82.2,83.18 2 1
github.com/goppydae/gollm/internal/tools/edit.go:83.18,85.3 1 0
github.com/goppydae/gollm/internal/tools/edit.go:85.8,87.3 1 1
github.com/goppydae/gollm/internal/tools/edit.go:88.2,88.16 1 1
github.com/goppydae/gollm/internal/tools/edit.go:88.16,90.3 1 0
github.com/goppydae/gollm/internal/tools/edit.go:93.2,93.68 1 1
github.com/goppydae/gollm/internal/tools/edit.go:93.68,95.3 1 0
github.com/goppydae/gollm/internal/tools/edit.go:97.2,98.16 2 1
github.com/goppydae/gollm/internal/tools/edit.go:98.16,100.3 1 0
github.com/goppydae/gollm/internal/tools/edit.go:102.2,110.19 2 1
github.com/goppydae/gollm/internal/tools/edit.go:110.19,112.3 1 0
github.com/goppydae/gollm/internal/tools/edit.go:114.2,114.24 1 1
github.com/goppydae/gollm/internal/tools/edit.go:117.80,118.16 1 1
github.com/goppydae/gollm/internal/tools/edit.go:118.16,121.25 3 1
github.com/goppydae/gollm/internal/tools/edit.go:121.25,123.4 1 0
github.com/goppydae/gollm/internal/tools/edit.go:124.3,126.41 3 1
github.com/goppydae/gollm/internal/tools/edit.go:126.41,128.4 1 1
github.com/goppydae/gollm/internal/tools/edit.go:129.3,129.75 1 1
github.com/goppydae/gollm/internal/tools/edit.go:132.2,132.41 1 1
github.com/goppydae/gollm/internal/tools/edit.go:132.41,134.3 1 0
github.com/goppydae/gollm/internal/tools/edit.go:136.2,136.59 1 1
github.com/goppydae/gollm/internal/tools/edit.go:139.82,141.16 2 1
github.com/goppydae/gollm/internal/tools/edit.go:141.16,143.3 1 0
github.com/goppydae/gollm/internal/tools/edit.go:145.2,145.16 1 1
github.com/goppydae/gollm/internal/tools/edit.go:145.16,148.25 3 1
github.com/goppydae/gollm/internal/tools/edit.go:148.25,150.4 1 0
github.com/goppydae/gollm/internal/tools/edit.go:151.3,153.30 3 1
github.com/goppydae/gollm/internal/tools/edit.go:153.30,155.4 1 1
github.com/goppydae/gollm/internal/tools/edit.go:156.3,156.71 1 1
github.com/goppydae/gollm/internal/tools/edit.go:159.2,159.30 1 0
github.com/goppydae/gollm/internal/tools/edit.go:159.30,161.3 1 0
github.com/goppydae/gollm/internal/tools/edit.go:163.2,163.55 1 0
github.com/goppydae/gollm/internal/tools/edit.go:166.31,166.47 1 0
github.com/goppydae/gollm/internal/tools/find.go:15.27,15.44 1 0
github.com/goppydae/gollm/internal/tools/find.go:17.34,19.2 1 0
github.com/goppydae/gollm/internal/tools/find.go:21.38,40.2 1 0
github.com/goppydae/gollm/internal/tools/find.go:42.104,48.54 2 1
github.com/goppydae/gollm/internal/tools/find.go:48.54,50.3 1 0
github.com/goppydae/gollm/internal/tools/find.go:52.2,52.23 1 1
github.com/goppydae/gollm/internal/tools/find.go:52.23,54.3 1 1
github.com/goppydae/gollm/internal/tools/find.go:56.2,57.16 2 1
github.com/goppydae/gollm/internal/tools/find.go:57.16,59.3 1 0
github.com/goppydae/gollm/internal/tools/find.go:61.2,62.16 2 1
github.com/goppydae/gollm/internal/tools/find.go:62.16,64.3 1 0
github.com/goppydae/gollm/internal/tools/find.go:68.2,69.37 2 1
github.com/goppydae/gollm/internal/tools/find.go:69.37,71.3 1 0
github.com/goppydae/gollm/internal/tools/find.go:72.2,77.16 4 1
github.com/goppydae/gollm/internal/tools/find.go:77.16,79.3 1 0
github.com/goppydae/gollm/internal/tools/find.go:81.2,81.19 1 1
github.com/goppydae/gollm/internal/tools/find.go:81.19,84.17 2 0
github.com/goppydae/gollm/internal/tools/find.go:84.17,86.4 1 0
github.com/goppydae/gollm/internal/tools/find.go:87.3,87.53 1 0
github.com/goppydae/gollm/internal/tools/find.go:87.53,89.4 1 0
github.com/goppydae/gollm/internal/tools/find.go:90.8,93.17 2 1
github.com/goppydae/gollm/internal/tools/find.go:93.17,95.4 1 0
github.com/goppydae/gollm/internal/tools/find.go:98.2,98.23 1 1
github.com/goppydae/gollm/internal/tools/find.go:98.23,106.20 2 0
github.com/goppydae/gollm/internal/tools/find.go:106.20,108.4 1 0
github.com/goppydae/gollm/internal/tools/find.go:109.3,109.21 1 0
github.com/goppydae/gollm/internal/tools/find.go:112.2,120.19 2 1
github.com/goppydae/gollm/internal/tools/find.go:120.19,122.3 1 0
github.com/goppydae/gollm/internal/tools/find.go:124.2,124.20 1 1
github.com/goppydae/gollm/internal/tools/find.go:127.48,128.39 1 1
github.com/goppydae/gollm/internal/tools/find.go:128.39,130.17 2 1
github.com/goppydae/gollm/internal/tools/find.go:130.17,132.4 1 0
github.com/goppydae/gollm/internal/tools/find.go:133.3,133.23 1 1
github.com/goppydae/gollm/internal/tools/find.go:135.2,135.21 1 0
github.com/goppydae/gollm/internal/tools/find.go:135.21,137.17 2 0
github.com/goppydae/gollm/internal/tools/find.go:137.17,139.4 1 0
github.com/goppydae/gollm/internal/tools/find.go:140.3,140.22 1 0
github.com/goppydae/gollm/internal/tools/find.go:142.2,142.13 1 0
github.com/goppydae/gollm/internal/tools/find.go:145.63,148.82 2 1
github.com/goppydae/gollm/internal/tools/find.go:148.82,149.17 1 1
github.com/goppydae/gollm/internal/tools/find.go:149.17,151.4 1 0
github.com/goppydae/gollm/internal/tools/find.go:154.3,154.66 1 1
github.com/goppydae/gollm/internal/tools/find.go:154.66,155.20 1 0
github.com/goppydae/gollm/internal/tools/find.go:155.20,157.5 1 0
github.com/goppydae/gollm/internal/tools/find.go:159.3,159.77 1 1
github.com/goppydae/gollm/internal/tools/find.go:159.77,160.20 1 0
github.com/goppydae/gollm/internal/tools/find.go:160.20,162.5 1 0
github.com/goppydae/gollm/internal/tools/find.go:163.4,163.14 1 0
github.com/goppydae/gollm/internal/tools/find.go:167.3,167.37 1 1
github.com/goppydae/gollm/internal/tools/find.go:167.37,169.4 1 1
github.com/goppydae/gollm/internal/tools/find.go:172.3,173.17 2 1
github.com/goppydae/gollm/internal/tools/find.go:173.17,175.4 1 0
github.com/goppydae/gollm/internal/tools/find.go:176.3,176.14 1 1
github.com/goppydae/gollm/internal/tools/find.go:176.14,178.4 1 1
github.com/goppydae/gollm/internal/tools/find.go:180.3,180.13 1 1
github.com/goppydae/gollm/internal/tools/find.go:183.2,183.21 1 1
github.com/goppydae/gollm/internal/tools/find.go:186.31,186.46 1 0
github.com/goppydae/gollm/internal/tools/grep.go:18.27,18.44 1 0
github.com/goppydae/gollm/internal/tools/grep.go:20.34,22.2 1 0
github.com/goppydae/gollm/internal/tools/grep.go:24.38,55.2 1 0
github.com/goppydae/gollm/internal/tools/grep.go:57.104,66.54 2 1
github.com/goppydae/gollm/internal/tools/grep.go:66.54,68.3 1 0
github.com/goppydae/gollm/internal/tools/grep.go:70.2,70.26 1 1
github.com/goppydae/gollm/internal/tools/grep.go:70.26,72.3 1 0
github.com/goppydae/gollm/internal/tools/grep.go:74.2,75.16 2 1
github.com/goppydae/gollm/internal/tools/grep.go:75.16,77.3 1 0
github.com/goppydae/gollm/internal/tools/grep.go:79.2,80.16 2 1
github.com/goppydae/gollm/internal/tools/grep.go:80.16,82.3 1 0
github.com/goppydae/gollm/internal/tools/grep.go:84.2,85.21 2 1
github.com/goppydae/gollm/internal/tools/grep.go:85.21,87.3 1 1
github.com/goppydae/gollm/internal/tools/grep.go:89.2,90.16 2 1
github.com/goppydae/gollm/internal/tools/grep.go:90.16,92.3 1 0
github.com/goppydae/gollm/internal/tools/grep.go:94.2,102.19 2 1
github.com/goppydae/gollm/internal/tools/grep.go:102.19,104.3 1 0
github.com/goppydae/gollm/internal/tools/grep.go:106.2,106.20 1 1
github.com/goppydae/gollm/internal/tools/grep.go:109.33,110.13 1 1
github.com/goppydae/gollm/internal/tools/grep.go:110.13,112.3 1 0
github.com/goppydae/gollm/internal/tools/grep.go:113.2,115.29 3 1
github.com/goppydae/gollm/internal/tools/grep.go:115.29,116.89 1 1
github.com/goppydae/gollm/internal/tools/grep.go:116.89,118.4 1 1
github.com/goppydae/gollm/internal/tools/grep.go:120.2,120.14 1 1
github.com/goppydae/gollm/internal/tools/grep.go:123.92,125.16 2 1
github.com/goppydae/gollm/internal/tools/grep.go:125.16,127.3 1 0
github.com/goppydae/gollm/internal/tools/grep.go:129.2,134.16 4 1
github.com/goppydae/gollm/internal/tools/grep.go:134.16,136.3 1 0
github.com/goppydae/gollm/internal/tools/grep.go:138.2,138.19 1 1
github.com/goppydae/gollm/internal/tools/grep.go:138.19,141.17 2 1
github.com/goppydae/gollm/internal/tools/grep.go:141.17,143.4 1 0
github.com/goppydae/gollm/internal/tools/grep.go:144.3,144.20 1 1
github.com/goppydae/gollm/internal/tools/grep.go:148.2,149.16 2 1
github.com/goppydae/gollm/internal/tools/grep.go:149.16,151.17 2 0
github.com/goppydae/gollm/internal/tools/grep.go:151.17,153.4 1 0
github.com/goppydae/gollm/internal/tools/grep.go:154.3,154.19 1 0
github.com/goppydae/gollm/internal/tools/grep.go:155.8,157.90 1 1
github.com/goppydae/gollm/internal/tools/grep.go:157.90,158.18 1 1
github.com/goppydae/gollm/internal/tools/grep.go:158.18,161.5 2 0
github.com/goppydae/gollm/internal/tools/grep.go:162.4,162.20 1 1
github.com/goppydae/gollm/internal/tools/grep.go:162.20,164.5 1 1
github.com/goppydae/gollm/internal/tools/grep.go:166.4,166.78 1 1
github.com/goppydae/gollm/internal/tools/grep.go:166.78,168.5 1 0
github.com/goppydae/gollm/internal/tools/grep.go:169.4,170.14 2 1
github.com/goppydae/gollm/internal/tools/grep.go:171.22,173.4 1 0
github.com/goppydae/gollm/internal/tools/grep.go:176.2,176.29 1 1
github.com/goppydae/gollm/internal/tools/grep.go:176.29,177.31 1 1
github.com/goppydae/gollm/internal/tools/grep.go:177.31,178.9 1 0
github.com/goppydae/gollm/internal/tools/grep.go:180.3,181.17 2 1
github.com/goppydae/gollm/internal/tools/grep.go:181.17,182.12 1 0
github.com/goppydae/gollm/internal/tools/grep.go:184.3,184.18 1 1
github.com/goppydae/gollm/internal/tools/grep.go:184.18,185.25 1 1
github.com/goppydae/gollm/internal/tools/grep.go:185.25,187.5 1 1
github.com/goppydae/gollm/internal/tools/grep.go:188.4,190.23 3 1
github.com/goppydae/gollm/internal/tools/grep.go:194.2,194.24 1 1
github.com/goppydae/gollm/internal/tools/grep.go:194.24,196.3 1 1
github.com/goppydae/gollm/internal/tools/grep.go:198.2,198.30 1 1
github.com/goppydae/gollm/internal/tools/grep.go:201.99,203.16 2 1
github.com/goppydae/gollm/internal/tools/grep.go:203.16,205.3 1 0
github.com/goppydae/gollm/internal/tools/grep.go:206.2,206.15 1 1
github.com/goppydae/gollm/internal/tools/grep.go:206.15,206.32 1 1
github.com/goppydae/gollm/internal/tools/grep.go:208.2,215.21 4 1
github.com/goppydae/gollm/internal/tools/grep.go:215.21,218.27 3 1
github.com/goppydae/gollm/internal/tools/grep.go:218.27,223.4 1 1
github.com/goppydae/gollm/internal/tools/grep.go:224.3,224.33 1 1
github.com/goppydae/gollm/internal/tools/grep.go:224.33,225.9 1 0
github.com/goppydae/gollm/internal/tools/grep.go:229.2,229.23 1 1
github.com/goppydae/gollm/internal/tools/grep.go:229.23,231.3 1 1
github.com/goppydae/gollm/internal/tools/grep.go:233.2,234.28 2 1
github.com/goppydae/gollm/internal/tools/grep.go:234.28,236.3 1 1
github.com/goppydae/gollm/internal/tools/grep.go:238.2,238.44 1 1
github.com/goppydae/gollm/internal/tools/grep.go:241.31,241.46 1 0
github.com/goppydae/gollm/internal/tools/ls.go:17.25,17.40 1 0
github.com/goppydae/gollm/internal/tools/ls.go:19.32,21.2 1 0
github.com/goppydae/gollm/internal/tools/ls.go:23.36,41.2 1 0
github.com/goppydae/gollm/internal/tools/ls.go:43.102,49.54 2 1
github.com/goppydae/gollm/internal/tools/ls.go:49.54,51.3 1 0
github.com/goppydae/gollm/internal/tools/ls.go:53.2,54.16 2 1
github.com/goppydae/gollm/internal/tools/ls.go:54.16,56.3 1 0
github.com/goppydae/gollm/internal/tools/ls.go:58.2,59.16 2 1
github.com/goppydae/gollm/internal/tools/ls.go:59.16,61.3 1 0
github.com/goppydae/gollm/internal/tools/ls.go:63.2,64.22 2 1
github.com/goppydae/gollm/internal/tools/ls.go:64.22,65.90 1 0
github.com/goppydae/gollm/internal/tools/ls.go:65.90,66.18 1 0
github.com/goppydae/gollm/internal/tools/ls.go:66.18,69.5 2 0
github.com/goppydae/gollm/internal/tools/ls.go:70.4,71.18 2 0
github.com/goppydae/gollm/internal/tools/ls.go:71.18,73.5 1 0
github.com/goppydae/gollm/internal/tools/ls.go:74.4,74.19 1 0
github.com/goppydae/gollm/internal/tools/ls.go:74.19,76.5 1 0
github.com/goppydae/gollm/internal/tools/ls.go:76.10,78.5 1 0
github.com/goppydae/gollm/internal/tools/ls.go:79.4,79.14 1 0
github.com/goppydae/gollm/internal/tools/ls.go:80.22,82.4 1 0
github.com/goppydae/gollm/internal/tools/ls.go:83.8,85.17 2 1
github.com/goppydae/gollm/internal/tools/ls.go:85.17,87.4 1 1
github.com/goppydae/gollm/internal/tools/ls.go:88.3,88.25 1 1
github.com/goppydae/gollm/internal/tools/ls.go:88.25,89.19 1 1
github.com/goppydae/gollm/internal/tools/ls.go:89.19,91.19 2 1
github.com/goppydae/gollm/internal/tools/ls.go:91.19,93.14 2 0
github.com/goppydae/gollm/internal/tools/ls.go:95.5,95.58 1 1
github.com/goppydae/gollm/internal/tools/ls.go:96.10,98.5 1 1
github.com/goppydae/gollm/internal/tools/ls.go:102.2,110.19 2 1
github.com/goppydae/gollm/internal/tools/ls.go:110.19,112.3 1 0
github.com/goppydae/gollm/internal/tools/ls.go:114.2,114.20 1 1
github.com/goppydae/gollm/internal/tools/ls.go:118.55,120.18 2 1
github.com/goppydae/gollm/internal/tools/ls.go:120.18,122.3 1 1
github.com/goppydae/gollm/internal/tools/ls.go:122.8,122.44 1 1
github.com/goppydae/gollm/internal/tools/ls.go:122.44,124.3 1 0
github.com/goppydae/gollm/internal/tools/ls.go:125.2,125.99 1 1
github.com/goppydae/gollm/internal/tools/ls.go:128.29,128.44 1 0
github.com/goppydae/gollm/internal/tools/read.go:15.27,15.44 1 0
github.com/goppydae/gollm/internal/tools/read.go:17.34,19.2 1 0
github.com/goppydae/gollm/internal/tools/read.go:21.38,40.2 1 0
github.com/goppydae/gollm/internal/tools/read.go:42.104,48.54 2 1
github.com/goppydae/gollm/internal/tools/read.go:48.54,50.3 1 0
github.com/goppydae/gollm/internal/tools/read.go:52.2,52.23 1 1
github.com/goppydae/gollm/internal/tools/read.go:52.23,54.3 1 0
github.com/goppydae/gollm/internal/tools/read.go:56.2,57.16 2 1
github.com/goppydae/gollm/internal/tools/read.go:57.16,59.3 1 0
github.com/goppydae/gollm/internal/tools/read.go:61.2,62.16 2 1
github.com/goppydae/gollm/internal/tools/read.go:62.16,64.3 1 0
github.com/goppydae/gollm/internal/tools/read.go:67.2,68.16 2 1
github.com/goppydae/gollm/internal/tools/read.go:68.16,70.3 1 1
github.com/goppydae/gollm/internal/tools/read.go:72.2,76.23 3 1
github.com/goppydae/gollm/internal/tools/read.go:76.23,78.25 2 1
github.com/goppydae/gollm/internal/tools/read.go:78.25,80.4 1 0
github.com/goppydae/gollm/internal/tools/read.go:81.3,81.24 1 1
github.com/goppydae/gollm/internal/tools/read.go:84.2,84.51 1 1
github.com/goppydae/gollm/internal/tools/read.go:84.51,86.3 1 1
github.com/goppydae/gollm/internal/tools/read.go:88.2,89.19 2 1
github.com/goppydae/gollm/internal/tools/read.go:89.19,91.3 1 0
github.com/goppydae/gollm/internal/tools/read.go:93.2,100.8 1 1
github.com/goppydae/gollm/internal/tools/read.go:103.36,104.13 1 1
github.com/goppydae/gollm/internal/tools/read.go:104.13,106.3 1 0
github.com/goppydae/gollm/internal/tools/read.go:107.2,109.30 3 1
github.com/goppydae/gollm/internal/tools/read.go:109.30,110.19 1 1
github.com/goppydae/gollm/internal/tools/read.go:110.19,112.39 2 1
github.com/goppydae/gollm/internal/tools/read.go:112.39,114.5 1 0
github.com/goppydae/gollm/internal/tools/read.go:115.4,116.17 2 1
github.com/goppydae/gollm/internal/tools/read.go:119.2,119.20 1 1
github.com/goppydae/gollm/internal/tools/read.go:119.20,121.49 2 0
github.com/goppydae/gollm/internal/tools/read.go:121.49,123.4 1 0
github.com/goppydae/gollm/internal/tools/read.go:124.3,124.30 1 0
github.com/goppydae/gollm/internal/tools/read.go:126.2,126.14 1 1
github.com/goppydae/gollm/internal/tools/read.go:130.31,130.46 1 0
github.com/goppydae/gollm/internal/tools/tools.go:42.38,46.2 1 0
github.com/goppydae/gollm/internal/tools/tools.go:49.41,51.2 1 0
github.com/goppydae/gollm/internal/tools/tools.go:54.54,57.2 2 0
github.com/goppydae/gollm/internal/tools/tools.go:60.37,62.28 2 0
github.com/goppydae/gollm/internal/tools/tools.go:62.28,64.3 1 0
github.com/goppydae/gollm/internal/tools/tools.go:65.2,65.15 1 0
github.com/goppydae/gollm/internal/tools/tools.go:69.46,72.2 2 0
github.com/goppydae/gollm/internal/tools/tools.go:76.40,77.37 1 1
github.com/goppydae/gollm/internal/tools/tools.go:77.37,79.3 1 1
github.com/goppydae/gollm/internal/tools/tools.go:80.2,80.13 1 1
github.com/goppydae/gollm/internal/tools/write.go:14.28,14.46 1 0
github.com/goppydae/gollm/internal/tools/write.go:16.35,18.2 1 0
github.com/goppydae/gollm/internal/tools/write.go:20.39,35.2 1 0
github.com/goppydae/gollm/internal/tools/write.go:37.105,42.54 2 1
github.com/goppydae/gollm/internal/tools/write.go:42.54,44.3 1 0
github.com/goppydae/gollm/internal/tools/write.go:46.2,46.23 1 1
github.com/goppydae/gollm/internal/tools/write.go:46.23,48.3 1 0
github.com/goppydae/gollm/internal/tools/write.go:50.2,50.26 1 1
github.com/goppydae/gollm/internal/tools/write.go:50.26,52.3 1 0
github.com/goppydae/gollm/internal/tools/write.go:55.2,56.16 2 1
github.com/goppydae/gollm/internal/tools/write.go:56.16,58.3 1 0
github.com/goppydae/gollm/internal/tools/write.go:61.2,62.47 2 1
github.com/goppydae/gollm/internal/tools/write.go:62.47,64.3 1 0
github.com/goppydae/gollm/internal/tools/write.go:67.2,67.73 1 1
github.com/goppydae/gollm/internal/tools/write.go:67.73,69.3 1 0
github.com/goppydae/gollm/internal/tools/write.go:72.2,73.16 2 1
github.com/goppydae/gollm/internal/tools/write.go:73.16,75.3 1 0
github.com/goppydae/gollm/internal/tools/write.go:77.2,86.19 2 1
github.com/goppydae/gollm/internal/tools/write.go:86.19,88.3 1 0
github.com/goppydae/gollm/internal/tools/write.go:90.2,90.20 1 1
github.com/goppydae/gollm/internal/tools/write.go:93.32,93.48 1 0
