mode: set
github.com/goppydae/gollm/internal/skills/skills.go:22.29,27.67 3 0
github.com/goppydae/gollm/internal/skills/skills.go:27.67,29.3 1 0
github.com/goppydae/gollm/internal/skills/skills.go:30.2,31.13 2 0
github.com/goppydae/gollm/internal/skills/skills.go:37.49,41.28 3 1
github.com/goppydae/gollm/internal/skills/skills.go:41.28,42.80 1 1
github.com/goppydae/gollm/internal/skills/skills.go:42.80,43.18 1 1
github.com/goppydae/gollm/internal/skills/skills.go:43.18,45.5 1 0
github.com/goppydae/gollm/internal/skills/skills.go:48.4,48.18 1 1
github.com/goppydae/gollm/internal/skills/skills.go:48.18,49.57 1 1
github.com/goppydae/gollm/internal/skills/skills.go:49.57,51.37 2 1
github.com/goppydae/gollm/internal/skills/skills.go:51.37,54.7 2 1
github.com/goppydae/gollm/internal/skills/skills.go:56.5,56.15 1 1
github.com/goppydae/gollm/internal/skills/skills.go:60.4,61.48 2 1
github.com/goppydae/gollm/internal/skills/skills.go:61.48,63.36 2 1
github.com/goppydae/gollm/internal/skills/skills.go:63.36,66.6 2 1
github.com/goppydae/gollm/internal/skills/skills.go:67.5,67.28 1 1
github.com/goppydae/gollm/internal/skills/skills.go:70.4,70.14 1 1
github.com/goppydae/gollm/internal/skills/skills.go:73.2,73.20 1 1
github.com/goppydae/gollm/internal/skills/skills.go:77.40,79.16 2 1
github.com/goppydae/gollm/internal/skills/skills.go:79.16,81.3 1 0
github.com/goppydae/gollm/internal/skills/skills.go:82.2,82.39 1 1
github.com/goppydae/gollm/internal/skills/skills.go:86.41,88.56 2 1
github.com/goppydae/gollm/internal/skills/skills.go:88.56,90.3 1 1
github.com/goppydae/gollm/internal/skills/skills.go:91.2,96.40 2 1
github.com/goppydae/gollm/internal/skills/skills.go:96.40,99.3 2 1
github.com/goppydae/gollm/internal/skills/skills.go:101.2,103.34 3 1
github.com/goppydae/gollm/internal/skills/skills.go:103.34,104.43 1 1
github.com/goppydae/gollm/internal/skills/skills.go:104.43,106.9 2 1
github.com/goppydae/gollm/internal/skills/skills.go:109.2,109.13 1 1
github.com/goppydae/gollm/internal/skills/skills.go:109.13,112.3 2 0
github.com/goppydae/gollm/internal/skills/skills.go:114.2,114.36 1 1
github.com/goppydae/gollm/internal/skills/skills.go:114.36,116.10 2 1
github.com/goppydae/gollm/internal/skills/skills.go:116.10,117.12 1 0
github.com/goppydae/gollm/internal/skills/skills.go:119.3,119.12 1 1
github.com/goppydae/gollm/internal/skills/skills.go:120.15,121.14 1 1
github.com/goppydae/gollm/internal/skills/skills.go:122.22,123.21 1 1
github.com/goppydae/gollm/internal/skills/skills.go:127.2,128.10 2 1
github.com/goppydae/gollm/internal/skills/skills.go:131.54,133.13 2 1
github.com/goppydae/gollm/internal/skills/skills.go:133.13,135.3 1 0
github.com/goppydae/gollm/internal/skills/skills.go:136.2,136.77 1 1
github.com/goppydae/gollm/internal/skills/skills.go:140.52,141.22 1 1
github.com/goppydae/gollm/internal/skills/skills.go:141.22,143.3 1 0
github.com/goppydae/gollm/internal/skills/skills.go:145.2,151.27 6 1
github.com/goppydae/gollm/internal/skills/skills.go:151.27,153.17 2 1
github.com/goppydae/gollm/internal/skills/skills.go:153.17,155.4 1 0
github.com/goppydae/gollm/internal/skills/skills.go:156.3,156.66 1 1
github.com/goppydae/gollm/internal/skills/skills.go:159.2,160.20 2 1
