mode: set
github.com/goppydae/gollm/internal/session/manager.go:65.44,84.30 2 1
github.com/goppydae/gollm/internal/session/manager.go:84.30,85.54 1 1
github.com/goppydae/gollm/internal/session/manager.go:85.54,87.9 2 0
github.com/goppydae/gollm/internal/session/manager.go:91.2,91.11 1 1
github.com/goppydae/gollm/internal/session/manager.go:104.42,105.19 1 1
github.com/goppydae/gollm/internal/session/manager.go:105.19,108.3 2 0
github.com/goppydae/gollm/internal/session/manager.go:110.2,111.16 2 1
github.com/goppydae/gollm/internal/session/manager.go:111.16,115.3 2 0
github.com/goppydae/gollm/internal/session/manager.go:118.2,118.61 1 1
github.com/goppydae/gollm/internal/session/manager.go:118.61,120.3 1 1
github.com/goppydae/gollm/internal/session/manager.go:121.2,127.3 2 1
github.com/goppydae/gollm/internal/session/manager.go:130.37,136.2 3 1
github.com/goppydae/gollm/internal/session/manager.go:139.46,141.2 1 1
github.com/goppydae/gollm/internal/session/manager.go:144.61,164.2 5 1
github.com/goppydae/gollm/internal/session/manager.go:168.61,170.2 1 1
github.com/goppydae/gollm/internal/session/manager.go:173.53,179.16 4 1
github.com/goppydae/gollm/internal/session/manager.go:179.16,182.29 2 1
github.com/goppydae/gollm/internal/session/manager.go:182.29,183.18 1 0
github.com/goppydae/gollm/internal/session/manager.go:183.18,184.13 1 0
github.com/goppydae/gollm/internal/session/manager.go:186.4,187.21 2 0
github.com/goppydae/gollm/internal/session/manager.go:187.21,188.13 1 0
github.com/goppydae/gollm/internal/session/manager.go:190.4,192.18 3 0
github.com/goppydae/gollm/internal/session/manager.go:192.18,193.10 1 0
github.com/goppydae/gollm/internal/session/manager.go:198.2,198.16 1 1
github.com/goppydae/gollm/internal/session/manager.go:198.16,200.3 1 1
github.com/goppydae/gollm/internal/session/manager.go:202.2,209.41 3 1
github.com/goppydae/gollm/internal/session/manager.go:209.41,210.26 1 1
github.com/goppydae/gollm/internal/session/manager.go:210.26,212.9 2 1
github.com/goppydae/gollm/internal/session/manager.go:216.2,216.61 1 1
github.com/goppydae/gollm/internal/session/manager.go:216.61,218.3 1 0
github.com/goppydae/gollm/internal/session/manager.go:220.2,220.18 1 1
github.com/goppydae/gollm/internal/session/manager.go:224.68,233.28 6 0
github.com/goppydae/gollm/internal/session/manager.go:233.28,234.16 1 0
github.com/goppydae/gollm/internal/session/manager.go:234.16,236.4 1 0
github.com/goppydae/gollm/internal/session/manager.go:238.2,238.27 1 0
github.com/goppydae/gollm/internal/session/manager.go:238.27,240.3 1 0
github.com/goppydae/gollm/internal/session/manager.go:242.2,242.35 1 0
github.com/goppydae/gollm/internal/session/manager.go:242.35,245.17 3 0
github.com/goppydae/gollm/internal/session/manager.go:245.17,246.12 1 0
github.com/goppydae/gollm/internal/session/manager.go:248.3,248.30 1 0
github.com/goppydae/gollm/internal/session/manager.go:248.30,250.18 2 0
github.com/goppydae/gollm/internal/session/manager.go:250.18,251.13 1 0
github.com/goppydae/gollm/internal/session/manager.go:253.4,253.30 1 0
github.com/goppydae/gollm/internal/session/manager.go:253.30,254.59 1 0
github.com/goppydae/gollm/internal/session/manager.go:254.59,262.6 3 0
github.com/goppydae/gollm/internal/session/manager.go:266.2,266.28 1 0
github.com/goppydae/gollm/internal/session/manager.go:270.59,275.16 4 0
github.com/goppydae/gollm/internal/session/manager.go:275.16,277.3 1 0
github.com/goppydae/gollm/internal/session/manager.go:279.2,280.42 2 0
github.com/goppydae/gollm/internal/session/manager.go:280.42,282.3 1 0
github.com/goppydae/gollm/internal/session/manager.go:284.2,290.41 3 0
github.com/goppydae/gollm/internal/session/manager.go:290.41,291.26 1 0
github.com/goppydae/gollm/internal/session/manager.go:291.26,293.9 2 0
github.com/goppydae/gollm/internal/session/manager.go:297.2,297.61 1 0
github.com/goppydae/gollm/internal/session/manager.go:297.61,299.3 1 0
github.com/goppydae/gollm/internal/session/manager.go:301.2,301.18 1 0
github.com/goppydae/gollm/internal/session/manager.go:305.44,309.2 3 1
github.com/goppydae/gollm/internal/session/manager.go:314.56,319.16 4 0
github.com/goppydae/gollm/internal/session/manager.go:319.16,321.3 1 0
github.com/goppydae/gollm/internal/session/manager.go:322.2,324.25 3 0
github.com/goppydae/gollm/internal/session/manager.go:324.25,326.43 2 0
github.com/goppydae/gollm/internal/session/manager.go:326.43,327.12 1 0
github.com/goppydae/gollm/internal/session/manager.go:329.3,329.36 1 0
github.com/goppydae/gollm/internal/session/manager.go:329.36,332.4 2 0
github.com/goppydae/gollm/internal/session/manager.go:334.2,334.18 1 0
github.com/goppydae/gollm/internal/session/manager.go:338.61,343.16 4 0
github.com/goppydae/gollm/internal/session/manager.go:343.16,345.3 1 0
github.com/goppydae/gollm/internal/session/manager.go:347.2,348.25 2 0
github.com/goppydae/gollm/internal/session/manager.go:348.25,350.17 2 0
github.com/goppydae/gollm/internal/session/manager.go:350.17,352.4 1 0
github.com/goppydae/gollm/internal/session/manager.go:354.2,354.23 1 0
github.com/goppydae/gollm/internal/session/manager.go:358.62,372.36 5 0
github.com/goppydae/gollm/internal/session/manager.go:372.36,379.3 1 0
github.com/goppydae/gollm/internal/session/manager.go:381.2,381.41 1 0
github.com/goppydae/gollm/internal/session/manager.go:385.60,387.30 2 1
github.com/goppydae/gollm/internal/session/manager.go:387.30,388.17 1 1
github.com/goppydae/gollm/internal/session/manager.go:388.17,390.4 1 1
github.com/goppydae/gollm/internal/session/manager.go:393.2,396.17 4 1
github.com/goppydae/gollm/internal/session/manager.go:396.17,397.20 1 1
github.com/goppydae/gollm/internal/session/manager.go:397.20,398.9 1 0
github.com/goppydae/gollm/internal/session/manager.go:400.3,403.10 3 1
github.com/goppydae/gollm/internal/session/manager.go:403.10,404.9 1 0
github.com/goppydae/gollm/internal/session/manager.go:406.3,407.24 2 1
github.com/goppydae/gollm/internal/session/manager.go:407.24,408.9 1 1
github.com/goppydae/gollm/internal/session/manager.go:410.3,410.21 1 1
github.com/goppydae/gollm/internal/session/manager.go:414.2,414.53 1 1
github.com/goppydae/gollm/internal/session/manager.go:414.53,416.3 1 1
github.com/goppydae/gollm/internal/session/manager.go:418.2,421.25 3 1
github.com/goppydae/gollm/internal/session/manager.go:421.25,422.17 1 1
github.com/goppydae/gollm/internal/session/manager.go:423.20,424.71 1 1
github.com/goppydae/gollm/internal/session/manager.go:424.71,426.5 1 1
github.com/goppydae/gollm/internal/session/manager.go:427.24,428.19 1 1
github.com/goppydae/gollm/internal/session/manager.go:429.24,431.21 2 0
github.com/goppydae/gollm/internal/session/manager.go:432.32,433.32 1 1
github.com/goppydae/gollm/internal/session/manager.go:434.20,435.24 1 1
github.com/goppydae/gollm/internal/session/manager.go:435.24,439.5 3 1
github.com/goppydae/gollm/internal/session/manager.go:440.23,448.17 3 1
github.com/goppydae/gollm/internal/session/manager.go:448.17,450.5 1 0
github.com/goppydae/gollm/internal/session/manager.go:451.4,454.6 1 1
github.com/goppydae/gollm/internal/session/manager.go:457.3,457.24 1 1
github.com/goppydae/gollm/internal/session/manager.go:457.24,459.4 1 1
github.com/goppydae/gollm/internal/session/manager.go:461.3,461.70 1 1
github.com/goppydae/gollm/internal/session/manager.go:461.70,463.4 1 1
github.com/goppydae/gollm/internal/session/manager.go:466.2,466.12 1 1
github.com/goppydae/gollm/internal/session/manager.go:470.77,476.30 5 1
github.com/goppydae/gollm/internal/session/manager.go:476.30,478.3 1 1
github.com/goppydae/gollm/internal/session/manager.go:480.2,489.16 3 1
github.com/goppydae/gollm/internal/session/manager.go:489.16,491.3 1 0
github.com/goppydae/gollm/internal/session/manager.go:492.2,492.54 1 1
github.com/goppydae/gollm/internal/session/manager.go:492.54,494.3 1 0
github.com/goppydae/gollm/internal/session/manager.go:496.2,501.16 5 1
github.com/goppydae/gollm/internal/session/manager.go:505.82,520.16 6 1
github.com/goppydae/gollm/internal/session/manager.go:520.16,522.3 1 0
github.com/goppydae/gollm/internal/session/manager.go:523.2,523.54 1 1
github.com/goppydae/gollm/internal/session/manager.go:523.54,525.3 1 0
github.com/goppydae/gollm/internal/session/manager.go:527.2,532.12 6 1
github.com/goppydae/gollm/internal/session/manager.go:536.80,550.16 6 1
github.com/goppydae/gollm/internal/session/manager.go:550.16,552.3 1 0
github.com/goppydae/gollm/internal/session/manager.go:553.2,553.54 1 1
github.com/goppydae/gollm/internal/session/manager.go:553.54,555.3 1 0
github.com/goppydae/gollm/internal/session/manager.go:557.2,561.12 5 1
github.com/goppydae/gollm/internal/session/manager.go:565.129,582.16 6 1
github.com/goppydae/gollm/internal/session/manager.go:582.16,584.3 1 0
github.com/goppydae/gollm/internal/session/manager.go:585.2,585.54 1 1
github.com/goppydae/gollm/internal/session/manager.go:585.54,587.3 1 0
github.com/goppydae/gollm/internal/session/manager.go:589.2,596.37 5 1
github.com/goppydae/gollm/internal/session/manager.go:600.71,614.16 6 1
github.com/goppydae/gollm/internal/session/manager.go:614.16,616.3 1 0
github.com/goppydae/gollm/internal/session/manager.go:617.2,617.54 1 1
github.com/goppydae/gollm/internal/session/manager.go:617.54,619.3 1 0
github.com/goppydae/gollm/internal/session/manager.go:621.2,625.12 5 1
github.com/goppydae/gollm/internal/session/manager.go:629.78,641.35 6 1
github.com/goppydae/gollm/internal/session/manager.go:641.35,642.17 1 1
github.com/goppydae/gollm/internal/session/manager.go:642.17,644.4 1 1
github.com/goppydae/gollm/internal/session/manager.go:647.2,650.17 4 1
github.com/goppydae/gollm/internal/session/manager.go:650.17,651.20 1 1
github.com/goppydae/gollm/internal/session/manager.go:651.20,652.9 1 0
github.com/goppydae/gollm/internal/session/manager.go:654.3,657.10 3 1
github.com/goppydae/gollm/internal/session/manager.go:657.10,658.9 1 0
github.com/goppydae/gollm/internal/session/manager.go:660.3,661.24 2 1
github.com/goppydae/gollm/internal/session/manager.go:661.24,662.9 1 1
github.com/goppydae/gollm/internal/session/manager.go:664.3,664.21 1 1
github.com/goppydae/gollm/internal/session/manager.go:668.2,668.35 1 1
github.com/goppydae/gollm/internal/session/manager.go:668.35,669.28 1 1
github.com/goppydae/gollm/internal/session/manager.go:669.28,673.9 4 1
github.com/goppydae/gollm/internal/session/manager.go:678.2,678.38 1 1
github.com/goppydae/gollm/internal/session/manager.go:678.38,680.3 1 1
github.com/goppydae/gollm/internal/session/manager.go:682.2,682.54 1 1
github.com/goppydae/gollm/internal/session/manager.go:682.54,684.3 1 0
github.com/goppydae/gollm/internal/session/manager.go:686.2,692.18 3 1
github.com/goppydae/gollm/internal/session/manager.go:696.45,703.2 3 0
github.com/goppydae/gollm/internal/session/manager.go:706.81,714.35 5 0
github.com/goppydae/gollm/internal/session/manager.go:714.35,715.28 1 0
github.com/goppydae/gollm/internal/session/manager.go:715.28,718.9 3 0
github.com/goppydae/gollm/internal/session/manager.go:722.2,723.35 2 0
github.com/goppydae/gollm/internal/session/manager.go:723.35,724.17 1 0
github.com/goppydae/gollm/internal/session/manager.go:724.17,726.4 1 0
github.com/goppydae/gollm/internal/session/manager.go:729.2,729.31 1 0
github.com/goppydae/gollm/internal/session/manager.go:729.31,730.28 1 0
github.com/goppydae/gollm/internal/session/manager.go:730.28,732.4 1 0
github.com/goppydae/gollm/internal/session/manager.go:735.2,735.54 1 0
github.com/goppydae/gollm/internal/session/manager.go:735.54,737.3 1 0
github.com/goppydae/gollm/internal/session/manager.go:739.2,743.24 2 0
github.com/goppydae/gollm/internal/session/manager.go:743.24,745.3 1 0
github.com/goppydae/gollm/internal/session/manager.go:747.2,747.18 1 0
github.com/goppydae/gollm/internal/session/manager.go:751.59,753.2 1 0
github.com/goppydae/gollm/internal/session/manager.go:756.43,761.2 4 1
github.com/goppydae/gollm/internal/session/manager.go:764.49,768.2 3 0
github.com/goppydae/gollm/internal/session/manager.go:770.26,772.2 1 1
github.com/goppydae/gollm/internal/session/manager.go:774.25,776.2 1 1
github.com/goppydae/gollm/internal/session/store.go:76.43,78.2 1 1
github.com/goppydae/gollm/internal/session/store.go:82.40,83.24 1 1
github.com/goppydae/gollm/internal/session/store.go:83.24,85.3 1 0
github.com/goppydae/gollm/internal/session/store.go:87.2,91.38 3 1
github.com/goppydae/gollm/internal/session/store.go:91.38,93.3 1 1
github.com/goppydae/gollm/internal/session/store.go:94.2,95.16 2 1
github.com/goppydae/gollm/internal/session/store.go:95.16,96.29 1 1
github.com/goppydae/gollm/internal/session/store.go:96.29,97.57 1 1
github.com/goppydae/gollm/internal/session/store.go:97.57,99.5 1 1
github.com/goppydae/gollm/internal/session/store.go:104.2,104.21 1 1
github.com/goppydae/gollm/internal/session/store.go:104.21,106.17 2 1
github.com/goppydae/gollm/internal/session/store.go:106.17,107.36 1 1
github.com/goppydae/gollm/internal/session/store.go:107.36,108.24 1 1
github.com/goppydae/gollm/internal/session/store.go:108.24,109.14 1 0
github.com/goppydae/gollm/internal/session/store.go:111.5,112.22 2 1
github.com/goppydae/gollm/internal/session/store.go:112.22,113.14 1 1
github.com/goppydae/gollm/internal/session/store.go:117.5,118.42 2 0
github.com/goppydae/gollm/internal/session/store.go:118.42,120.6 1 0
github.com/goppydae/gollm/internal/session/store.go:123.5,124.19 2 0
github.com/goppydae/gollm/internal/session/store.go:124.19,125.34 1 0
github.com/goppydae/gollm/internal/session/store.go:125.34,126.62 1 0
github.com/goppydae/gollm/internal/session/store.go:126.62,128.8 1 0
github.com/goppydae/gollm/internal/session/store.go:135.2,135.10 1 1
github.com/goppydae/gollm/internal/session/store.go:139.59,140.63 1 1
github.com/goppydae/gollm/internal/session/store.go:140.63,142.3 1 0
github.com/goppydae/gollm/internal/session/store.go:144.2,145.16 2 1
github.com/goppydae/gollm/internal/session/store.go:145.16,147.3 1 0
github.com/goppydae/gollm/internal/session/store.go:148.2,148.15 1 1
github.com/goppydae/gollm/internal/session/store.go:148.15,148.32 1 1
github.com/goppydae/gollm/internal/session/store.go:150.2,150.23 1 1
github.com/goppydae/gollm/internal/session/store.go:150.23,152.3 1 1
github.com/goppydae/gollm/internal/session/store.go:154.2,155.38 2 1
github.com/goppydae/gollm/internal/session/store.go:155.38,157.3 1 0
github.com/goppydae/gollm/internal/session/store.go:158.2,158.12 1 1
github.com/goppydae/gollm/internal/session/store.go:163.64,164.63 1 1
github.com/goppydae/gollm/internal/session/store.go:164.63,166.3 1 0
github.com/goppydae/gollm/internal/session/store.go:168.2,169.16 2 1
github.com/goppydae/gollm/internal/session/store.go:169.16,171.3 1 0
github.com/goppydae/gollm/internal/session/store.go:172.2,172.15 1 1
github.com/goppydae/gollm/internal/session/store.go:172.15,172.32 1 1
github.com/goppydae/gollm/internal/session/store.go:174.2,175.28 2 1
github.com/goppydae/gollm/internal/session/store.go:175.28,176.24 1 1
github.com/goppydae/gollm/internal/session/store.go:176.24,178.4 1 0
github.com/goppydae/gollm/internal/session/store.go:179.3,179.39 1 1
github.com/goppydae/gollm/internal/session/store.go:179.39,181.4 1 0
github.com/goppydae/gollm/internal/session/store.go:183.2,183.12 1 1
github.com/goppydae/gollm/internal/session/store.go:188.87,190.41 2 1
github.com/goppydae/gollm/internal/session/store.go:190.41,192.3 1 1
github.com/goppydae/gollm/internal/session/store.go:193.2,202.50 5 1
github.com/goppydae/gollm/internal/session/store.go:206.58,210.49 2 1
github.com/goppydae/gollm/internal/session/store.go:210.49,214.3 3 1
github.com/goppydae/gollm/internal/session/store.go:216.2,216.35 1 1
github.com/goppydae/gollm/internal/session/store.go:220.57,222.16 2 1
github.com/goppydae/gollm/internal/session/store.go:222.16,224.3 1 1
github.com/goppydae/gollm/internal/session/store.go:225.2,225.15 1 1
github.com/goppydae/gollm/internal/session/store.go:225.15,225.32 1 1
github.com/goppydae/gollm/internal/session/store.go:227.2,229.21 3 1
github.com/goppydae/gollm/internal/session/store.go:229.21,231.21 2 1
github.com/goppydae/gollm/internal/session/store.go:231.21,232.12 1 0
github.com/goppydae/gollm/internal/session/store.go:234.3,235.50 2 1
github.com/goppydae/gollm/internal/session/store.go:235.50,237.12 2 0
github.com/goppydae/gollm/internal/session/store.go:242.3,242.19 1 1
github.com/goppydae/gollm/internal/session/store.go:242.19,245.47 3 0
github.com/goppydae/gollm/internal/session/store.go:245.47,247.25 2 0
github.com/goppydae/gollm/internal/session/store.go:247.25,249.6 1 0
github.com/goppydae/gollm/internal/session/store.go:253.3,253.31 1 1
github.com/goppydae/gollm/internal/session/store.go:255.2,255.38 1 1
github.com/goppydae/gollm/internal/session/store.go:255.38,257.3 1 0
github.com/goppydae/gollm/internal/session/store.go:258.2,258.21 1 1
github.com/goppydae/gollm/internal/session/store.go:262.51,264.2 1 1
github.com/goppydae/gollm/internal/session/store.go:267.65,270.16 3 0
github.com/goppydae/gollm/internal/session/store.go:270.16,272.3 1 0
github.com/goppydae/gollm/internal/session/store.go:274.2,275.28 2 0
github.com/goppydae/gollm/internal/session/store.go:275.28,276.17 1 0
github.com/goppydae/gollm/internal/session/store.go:277.20,279.71 2 0
github.com/goppydae/gollm/internal/session/store.go:279.71,282.5 2 0
github.com/goppydae/gollm/internal/session/store.go:283.24,284.20 1 0
github.com/goppydae/gollm/internal/session/store.go:284.20,286.5 1 0
github.com/goppydae/gollm/internal/session/store.go:287.20,288.50 1 0
github.com/goppydae/gollm/internal/session/store.go:288.50,290.5 1 0
github.com/goppydae/gollm/internal/session/store.go:291.4,291.71 1 0
github.com/goppydae/gollm/internal/session/store.go:291.71,293.5 1 0
github.com/goppydae/gollm/internal/session/store.go:297.2,297.17 1 0
github.com/goppydae/gollm/internal/session/store.go:302.42,304.16 2 1
github.com/goppydae/gollm/internal/session/store.go:304.16,305.25 1 0
github.com/goppydae/gollm/internal/session/store.go:305.25,307.4 1 0
github.com/goppydae/gollm/internal/session/store.go:308.3,308.18 1 0
github.com/goppydae/gollm/internal/session/store.go:311.2,317.28 3 1
github.com/goppydae/gollm/internal/session/store.go:317.28,318.55 1 1
github.com/goppydae/gollm/internal/session/store.go:318.55,320.18 2 1
github.com/goppydae/gollm/internal/session/store.go:320.18,321.13 1 0
github.com/goppydae/gollm/internal/session/store.go:326.4,327.46 2 1
github.com/goppydae/gollm/internal/session/store.go:327.46,329.5 1 1
github.com/goppydae/gollm/internal/session/store.go:330.4,333.6 1 1
github.com/goppydae/gollm/internal/session/store.go:338.2,338.40 1 1
github.com/goppydae/gollm/internal/session/store.go:338.40,340.3 1 1
github.com/goppydae/gollm/internal/session/store.go:342.2,343.29 2 1
github.com/goppydae/gollm/internal/session/store.go:343.29,345.3 1 1
github.com/goppydae/gollm/internal/session/store.go:346.2,346.17 1 1
github.com/goppydae/gollm/internal/session/tree.go:45.85,50.26 4 1
github.com/goppydae/gollm/internal/session/tree.go:50.26,52.17 2 0
github.com/goppydae/gollm/internal/session/tree.go:52.17,53.30 1 0
github.com/goppydae/gollm/internal/session/tree.go:53.30,54.18 1 0
github.com/goppydae/gollm/internal/session/tree.go:54.18,56.6 1 0
github.com/goppydae/gollm/internal/session/tree.go:60.2,60.27 1 1
github.com/goppydae/gollm/internal/session/tree.go:60.27,62.3 1 1
github.com/goppydae/gollm/internal/session/tree.go:64.2,66.35 2 1
github.com/goppydae/gollm/internal/session/tree.go:66.35,69.17 3 1
github.com/goppydae/gollm/internal/session/tree.go:69.17,70.12 1 0
github.com/goppydae/gollm/internal/session/tree.go:73.3,73.30 1 1
github.com/goppydae/gollm/internal/session/tree.go:73.30,75.18 2 1
github.com/goppydae/gollm/internal/session/tree.go:75.18,76.13 1 0
github.com/goppydae/gollm/internal/session/tree.go:79.4,79.30 1 1
github.com/goppydae/gollm/internal/session/tree.go:79.30,80.19 1 1
github.com/goppydae/gollm/internal/session/tree.go:80.19,81.14 1 0
github.com/goppydae/gollm/internal/session/tree.go:84.5,86.12 3 1
github.com/goppydae/gollm/internal/session/tree.go:86.12,92.6 2 1
github.com/goppydae/gollm/internal/session/tree.go:94.5,94.72 1 1
github.com/goppydae/gollm/internal/session/tree.go:94.72,95.61 1 1
github.com/goppydae/gollm/internal/session/tree.go:95.61,97.7 1 1
github.com/goppydae/gollm/internal/session/tree.go:98.6,98.33 1 1
github.com/goppydae/gollm/internal/session/tree.go:98.33,100.7 1 1
github.com/goppydae/gollm/internal/session/tree.go:103.5,103.19 1 1
github.com/goppydae/gollm/internal/session/tree.go:104.22,105.25 1 1
github.com/goppydae/gollm/internal/session/tree.go:105.25,107.7 1 1
github.com/goppydae/gollm/internal/session/tree.go:108.6,109.32 2 1
github.com/goppydae/gollm/internal/session/tree.go:109.32,111.7 1 1
github.com/goppydae/gollm/internal/session/tree.go:113.6,113.61 1 1
github.com/goppydae/gollm/internal/session/tree.go:114.26,117.27 3 0
github.com/goppydae/gollm/internal/session/tree.go:118.22,119.26 1 1
github.com/goppydae/gollm/internal/session/tree.go:119.26,122.34 3 1
github.com/goppydae/gollm/internal/session/tree.go:122.34,124.8 1 1
github.com/goppydae/gollm/internal/session/tree.go:126.26,130.47 4 0
github.com/goppydae/gollm/internal/session/tree.go:131.34,133.36 2 0
github.com/goppydae/gollm/internal/session/tree.go:134.25,136.30 2 0
github.com/goppydae/gollm/internal/session/tree.go:137.28,139.30 2 0
github.com/goppydae/gollm/internal/session/tree.go:140.20,142.28 2 0
github.com/goppydae/gollm/internal/session/tree.go:149.2,150.29 2 1
github.com/goppydae/gollm/internal/session/tree.go:150.29,151.19 1 1
github.com/goppydae/gollm/internal/session/tree.go:151.19,153.4 1 1
github.com/goppydae/gollm/internal/session/tree.go:157.2,158.25 2 1
github.com/goppydae/gollm/internal/session/tree.go:158.25,160.3 1 1
github.com/goppydae/gollm/internal/session/tree.go:162.2,163.26 2 1
github.com/goppydae/gollm/internal/session/tree.go:163.26,164.24 1 1
github.com/goppydae/gollm/internal/session/tree.go:164.24,167.28 3 1
github.com/goppydae/gollm/internal/session/tree.go:167.28,169.5 1 0
github.com/goppydae/gollm/internal/session/tree.go:170.4,170.10 1 1
github.com/goppydae/gollm/internal/session/tree.go:170.10,172.13 2 1
github.com/goppydae/gollm/internal/session/tree.go:175.3,175.27 1 1
github.com/goppydae/gollm/internal/session/tree.go:179.2,179.46 1 1
github.com/goppydae/gollm/internal/session/tree.go:179.46,181.18 2 1
github.com/goppydae/gollm/internal/session/tree.go:181.18,183.4 1 1
github.com/goppydae/gollm/internal/session/tree.go:183.9,185.4 1 0
github.com/goppydae/gollm/internal/session/tree.go:189.2,190.32 2 1
github.com/goppydae/gollm/internal/session/tree.go:190.32,192.3 1 0
github.com/goppydae/gollm/internal/session/tree.go:193.2,193.21 1 1
github.com/goppydae/gollm/internal/session/tree.go:193.21,195.3 1 1
github.com/goppydae/gollm/internal/session/tree.go:198.2,198.40 1 1
github.com/goppydae/gollm/internal/session/tree.go:198.40,200.3 1 0
github.com/goppydae/gollm/internal/session/tree.go:203.2,203.25 1 1
github.com/goppydae/gollm/internal/session/tree.go:203.25,204.46 1 1
github.com/goppydae/gollm/internal/session/tree.go:204.46,206.4 1 1
github.com/goppydae/gollm/internal/session/tree.go:209.2,209.19 1 1
github.com/goppydae/gollm/internal/session/tree.go:212.95,216.17 4 1
github.com/goppydae/gollm/internal/session/tree.go:216.17,218.22 2 1
github.com/goppydae/gollm/internal/session/tree.go:218.22,219.9 1 0
github.com/goppydae/gollm/internal/session/tree.go:221.3,224.30 3 1
github.com/goppydae/gollm/internal/session/tree.go:224.30,226.4 1 0
github.com/goppydae/gollm/internal/session/tree.go:228.3,228.10 1 1
github.com/goppydae/gollm/internal/session/tree.go:228.10,229.9 1 0
github.com/goppydae/gollm/internal/session/tree.go:231.3,232.24 2 1
github.com/goppydae/gollm/internal/session/tree.go:232.24,234.4 1 0
github.com/goppydae/gollm/internal/session/tree.go:234.9,236.4 1 1
github.com/goppydae/gollm/internal/session/tree.go:238.2,238.13 1 1
github.com/goppydae/gollm/internal/session/tree.go:258.48,264.93 4 1
github.com/goppydae/gollm/internal/session/tree.go:264.93,284.23 6 1
github.com/goppydae/gollm/internal/session/tree.go:284.23,286.4 1 1
github.com/goppydae/gollm/internal/session/tree.go:286.9,286.40 1 1
github.com/goppydae/gollm/internal/session/tree.go:286.40,288.4 1 1
github.com/goppydae/gollm/internal/session/tree.go:290.3,290.34 1 1
github.com/goppydae/gollm/internal/session/tree.go:290.34,295.24 3 1
github.com/goppydae/gollm/internal/session/tree.go:295.24,298.5 2 0
github.com/goppydae/gollm/internal/session/tree.go:301.4,301.21 1 1
github.com/goppydae/gollm/internal/session/tree.go:301.21,305.17 2 1
github.com/goppydae/gollm/internal/session/tree.go:305.17,307.6 1 1
github.com/goppydae/gollm/internal/session/tree.go:310.4,310.73 1 1
github.com/goppydae/gollm/internal/session/tree.go:314.2,314.29 1 1
github.com/goppydae/gollm/internal/session/tree.go:314.29,316.20 2 1
github.com/goppydae/gollm/internal/session/tree.go:316.20,318.4 1 0
github.com/goppydae/gollm/internal/session/tree.go:320.3,321.40 2 1
github.com/goppydae/gollm/internal/session/tree.go:321.40,323.4 1 0
github.com/goppydae/gollm/internal/session/tree.go:325.3,325.71 1 1
github.com/goppydae/gollm/internal/session/tree.go:328.2,328.15 1 1
github.com/goppydae/gollm/internal/session/tree.go:333.61,336.58 3 1
github.com/goppydae/gollm/internal/session/tree.go:336.58,337.27 1 1
github.com/goppydae/gollm/internal/session/tree.go:337.27,341.14 4 1
github.com/goppydae/gollm/internal/session/tree.go:341.14,344.5 2 1
github.com/goppydae/gollm/internal/session/tree.go:345.4,346.25 2 1
github.com/goppydae/gollm/internal/session/tree.go:346.25,348.5 1 1
github.com/goppydae/gollm/internal/session/tree.go:349.4,350.20 2 1
github.com/goppydae/gollm/internal/session/tree.go:350.20,352.5 1 1
github.com/goppydae/gollm/internal/session/tree.go:353.4,363.27 11 1
github.com/goppydae/gollm/internal/session/tree.go:363.27,365.5 1 1
github.com/goppydae/gollm/internal/session/tree.go:368.2,369.45 2 1
github.com/goppydae/gollm/internal/session/tree.go:372.35,373.12 1 1
github.com/goppydae/gollm/internal/session/tree.go:373.12,375.3 1 1
github.com/goppydae/gollm/internal/session/tree.go:376.2,377.29 2 1
github.com/goppydae/gollm/internal/session/tree.go:377.29,379.3 1 1
github.com/goppydae/gollm/internal/session/tree.go:380.2,380.12 1 1
github.com/goppydae/gollm/internal/session/tree.go:380.12,382.3 1 0
github.com/goppydae/gollm/internal/session/tree.go:383.2,383.20 1 1
