mode: set
github.com/goppydae/gollm/internal/events/bus.go:45.38,45.57 1 1
github.com/goppydae/gollm/internal/events/bus.go:50.45,50.76 1 1
github.com/goppydae/gollm/internal/events/bus.go:53.30,57.2 1 1
github.com/goppydae/gollm/internal/events/bus.go:63.39,67.14 3 1
github.com/goppydae/gollm/internal/events/bus.go:67.14,69.3 1 1
github.com/goppydae/gollm/internal/events/bus.go:71.2,71.36 1 1
github.com/goppydae/gollm/internal/events/bus.go:71.36,72.10 1 1
github.com/goppydae/gollm/internal/events/bus.go:73.24,73.24 0 1
github.com/goppydae/gollm/internal/events/bus.go:74.11,76.22 1 1
github.com/goppydae/gollm/internal/events/bus.go:83.56,94.12 6 1
github.com/goppydae/gollm/internal/events/bus.go:94.12,95.26 1 1
github.com/goppydae/gollm/internal/events/bus.go:95.26,97.4 1 1
github.com/goppydae/gollm/internal/events/bus.go:100.2,100.18 1 1
github.com/goppydae/gollm/internal/events/bus.go:100.18,103.50 3 1
github.com/goppydae/gollm/internal/events/bus.go:103.50,107.4 3 1
github.com/goppydae/gollm/internal/events/bus.go:109.2,109.52 1 1
github.com/goppydae/gollm/internal/events/bus.go:113.28,117.37 4 1
github.com/goppydae/gollm/internal/events/bus.go:117.37,118.18 1 1
github.com/goppydae/gollm/internal/events/bus.go:118.18,121.4 2 1
github.com/goppydae/gollm/internal/events/bus.go:122.3,122.28 1 1
github.com/goppydae/gollm/internal/prompts/prompts.go:22.29,27.67 3 0
github.com/goppydae/gollm/internal/prompts/prompts.go:27.67,29.3 1 0
github.com/goppydae/gollm/internal/prompts/prompts.go:30.2,31.13 2 0
github.com/goppydae/gollm/internal/prompts/prompts.go:36.50,38.28 2 0
github.com/goppydae/gollm/internal/prompts/prompts.go:38.28,39.80 1 0
github.com/goppydae/gollm/internal/prompts/prompts.go:39.80,40.18 1 0
github.com/goppydae/gollm/internal/prompts/prompts.go:40.18,42.5 1 0
github.com/goppydae/gollm/internal/prompts/prompts.go:43.4,43.69 1 0
github.com/goppydae/gollm/internal/prompts/prompts.go:43.69,45.5 1 0
github.com/goppydae/gollm/internal/prompts/prompts.go:46.4,47.18 2 0
github.com/goppydae/gollm/internal/prompts/prompts.go:47.18,49.5 1 0
github.com/goppydae/gollm/internal/prompts/prompts.go:50.4,51.14 2 0
github.com/goppydae/gollm/internal/prompts/prompts.go:54.2,54.17 1 0
github.com/goppydae/gollm/internal/prompts/prompts.go:58.41,60.16 2 0
github.com/goppydae/gollm/internal/prompts/prompts.go:60.16,62.3 1 0
github.com/goppydae/gollm/internal/prompts/prompts.go:63.2,63.39 1 0
github.com/goppydae/gollm/internal/prompts/prompts.go:70.47,75.67 3 1
github.com/goppydae/gollm/internal/prompts/prompts.go:75.67,77.3 1 1
github.com/goppydae/gollm/internal/prompts/prompts.go:79.2,79.29 1 1
github.com/goppydae/gollm/internal/prompts/prompts.go:79.29,81.21 2 1
github.com/goppydae/gollm/internal/prompts/prompts.go:81.21,83.4 1 1
github.com/goppydae/gollm/internal/prompts/prompts.go:85.3,87.69 3 1
github.com/goppydae/gollm/internal/prompts/prompts.go:89.2,89.34 1 1
github.com/goppydae/gollm/internal/prompts/prompts.go:92.42,95.40 2 0
github.com/goppydae/gollm/internal/prompts/prompts.go:95.40,98.3 2 0
github.com/goppydae/gollm/internal/prompts/prompts.go:100.2,102.34 3 0
github.com/goppydae/gollm/internal/prompts/prompts.go:102.34,103.43 1 0
github.com/goppydae/gollm/internal/prompts/prompts.go:103.43,105.9 2 0
github.com/goppydae/gollm/internal/prompts/prompts.go:108.2,108.13 1 0
github.com/goppydae/gollm/internal/prompts/prompts.go:108.13,111.3 2 0
github.com/goppydae/gollm/internal/prompts/prompts.go:113.2,113.36 1 0
github.com/goppydae/gollm/internal/prompts/prompts.go:113.36,115.14 2 0
github.com/goppydae/gollm/internal/prompts/prompts.go:115.14,116.12 1 0
github.com/goppydae/gollm/internal/prompts/prompts.go:118.3,120.12 3 0
github.com/goppydae/gollm/internal/prompts/prompts.go:121.22,122.21 1 0
github.com/goppydae/gollm/internal/prompts/prompts.go:123.24,124.22 1 0
github.com/goppydae/gollm/internal/prompts/prompts.go:128.2,129.10 2 0
github.com/goppydae/gollm/internal/config/config.go:84.30,103.60 11 1
github.com/goppydae/gollm/internal/config/config.go:103.60,105.3 1 1
github.com/goppydae/gollm/internal/config/config.go:105.8,107.3 1 0
github.com/goppydae/gollm/internal/config/config.go:109.2,109.42 1 1
github.com/goppydae/gollm/internal/config/config.go:109.42,110.34 1 0
github.com/goppydae/gollm/internal/config/config.go:110.34,112.4 1 0
github.com/goppydae/gollm/internal/config/config.go:115.2,116.42 2 1
github.com/goppydae/gollm/internal/config/config.go:116.42,118.3 1 0
github.com/goppydae/gollm/internal/config/config.go:122.2,122.56 1 1
github.com/goppydae/gollm/internal/config/config.go:122.56,124.3 1 0
github.com/goppydae/gollm/internal/config/config.go:125.2,125.53 1 1
github.com/goppydae/gollm/internal/config/config.go:125.53,127.3 1 0
github.com/goppydae/gollm/internal/config/config.go:128.2,128.53 1 1
github.com/goppydae/gollm/internal/config/config.go:128.53,130.3 1 0
github.com/goppydae/gollm/internal/config/config.go:132.2,133.35 2 1
github.com/goppydae/gollm/internal/config/config.go:133.35,135.3 1 0
github.com/goppydae/gollm/internal/config/config.go:136.2,136.35 1 1
github.com/goppydae/gollm/internal/config/config.go:136.35,138.3 1 0
github.com/goppydae/gollm/internal/config/config.go:139.2,139.44 1 1
github.com/goppydae/gollm/internal/config/config.go:139.44,141.3 1 0
github.com/goppydae/gollm/internal/config/config.go:143.2,143.39 1 1
github.com/goppydae/gollm/internal/config/config.go:143.39,145.3 1 0
github.com/goppydae/gollm/internal/config/config.go:147.2,147.18 1 1
github.com/goppydae/gollm/internal/config/config.go:151.32,153.16 2 1
github.com/goppydae/gollm/internal/config/config.go:153.16,155.3 1 0
github.com/goppydae/gollm/internal/config/config.go:156.2,156.6 1 1
github.com/goppydae/gollm/internal/config/config.go:156.6,158.61 2 1
github.com/goppydae/gollm/internal/config/config.go:158.61,160.4 1 1
github.com/goppydae/gollm/internal/config/config.go:161.3,162.21 2 1
github.com/goppydae/gollm/internal/config/config.go:162.21,163.9 1 0
github.com/goppydae/gollm/internal/config/config.go:165.3,165.16 1 1
github.com/goppydae/gollm/internal/config/config.go:167.2,167.11 1 0
github.com/goppydae/gollm/internal/config/config.go:170.34,171.32 1 1
github.com/goppydae/gollm/internal/config/config.go:171.32,172.48 1 1
github.com/goppydae/gollm/internal/config/config.go:172.48,174.4 1 1
github.com/goppydae/gollm/internal/config/config.go:175.8,175.21 1 1
github.com/goppydae/gollm/internal/config/config.go:175.21,176.48 1 1
github.com/goppydae/gollm/internal/config/config.go:176.48,178.4 1 1
github.com/goppydae/gollm/internal/config/config.go:180.2,180.10 1 1
github.com/goppydae/gollm/internal/config/config.go:184.35,186.37 2 1
github.com/goppydae/gollm/internal/config/config.go:186.37,188.3 1 1
github.com/goppydae/gollm/internal/config/config.go:189.2,189.36 1 1
github.com/goppydae/gollm/internal/config/config.go:189.36,191.3 1 1
github.com/goppydae/gollm/internal/config/config.go:192.2,192.39 1 1
github.com/goppydae/gollm/internal/config/config.go:192.39,194.3 1 0
github.com/goppydae/gollm/internal/config/config.go:195.2,195.12 1 1
github.com/goppydae/gollm/internal/config/config.go:199.30,213.2 2 1
github.com/goppydae/gollm/internal/config/config.go:215.34,231.2 15 1
github.com/goppydae/gollm/internal/config/factory.go:13.55,14.22 1 1
github.com/goppydae/gollm/internal/config/factory.go:15.16,16.29 1 1
github.com/goppydae/gollm/internal/config/factory.go:16.29,18.4 1 1
github.com/goppydae/gollm/internal/config/factory.go:19.3,19.91 1 1
github.com/goppydae/gollm/internal/config/factory.go:20.19,21.32 1 1
github.com/goppydae/gollm/internal/config/factory.go:21.32,23.4 1 1
github.com/goppydae/gollm/internal/config/factory.go:24.3,24.111 1 1
github.com/goppydae/gollm/internal/config/factory.go:25.16,26.29 1 1
github.com/goppydae/gollm/internal/config/factory.go:26.29,28.4 1 1
github.com/goppydae/gollm/internal/config/factory.go:29.3,29.65 1 1
github.com/goppydae/gollm/internal/config/factory.go:30.18,31.59 1 1
github.com/goppydae/gollm/internal/config/factory.go:32.10,33.66 1 1
github.com/goppydae/gollm/internal/config/factory.go:43.57,44.23 1 1
github.com/goppydae/gollm/internal/config/factory.go:44.23,46.3 1 1
github.com/goppydae/gollm/internal/config/factory.go:48.2,58.31 2 1
github.com/goppydae/gollm/internal/config/factory.go:58.31,60.38 2 1
github.com/goppydae/gollm/internal/config/factory.go:60.38,62.4 1 1
github.com/goppydae/gollm/internal/config/factory.go:63.3,64.30 2 1
github.com/goppydae/gollm/internal/config/factory.go:64.30,65.25 1 1
github.com/goppydae/gollm/internal/config/factory.go:65.25,67.5 1 1
github.com/goppydae/gollm/internal/config/factory.go:69.3,69.11 1 1
github.com/goppydae/gollm/internal/config/factory.go:72.2,73.29 2 1
github.com/goppydae/gollm/internal/config/factory.go:73.29,75.3 1 1
github.com/goppydae/gollm/internal/config/factory.go:76.2,76.10 1 1
github.com/goppydae/gollm/internal/grpcserver/server.go:17.138,19.2 1 1
github.com/goppydae/gollm/internal/llm/anthropic.go:45.68,46.17 1 1
github.com/goppydae/gollm/internal/llm/anthropic.go:46.17,48.3 1 0
github.com/goppydae/gollm/internal/llm/anthropic.go:49.2,56.3 1 1
github.com/goppydae/gollm/internal/llm/anthropic.go:60.73,62.13 2 0
github.com/goppydae/gollm/internal/llm/anthropic.go:62.13,64.3 1 0
github.com/goppydae/gollm/internal/llm/anthropic.go:65.2,65.12 1 0
github.com/goppydae/gollm/internal/llm/anthropic.go:70.70,74.2 3 1
github.com/goppydae/gollm/internal/llm/anthropic.go:76.49,85.2 1 0
github.com/goppydae/gollm/internal/llm/anthropic.go:87.104,89.12 2 1
github.com/goppydae/gollm/internal/llm/anthropic.go:89.12,91.48 2 1
github.com/goppydae/gollm/internal/llm/anthropic.go:91.48,92.11 1 1
github.com/goppydae/gollm/internal/llm/anthropic.go:93.52,93.52 0 1
github.com/goppydae/gollm/internal/llm/anthropic.go:94.22,94.22 0 0
github.com/goppydae/gollm/internal/llm/anthropic.go:98.2,98.16 1 1
github.com/goppydae/gollm/internal/llm/anthropic.go:101.105,110.23 3 1
github.com/goppydae/gollm/internal/llm/anthropic.go:110.23,112.3 1 0
github.com/goppydae/gollm/internal/llm/anthropic.go:113.2,113.22 1 1
github.com/goppydae/gollm/internal/llm/anthropic.go:113.22,115.3 1 0
github.com/goppydae/gollm/internal/llm/anthropic.go:116.2,116.25 1 1
github.com/goppydae/gollm/internal/llm/anthropic.go:116.25,118.3 1 0
github.com/goppydae/gollm/internal/llm/anthropic.go:118.8,118.23 1 1
github.com/goppydae/gollm/internal/llm/anthropic.go:118.23,120.3 1 1
github.com/goppydae/gollm/internal/llm/anthropic.go:121.2,121.24 1 1
github.com/goppydae/gollm/internal/llm/anthropic.go:121.24,123.31 2 0
github.com/goppydae/gollm/internal/llm/anthropic.go:123.31,129.4 1 0
github.com/goppydae/gollm/internal/llm/anthropic.go:130.3,130.24 1 0
github.com/goppydae/gollm/internal/llm/anthropic.go:133.2,133.80 1 1
github.com/goppydae/gollm/internal/llm/anthropic.go:133.80,135.41 2 0
github.com/goppydae/gollm/internal/llm/anthropic.go:135.41,137.4 1 0
github.com/goppydae/gollm/internal/llm/anthropic.go:138.3,142.53 2 0
github.com/goppydae/gollm/internal/llm/anthropic.go:145.2,146.16 2 1
github.com/goppydae/gollm/internal/llm/anthropic.go:146.16,148.3 1 0
github.com/goppydae/gollm/internal/llm/anthropic.go:150.2,151.16 2 1
github.com/goppydae/gollm/internal/llm/anthropic.go:151.16,153.3 1 0
github.com/goppydae/gollm/internal/llm/anthropic.go:154.2,155.16 2 1
github.com/goppydae/gollm/internal/llm/anthropic.go:155.16,157.3 1 0
github.com/goppydae/gollm/internal/llm/anthropic.go:158.2,173.71 7 1
github.com/goppydae/gollm/internal/llm/anthropic.go:173.71,174.41 1 1
github.com/goppydae/gollm/internal/llm/anthropic.go:174.41,176.4 1 1
github.com/goppydae/gollm/internal/llm/anthropic.go:177.3,199.58 3 1
github.com/goppydae/gollm/internal/llm/anthropic.go:199.58,201.4 1 1
github.com/goppydae/gollm/internal/llm/anthropic.go:203.3,203.18 1 1
github.com/goppydae/gollm/internal/llm/anthropic.go:204.30,205.30 1 1
github.com/goppydae/gollm/internal/llm/anthropic.go:205.30,207.5 1 0
github.com/goppydae/gollm/internal/llm/anthropic.go:208.4,209.32 2 1
github.com/goppydae/gollm/internal/llm/anthropic.go:209.32,211.5 1 0
github.com/goppydae/gollm/internal/llm/anthropic.go:212.4,212.34 1 1
github.com/goppydae/gollm/internal/llm/anthropic.go:212.34,214.5 1 0
github.com/goppydae/gollm/internal/llm/anthropic.go:215.4,215.24 1 1
github.com/goppydae/gollm/internal/llm/anthropic.go:217.30,219.11 2 1
github.com/goppydae/gollm/internal/llm/anthropic.go:219.11,221.5 1 0
github.com/goppydae/gollm/internal/llm/anthropic.go:222.4,228.59 2 1
github.com/goppydae/gollm/internal/llm/anthropic.go:228.59,230.5 1 0
github.com/goppydae/gollm/internal/llm/anthropic.go:231.4,231.22 1 1
github.com/goppydae/gollm/internal/llm/anthropic.go:232.22,233.60 1 1
github.com/goppydae/gollm/internal/llm/anthropic.go:234.28,235.42 1 0
github.com/goppydae/gollm/internal/llm/anthropic.go:236.26,237.72 1 0
github.com/goppydae/gollm/internal/llm/anthropic.go:240.24,246.73 2 0
github.com/goppydae/gollm/internal/llm/anthropic.go:246.73,253.5 1 0
github.com/goppydae/gollm/internal/llm/anthropic.go:255.3,255.13 1 1
github.com/goppydae/gollm/internal/llm/anthropic.go:258.2,258.16 1 1
github.com/goppydae/gollm/internal/llm/anthropic.go:258.16,260.3 1 1
github.com/goppydae/gollm/internal/llm/anthropic.go:263.2,263.29 1 1
github.com/goppydae/gollm/internal/llm/anthropic.go:263.29,264.32 1 1
github.com/goppydae/gollm/internal/llm/anthropic.go:264.32,274.4 1 0
github.com/goppydae/gollm/internal/llm/anthropic.go:277.2,277.12 1 1
github.com/goppydae/gollm/internal/llm/anthropic.go:282.77,285.24 3 1
github.com/goppydae/gollm/internal/llm/anthropic.go:285.24,287.17 2 1
github.com/goppydae/gollm/internal/llm/anthropic.go:288.15,293.7 2 1
github.com/goppydae/gollm/internal/llm/anthropic.go:294.20,296.23 2 0
github.com/goppydae/gollm/internal/llm/anthropic.go:296.23,301.5 1 0
github.com/goppydae/gollm/internal/llm/anthropic.go:302.4,302.35 1 0
github.com/goppydae/gollm/internal/llm/anthropic.go:302.35,304.25 2 0
github.com/goppydae/gollm/internal/llm/anthropic.go:304.25,305.60 1 0
github.com/goppydae/gollm/internal/llm/anthropic.go:305.60,308.7 1 0
github.com/goppydae/gollm/internal/llm/anthropic.go:310.5,315.7 1 0
github.com/goppydae/gollm/internal/llm/anthropic.go:317.4,321.7 2 0
github.com/goppydae/gollm/internal/llm/anthropic.go:322.15,325.56 2 0
github.com/goppydae/gollm/internal/llm/anthropic.go:325.56,333.5 3 0
github.com/goppydae/gollm/internal/llm/anthropic.go:334.4,337.6 1 0
github.com/goppydae/gollm/internal/llm/anthropic.go:338.18,344.7 2 0
github.com/goppydae/gollm/internal/llm/anthropic.go:345.11,346.7 1 0
github.com/goppydae/gollm/internal/llm/anthropic.go:349.2,349.12 1 1
github.com/goppydae/gollm/internal/llm/anthropic.go:352.60,354.16 2 0
github.com/goppydae/gollm/internal/llm/anthropic.go:354.16,356.3 1 0
github.com/goppydae/gollm/internal/llm/anthropic.go:357.2,359.16 3 0
github.com/goppydae/gollm/internal/llm/anthropic.go:359.16,361.3 1 0
github.com/goppydae/gollm/internal/llm/anthropic.go:362.2,366.16 4 0
github.com/goppydae/gollm/internal/llm/anthropic.go:366.16,368.3 1 0
github.com/goppydae/gollm/internal/llm/anthropic.go:369.2,369.15 1 0
github.com/goppydae/gollm/internal/llm/anthropic.go:369.15,369.40 1 0
github.com/goppydae/gollm/internal/llm/anthropic.go:371.2,371.38 1 0
github.com/goppydae/gollm/internal/llm/anthropic.go:371.38,375.3 3 0
github.com/goppydae/gollm/internal/llm/anthropic.go:377.2,382.65 2 0
github.com/goppydae/gollm/internal/llm/anthropic.go:382.65,384.3 1 0
github.com/goppydae/gollm/internal/llm/anthropic.go:386.2,387.30 2 0
github.com/goppydae/gollm/internal/llm/anthropic.go:387.30,389.3 1 0
github.com/goppydae/gollm/internal/llm/anthropic.go:390.2,390.19 1 0
github.com/goppydae/gollm/internal/llm/google.go:25.62,34.2 1 1
github.com/goppydae/gollm/internal/llm/google.go:37.66,40.2 2 1
github.com/goppydae/gollm/internal/llm/google.go:42.46,51.2 1 0
github.com/goppydae/gollm/internal/llm/google.go:53.101,55.12 2 1
github.com/goppydae/gollm/internal/llm/google.go:55.12,57.48 2 1
github.com/goppydae/gollm/internal/llm/google.go:57.48,58.11 1 0
github.com/goppydae/gollm/internal/llm/google.go:59.52,59.52 0 0
github.com/goppydae/gollm/internal/llm/google.go:60.22,60.22 0 0
github.com/goppydae/gollm/internal/llm/google.go:64.2,64.16 1 1
github.com/goppydae/gollm/internal/llm/google.go:67.102,72.16 4 1
github.com/goppydae/gollm/internal/llm/google.go:72.16,74.3 1 0
github.com/goppydae/gollm/internal/llm/google.go:76.2,77.16 2 1
github.com/goppydae/gollm/internal/llm/google.go:77.16,79.3 1 0
github.com/goppydae/gollm/internal/llm/google.go:80.2,84.16 4 1
github.com/goppydae/gollm/internal/llm/google.go:84.16,86.3 1 0
github.com/goppydae/gollm/internal/llm/google.go:87.2,87.15 1 1
github.com/goppydae/gollm/internal/llm/google.go:87.15,87.40 1 1
github.com/goppydae/gollm/internal/llm/google.go:89.2,89.38 1 1
github.com/goppydae/gollm/internal/llm/google.go:89.38,93.3 3 0
github.com/goppydae/gollm/internal/llm/google.go:95.2,112.16 5 1
github.com/goppydae/gollm/internal/llm/google.go:112.16,114.3 1 0
github.com/goppydae/gollm/internal/llm/google.go:115.2,115.26 1 1
github.com/goppydae/gollm/internal/llm/google.go:115.26,117.3 1 0
github.com/goppydae/gollm/internal/llm/google.go:119.2,119.17 1 1
github.com/goppydae/gollm/internal/llm/google.go:119.17,141.44 2 1
github.com/goppydae/gollm/internal/llm/google.go:141.44,143.4 1 0
github.com/goppydae/gollm/internal/llm/google.go:145.3,145.32 1 1
github.com/goppydae/gollm/internal/llm/google.go:145.32,147.44 2 1
github.com/goppydae/gollm/internal/llm/google.go:147.44,148.24 1 1
github.com/goppydae/gollm/internal/llm/google.go:148.24,150.6 1 1
github.com/goppydae/gollm/internal/llm/google.go:151.5,151.25 1 1
github.com/goppydae/gollm/internal/llm/google.go:151.25,161.6 1 0
github.com/goppydae/gollm/internal/llm/google.go:165.3,165.33 1 1
github.com/goppydae/gollm/internal/llm/google.go:165.33,174.4 1 0
github.com/goppydae/gollm/internal/llm/google.go:177.2,177.12 1 1
github.com/goppydae/gollm/internal/llm/google.go:180.80,182.33 2 1
github.com/goppydae/gollm/internal/llm/google.go:182.33,184.23 2 1
github.com/goppydae/gollm/internal/llm/google.go:184.23,193.4 1 0
github.com/goppydae/gollm/internal/llm/google.go:193.9,193.59 1 1
github.com/goppydae/gollm/internal/llm/google.go:193.59,194.35 1 0
github.com/goppydae/gollm/internal/llm/google.go:194.35,201.5 1 0
github.com/goppydae/gollm/internal/llm/google.go:202.9,204.4 1 1
github.com/goppydae/gollm/internal/llm/google.go:206.3,207.26 2 1
github.com/goppydae/gollm/internal/llm/google.go:207.26,209.4 1 0
github.com/goppydae/gollm/internal/llm/google.go:209.9,209.30 1 1
github.com/goppydae/gollm/internal/llm/google.go:209.30,211.12 1 0
github.com/goppydae/gollm/internal/llm/google.go:212.9,212.31 1 1
github.com/goppydae/gollm/internal/llm/google.go:212.31,216.4 2 0
github.com/goppydae/gollm/internal/llm/google.go:218.3,221.5 1 1
github.com/goppydae/gollm/internal/llm/google.go:224.2,228.22 2 1
github.com/goppydae/gollm/internal/llm/google.go:228.22,234.3 1 0
github.com/goppydae/gollm/internal/llm/google.go:236.2,236.24 1 1
github.com/goppydae/gollm/internal/llm/google.go:236.24,239.31 3 0
github.com/goppydae/gollm/internal/llm/google.go:239.31,245.4 1 0
github.com/goppydae/gollm/internal/llm/google.go:246.3,249.24 2 0
github.com/goppydae/gollm/internal/llm/google.go:252.2,253.31 2 1
github.com/goppydae/gollm/internal/llm/google.go:253.31,255.3 1 0
github.com/goppydae/gollm/internal/llm/google.go:256.2,256.33 1 1
github.com/goppydae/gollm/internal/llm/google.go:256.33,258.3 1 0
github.com/goppydae/gollm/internal/llm/google.go:259.2,259.21 1 1
github.com/goppydae/gollm/internal/llm/google.go:259.21,261.3 1 0
github.com/goppydae/gollm/internal/llm/google.go:263.2,263.13 1 1
github.com/goppydae/gollm/internal/llm/google.go:266.57,269.16 3 0
github.com/goppydae/gollm/internal/llm/google.go:269.16,271.3 1 0
github.com/goppydae/gollm/internal/llm/google.go:272.2,274.16 3 0
github.com/goppydae/gollm/internal/llm/google.go:274.16,276.3 1 0
github.com/goppydae/gollm/internal/llm/google.go:277.2,277.15 1 0
github.com/goppydae/gollm/internal/llm/google.go:277.15,277.40 1 0
github.com/goppydae/gollm/internal/llm/google.go:279.2,279.38 1 0
github.com/goppydae/gollm/internal/llm/google.go:279.38,283.3 3 0
github.com/goppydae/gollm/internal/llm/google.go:285.2,290.65 2 0
github.com/goppydae/gollm/internal/llm/google.go:290.65,292.3 1 0
github.com/goppydae/gollm/internal/llm/google.go:294.2,295.32 2 0
github.com/goppydae/gollm/internal/llm/google.go:295.32,298.3 1 0
github.com/goppydae/gollm/internal/llm/google.go:299.2,299.19 1 0
github.com/goppydae/gollm/internal/llm/llamacpp.go:22.60,23.19 1 1
github.com/goppydae/gollm/internal/llm/llamacpp.go:23.19,25.3 1 0
github.com/goppydae/gollm/internal/llm/llamacpp.go:26.2,28.44 3 1
github.com/goppydae/gollm/internal/llm/llamacpp.go:28.44,30.3 1 0
github.com/goppydae/gollm/internal/llm/llamacpp.go:31.2,32.10 2 1
github.com/goppydae/gollm/internal/llm/llamacpp.go:35.48,44.2 1 0
github.com/goppydae/gollm/internal/llm/llamacpp.go:47.44,50.16 3 1
github.com/goppydae/gollm/internal/llm/llamacpp.go:50.16,52.3 1 0
github.com/goppydae/gollm/internal/llm/llamacpp.go:53.2,53.15 1 1
github.com/goppydae/gollm/internal/llm/llamacpp.go:53.15,53.40 1 1
github.com/goppydae/gollm/internal/llm/llamacpp.go:55.2,61.66 2 1
github.com/goppydae/gollm/internal/llm/llamacpp.go:61.66,63.3 1 1
github.com/goppydae/gollm/internal/llm/llamacpp.go:64.2,64.20 1 0
github.com/goppydae/gollm/internal/llm/llamacpp.go:64.20,66.3 1 0
github.com/goppydae/gollm/internal/llm/llamacpp.go:67.2,67.46 1 0
github.com/goppydae/gollm/internal/llm/llamacpp.go:67.46,69.3 1 0
github.com/goppydae/gollm/internal/llm/llamacpp.go:71.2,71.13 1 0
github.com/goppydae/gollm/internal/llm/llamacpp.go:75.52,78.16 3 1
github.com/goppydae/gollm/internal/llm/llamacpp.go:78.16,80.3 1 0
github.com/goppydae/gollm/internal/llm/llamacpp.go:81.2,81.15 1 1
github.com/goppydae/gollm/internal/llm/llamacpp.go:81.15,81.40 1 1
github.com/goppydae/gollm/internal/llm/llamacpp.go:83.2,88.67 2 1
github.com/goppydae/gollm/internal/llm/llamacpp.go:88.67,90.3 1 1
github.com/goppydae/gollm/internal/llm/llamacpp.go:91.2,91.27 1 0
github.com/goppydae/gollm/internal/llm/llamacpp.go:91.27,93.3 1 0
github.com/goppydae/gollm/internal/llm/llamacpp.go:94.2,94.42 1 0
github.com/goppydae/gollm/internal/llm/llamacpp.go:99.40,101.42 2 0
github.com/goppydae/gollm/internal/llm/llamacpp.go:101.42,103.3 1 0
github.com/goppydae/gollm/internal/llm/llamacpp.go:104.2,104.13 1 0
github.com/goppydae/gollm/internal/llm/llamacpp.go:107.59,109.16 2 0
github.com/goppydae/gollm/internal/llm/llamacpp.go:109.16,111.3 1 0
github.com/goppydae/gollm/internal/llm/llamacpp.go:112.2,112.28 1 0
github.com/goppydae/gollm/internal/llm/ollama.go:25.63,26.19 1 1
github.com/goppydae/gollm/internal/llm/ollama.go:26.19,28.3 1 0
github.com/goppydae/gollm/internal/llm/ollama.go:29.2,37.3 1 1
github.com/goppydae/gollm/internal/llm/ollama.go:41.46,50.2 1 0
github.com/goppydae/gollm/internal/llm/ollama.go:53.49,55.2 1 0
github.com/goppydae/gollm/internal/llm/ollama.go:58.46,60.2 1 0
github.com/goppydae/gollm/internal/llm/ollama.go:63.52,65.2 1 0
github.com/goppydae/gollm/internal/llm/ollama.go:68.101,71.29 2 1
github.com/goppydae/gollm/internal/llm/ollama.go:71.29,72.10 1 0
github.com/goppydae/gollm/internal/llm/ollama.go:73.55,73.55 0 0
github.com/goppydae/gollm/internal/llm/ollama.go:74.21,74.21 0 0
github.com/goppydae/gollm/internal/llm/ollama.go:78.2,78.12 1 1
github.com/goppydae/gollm/internal/llm/ollama.go:78.12,87.23 3 1
github.com/goppydae/gollm/internal/llm/ollama.go:87.23,89.4 1 0
github.com/goppydae/gollm/internal/llm/ollama.go:91.3,91.25 1 1
github.com/goppydae/gollm/internal/llm/ollama.go:91.25,93.32 2 0
github.com/goppydae/gollm/internal/llm/ollama.go:93.32,98.5 1 0
github.com/goppydae/gollm/internal/llm/ollama.go:99.4,99.28 1 0
github.com/goppydae/gollm/internal/llm/ollama.go:102.3,102.24 1 1
github.com/goppydae/gollm/internal/llm/ollama.go:102.24,104.4 1 0
github.com/goppydae/gollm/internal/llm/ollama.go:104.9,104.29 1 1
github.com/goppydae/gollm/internal/llm/ollama.go:104.29,106.4 1 1
github.com/goppydae/gollm/internal/llm/ollama.go:108.3,108.26 1 1
github.com/goppydae/gollm/internal/llm/ollama.go:108.26,110.4 1 0
github.com/goppydae/gollm/internal/llm/ollama.go:110.9,110.24 1 1
github.com/goppydae/gollm/internal/llm/ollama.go:110.24,112.4 1 1
github.com/goppydae/gollm/internal/llm/ollama.go:115.3,115.40 1 1
github.com/goppydae/gollm/internal/llm/ollama.go:115.40,117.4 1 1
github.com/goppydae/gollm/internal/llm/ollama.go:119.3,120.17 2 1
github.com/goppydae/gollm/internal/llm/ollama.go:120.17,123.4 2 0
github.com/goppydae/gollm/internal/llm/ollama.go:125.3,127.17 3 1
github.com/goppydae/gollm/internal/llm/ollama.go:127.17,130.4 2 0
github.com/goppydae/gollm/internal/llm/ollama.go:131.3,134.17 3 1
github.com/goppydae/gollm/internal/llm/ollama.go:134.17,137.4 2 0
github.com/goppydae/gollm/internal/llm/ollama.go:138.3,138.16 1 1
github.com/goppydae/gollm/internal/llm/ollama.go:138.16,138.41 1 1
github.com/goppydae/gollm/internal/llm/ollama.go:140.3,140.39 1 1
github.com/goppydae/gollm/internal/llm/ollama.go:140.39,145.4 4 0
github.com/goppydae/gollm/internal/llm/ollama.go:148.3,151.22 3 1
github.com/goppydae/gollm/internal/llm/ollama.go:151.22,153.49 2 1
github.com/goppydae/gollm/internal/llm/ollama.go:153.49,156.5 2 0
github.com/goppydae/gollm/internal/llm/ollama.go:158.4,161.60 3 1
github.com/goppydae/gollm/internal/llm/ollama.go:161.60,162.60 1 1
github.com/goppydae/gollm/internal/llm/ollama.go:162.60,168.6 2 1
github.com/goppydae/gollm/internal/llm/ollama.go:170.5,170.58 1 1
github.com/goppydae/gollm/internal/llm/ollama.go:170.58,171.34 1 0
github.com/goppydae/gollm/internal/llm/ollama.go:171.34,173.14 2 0
github.com/goppydae/gollm/internal/llm/ollama.go:173.14,174.16 1 0
github.com/goppydae/gollm/internal/llm/ollama.go:176.7,177.14 2 0
github.com/goppydae/gollm/internal/llm/ollama.go:177.14,178.16 1 0
github.com/goppydae/gollm/internal/llm/ollama.go:180.7,185.19 5 0
github.com/goppydae/gollm/internal/llm/ollama.go:185.19,187.8 1 0
github.com/goppydae/gollm/internal/llm/ollama.go:189.7,198.8 2 0
github.com/goppydae/gollm/internal/llm/ollama.go:203.4,203.57 1 1
github.com/goppydae/gollm/internal/llm/ollama.go:203.57,204.70 1 0
github.com/goppydae/gollm/internal/llm/ollama.go:204.70,213.6 1 0
github.com/goppydae/gollm/internal/llm/ollama.go:218.3,222.4 1 1
github.com/goppydae/gollm/internal/llm/ollama.go:225.2,225.20 1 1
github.com/goppydae/gollm/internal/llm/ollama.go:229.57,231.16 2 0
github.com/goppydae/gollm/internal/llm/ollama.go:231.16,233.3 1 0
github.com/goppydae/gollm/internal/llm/ollama.go:234.2,234.15 1 0
github.com/goppydae/gollm/internal/llm/ollama.go:234.15,234.40 1 0
github.com/goppydae/gollm/internal/llm/ollama.go:236.2,241.68 2 0
github.com/goppydae/gollm/internal/llm/ollama.go:241.68,243.3 1 0
github.com/goppydae/gollm/internal/llm/ollama.go:244.2,245.35 2 0
github.com/goppydae/gollm/internal/llm/ollama.go:245.35,247.3 1 0
github.com/goppydae/gollm/internal/llm/ollama.go:248.2,248.19 1 0
github.com/goppydae/gollm/internal/llm/ollama.go:252.74,254.29 2 1
github.com/goppydae/gollm/internal/llm/ollama.go:254.29,257.24 3 1
github.com/goppydae/gollm/internal/llm/ollama.go:257.24,261.4 2 0
github.com/goppydae/gollm/internal/llm/ollama.go:262.3,265.5 1 1
github.com/goppydae/gollm/internal/llm/ollama.go:267.2,267.12 1 1
github.com/goppydae/gollm/internal/llm/openai.go:27.63,28.19 1 1
github.com/goppydae/gollm/internal/llm/openai.go:28.19,30.3 1 0
github.com/goppydae/gollm/internal/llm/openai.go:31.2,37.3 1 1
github.com/goppydae/gollm/internal/llm/openai.go:41.78,45.2 3 0
github.com/goppydae/gollm/internal/llm/openai.go:47.46,56.2 1 0
github.com/goppydae/gollm/internal/llm/openai.go:58.101,60.12 2 1
github.com/goppydae/gollm/internal/llm/openai.go:60.12,62.48 2 1
github.com/goppydae/gollm/internal/llm/openai.go:62.48,63.11 1 0
github.com/goppydae/gollm/internal/llm/openai.go:64.52,64.52 0 0
github.com/goppydae/gollm/internal/llm/openai.go:65.22,65.22 0 0
github.com/goppydae/gollm/internal/llm/openai.go:69.2,69.16 1 1
github.com/goppydae/gollm/internal/llm/openai.go:72.102,74.22 2 1
github.com/goppydae/gollm/internal/llm/openai.go:74.22,76.3 1 0
github.com/goppydae/gollm/internal/llm/openai.go:78.2,86.24 2 1
github.com/goppydae/gollm/internal/llm/openai.go:86.24,88.31 2 0
github.com/goppydae/gollm/internal/llm/openai.go:88.31,97.4 1 0
github.com/goppydae/gollm/internal/llm/openai.go:98.3,99.31 2 0
github.com/goppydae/gollm/internal/llm/openai.go:101.2,101.31 1 1
github.com/goppydae/gollm/internal/llm/openai.go:101.31,103.3 1 0
github.com/goppydae/gollm/internal/llm/openai.go:103.8,105.3 1 1
github.com/goppydae/gollm/internal/llm/openai.go:106.2,106.33 1 1
github.com/goppydae/gollm/internal/llm/openai.go:106.33,108.3 1 0
github.com/goppydae/gollm/internal/llm/openai.go:108.8,110.3 1 1
github.com/goppydae/gollm/internal/llm/openai.go:112.2,113.16 2 1
github.com/goppydae/gollm/internal/llm/openai.go:113.16,115.3 1 0
github.com/goppydae/gollm/internal/llm/openai.go:117.2,118.16 2 1
github.com/goppydae/gollm/internal/llm/openai.go:118.16,120.3 1 0
github.com/goppydae/gollm/internal/llm/openai.go:121.2,122.20 2 1
github.com/goppydae/gollm/internal/llm/openai.go:122.20,124.3 1 0
github.com/goppydae/gollm/internal/llm/openai.go:127.2,136.71 4 1
github.com/goppydae/gollm/internal/llm/openai.go:136.71,137.29 1 1
github.com/goppydae/gollm/internal/llm/openai.go:137.29,139.4 1 1
github.com/goppydae/gollm/internal/llm/openai.go:140.3,140.41 1 1
github.com/goppydae/gollm/internal/llm/openai.go:140.41,142.4 1 1
github.com/goppydae/gollm/internal/llm/openai.go:143.3,170.61 3 1
github.com/goppydae/gollm/internal/llm/openai.go:170.61,172.4 1 0
github.com/goppydae/gollm/internal/llm/openai.go:173.3,173.30 1 1
github.com/goppydae/gollm/internal/llm/openai.go:173.30,174.26 1 0
github.com/goppydae/gollm/internal/llm/openai.go:174.26,183.5 1 0
github.com/goppydae/gollm/internal/llm/openai.go:184.4,184.14 1 0
github.com/goppydae/gollm/internal/llm/openai.go:187.3,190.35 3 1
github.com/goppydae/gollm/internal/llm/openai.go:190.35,192.4 1 0
github.com/goppydae/gollm/internal/llm/openai.go:192.9,192.35 1 1
github.com/goppydae/gollm/internal/llm/openai.go:192.35,194.4 1 0
github.com/goppydae/gollm/internal/llm/openai.go:194.9,194.39 1 1
github.com/goppydae/gollm/internal/llm/openai.go:194.39,196.4 1 0
github.com/goppydae/gollm/internal/llm/openai.go:197.3,197.22 1 1
github.com/goppydae/gollm/internal/llm/openai.go:197.22,199.4 1 0
github.com/goppydae/gollm/internal/llm/openai.go:201.3,201.26 1 1
github.com/goppydae/gollm/internal/llm/openai.go:201.26,203.4 1 1
github.com/goppydae/gollm/internal/llm/openai.go:204.3,204.38 1 1
github.com/goppydae/gollm/internal/llm/openai.go:204.38,206.11 2 0
github.com/goppydae/gollm/internal/llm/openai.go:206.11,209.5 2 0
github.com/goppydae/gollm/internal/llm/openai.go:210.4,210.19 1 0
github.com/goppydae/gollm/internal/llm/openai.go:210.19,212.5 1 0
github.com/goppydae/gollm/internal/llm/openai.go:213.4,213.30 1 0
github.com/goppydae/gollm/internal/llm/openai.go:213.30,215.5 1 0
github.com/goppydae/gollm/internal/llm/openai.go:216.4,216.47 1 0
github.com/goppydae/gollm/internal/llm/openai.go:218.3,218.13 1 1
github.com/goppydae/gollm/internal/llm/openai.go:221.2,221.16 1 1
github.com/goppydae/gollm/internal/llm/openai.go:221.16,223.3 1 0
github.com/goppydae/gollm/internal/llm/openai.go:226.2,226.30 1 1
github.com/goppydae/gollm/internal/llm/openai.go:226.30,236.3 1 0
github.com/goppydae/gollm/internal/llm/openai.go:238.2,238.12 1 1
github.com/goppydae/gollm/internal/llm/openai.go:242.74,244.29 2 1
github.com/goppydae/gollm/internal/llm/openai.go:244.29,245.17 1 1
github.com/goppydae/gollm/internal/llm/openai.go:246.15,251.6 1 0
github.com/goppydae/gollm/internal/llm/openai.go:252.20,257.28 2 0
github.com/goppydae/gollm/internal/llm/openai.go:257.28,259.36 2 0
github.com/goppydae/gollm/internal/llm/openai.go:259.36,268.6 1 0
github.com/goppydae/gollm/internal/llm/openai.go:269.5,269.28 1 0
github.com/goppydae/gollm/internal/llm/openai.go:271.4,271.26 1 0
github.com/goppydae/gollm/internal/llm/openai.go:272.18,277.6 1 0
github.com/goppydae/gollm/internal/llm/openai.go:278.11,282.6 1 1
github.com/goppydae/gollm/internal/llm/openai.go:285.2,285.12 1 1
github.com/goppydae/gollm/internal/llm/openai.go:288.57,291.16 3 0
github.com/goppydae/gollm/internal/llm/openai.go:291.16,293.3 1 0
github.com/goppydae/gollm/internal/llm/openai.go:294.2,294.20 1 0
github.com/goppydae/gollm/internal/llm/openai.go:294.20,296.3 1 0
github.com/goppydae/gollm/internal/llm/openai.go:297.2,298.16 2 0
github.com/goppydae/gollm/internal/llm/openai.go:298.16,300.3 1 0
github.com/goppydae/gollm/internal/llm/openai.go:301.2,301.15 1 0
github.com/goppydae/gollm/internal/llm/openai.go:301.15,301.40 1 0
github.com/goppydae/gollm/internal/llm/openai.go:303.2,303.38 1 0
github.com/goppydae/gollm/internal/llm/openai.go:303.38,307.3 3 0
github.com/goppydae/gollm/internal/llm/openai.go:309.2,314.65 2 0
github.com/goppydae/gollm/internal/llm/openai.go:314.65,316.3 1 0
github.com/goppydae/gollm/internal/llm/openai.go:318.2,319.30 2 0
github.com/goppydae/gollm/internal/llm/openai.go:319.30,321.3 1 0
github.com/goppydae/gollm/internal/llm/openai.go:322.2,322.19 1 0
github.com/goppydae/gollm/internal/llm/provider.go:46.43,51.2 1 0
github.com/goppydae/gollm/internal/llm/utils.go:13.140,15.16 2 1
github.com/goppydae/gollm/internal/llm/utils.go:15.16,17.3 1 1
github.com/goppydae/gollm/internal/llm/utils.go:18.2,18.15 1 1
github.com/goppydae/gollm/internal/llm/utils.go:18.15,18.40 1 1
github.com/goppydae/gollm/internal/llm/utils.go:20.2,20.38 1 1
github.com/goppydae/gollm/internal/llm/utils.go:20.38,24.3 3 1
github.com/goppydae/gollm/internal/llm/utils.go:26.2,27.21 2 1
github.com/goppydae/gollm/internal/llm/utils.go:27.21,28.10 1 1
github.com/goppydae/gollm/internal/llm/utils.go:29.21,30.20 1 0
github.com/goppydae/gollm/internal/llm/utils.go:31.11,31.11 0 1
github.com/goppydae/gollm/internal/llm/utils.go:34.3,35.44 2 1
github.com/goppydae/gollm/internal/llm/utils.go:35.44,38.12 1 0
github.com/goppydae/gollm/internal/llm/utils.go:41.2,41.22 1 1
github.com/goppydae/gollm/internal/llm/utils.go:60.41,62.40 2 1
github.com/goppydae/gollm/internal/llm/utils.go:62.40,63.54 1 1
github.com/goppydae/gollm/internal/llm/utils.go:63.54,66.4 2 1
github.com/goppydae/gollm/internal/llm/utils.go:68.2,68.16 1 1
github.com/goppydae/gollm/internal/modes/interactive/events.go:14.61,17.32 2 1
github.com/goppydae/gollm/internal/modes/interactive/events.go:18.35,29.5 5 0
github.com/goppydae/gollm/internal/modes/interactive/events.go:31.33,33.19 2 0
github.com/goppydae/gollm/internal/modes/interactive/events.go:33.19,35.4 1 0
github.com/goppydae/gollm/internal/modes/interactive/events.go:37.3,37.44 1 0
github.com/goppydae/gollm/internal/modes/interactive/events.go:37.44,38.41 1 0
github.com/goppydae/gollm/internal/modes/interactive/events.go:38.41,40.10 2 0
github.com/goppydae/gollm/internal/modes/interactive/events.go:43.3,44.40 2 0
github.com/goppydae/gollm/internal/modes/interactive/events.go:46.34,48.40 2 0
github.com/goppydae/gollm/internal/modes/interactive/events.go:49.33,56.51 7 1
github.com/goppydae/gollm/internal/modes/interactive/events.go:58.32,60.86 2 1
github.com/goppydae/gollm/internal/modes/interactive/events.go:60.86,62.4 1 0
github.com/goppydae/gollm/internal/modes/interactive/events.go:62.9,64.4 1 1
github.com/goppydae/gollm/internal/modes/interactive/events.go:65.3,65.49 1 1
github.com/goppydae/gollm/internal/modes/interactive/events.go:67.31,70.18 3 1
github.com/goppydae/gollm/internal/modes/interactive/events.go:70.18,71.54 1 1
github.com/goppydae/gollm/internal/modes/interactive/events.go:71.54,72.44 1 1
github.com/goppydae/gollm/internal/modes/interactive/events.go:72.44,73.11 1 0
github.com/goppydae/gollm/internal/modes/interactive/events.go:75.5,75.48 1 1
github.com/goppydae/gollm/internal/modes/interactive/events.go:75.48,76.65 1 1
github.com/goppydae/gollm/internal/modes/interactive/events.go:76.65,78.12 2 1
github.com/goppydae/gollm/internal/modes/interactive/events.go:81.5,81.18 1 1
github.com/goppydae/gollm/internal/modes/interactive/events.go:81.18,82.11 1 1
github.com/goppydae/gollm/internal/modes/interactive/events.go:86.3,86.17 1 1
github.com/goppydae/gollm/internal/modes/interactive/events.go:86.17,98.4 3 1
github.com/goppydae/gollm/internal/modes/interactive/events.go:100.32,102.23 2 1
github.com/goppydae/gollm/internal/modes/interactive/events.go:102.23,103.54 1 1
github.com/goppydae/gollm/internal/modes/interactive/events.go:103.54,104.44 1 1
github.com/goppydae/gollm/internal/modes/interactive/events.go:104.44,105.14 1 0
github.com/goppydae/gollm/internal/modes/interactive/events.go:107.5,108.32 2 1
github.com/goppydae/gollm/internal/modes/interactive/events.go:108.32,109.93 1 1
github.com/goppydae/gollm/internal/modes/interactive/events.go:109.93,110.54 1 1
github.com/goppydae/gollm/internal/modes/interactive/events.go:110.54,112.8 1 1
github.com/goppydae/gollm/internal/modes/interactive/events.go:113.7,113.12 1 1
github.com/goppydae/gollm/internal/modes/interactive/events.go:119.36,120.36 1 0
github.com/goppydae/gollm/internal/modes/interactive/events.go:120.36,122.91 2 0
github.com/goppydae/gollm/internal/modes/interactive/events.go:122.91,124.5 1 0
github.com/goppydae/gollm/internal/modes/interactive/events.go:124.10,126.5 1 0
github.com/goppydae/gollm/internal/modes/interactive/events.go:127.4,127.54 1 0
github.com/goppydae/gollm/internal/modes/interactive/events.go:130.33,134.53 4 1
github.com/goppydae/gollm/internal/modes/interactive/events.go:134.53,135.43 1 1
github.com/goppydae/gollm/internal/modes/interactive/events.go:135.43,136.13 1 0
github.com/goppydae/gollm/internal/modes/interactive/events.go:138.4,139.31 2 1
github.com/goppydae/gollm/internal/modes/interactive/events.go:139.31,140.92 1 1
github.com/goppydae/gollm/internal/modes/interactive/events.go:140.92,141.76 1 1
github.com/goppydae/gollm/internal/modes/interactive/events.go:141.76,142.15 1 0
github.com/goppydae/gollm/internal/modes/interactive/events.go:144.6,145.111 2 1
github.com/goppydae/gollm/internal/modes/interactive/events.go:145.111,147.7 1 0
github.com/goppydae/gollm/internal/modes/interactive/events.go:148.6,161.11 6 1
github.com/goppydae/gollm/internal/modes/interactive/events.go:164.4,164.13 1 1
github.com/goppydae/gollm/internal/modes/interactive/events.go:164.13,165.10 1 1
github.com/goppydae/gollm/internal/modes/interactive/events.go:169.33,171.35 2 1
github.com/goppydae/gollm/internal/modes/interactive/events.go:171.35,173.4 1 0
github.com/goppydae/gollm/internal/modes/interactive/events.go:175.34,178.18 3 0
github.com/goppydae/gollm/internal/modes/interactive/events.go:178.18,181.4 2 0
github.com/goppydae/gollm/internal/modes/interactive/events.go:183.31,187.43 4 0
github.com/goppydae/gollm/internal/modes/interactive/events.go:189.28,193.43 4 0
github.com/goppydae/gollm/internal/modes/interactive/events.go:195.28,199.131 4 0
github.com/goppydae/gollm/internal/modes/interactive/events.go:201.29,202.25 1 0
github.com/goppydae/gollm/internal/modes/interactive/events.go:202.25,204.4 1 0
github.com/goppydae/gollm/internal/modes/interactive/events.go:207.2,208.27 2 1
github.com/goppydae/gollm/internal/modes/interactive/events.go:212.42,213.24 1 0
github.com/goppydae/gollm/internal/modes/interactive/events.go:213.24,215.17 2 0
github.com/goppydae/gollm/internal/modes/interactive/events.go:215.17,217.4 1 0
github.com/goppydae/gollm/internal/modes/interactive/events.go:218.3,218.49 1 0
github.com/goppydae/gollm/internal/modes/interactive/events.go:223.40,224.24 1 0
github.com/goppydae/gollm/internal/modes/interactive/events.go:224.24,226.17 2 0
github.com/goppydae/gollm/internal/modes/interactive/events.go:226.17,228.4 1 0
github.com/goppydae/gollm/internal/modes/interactive/events.go:229.3,229.36 1 0
github.com/goppydae/gollm/internal/modes/interactive/events.go:234.38,235.24 1 0
github.com/goppydae/gollm/internal/modes/interactive/events.go:235.24,238.3 2 0
github.com/goppydae/gollm/internal/modes/interactive/events.go:242.66,244.43 2 1
github.com/goppydae/gollm/internal/modes/interactive/events.go:244.43,249.61 4 1
github.com/goppydae/gollm/internal/modes/interactive/events.go:249.61,251.12 2 1
github.com/goppydae/gollm/internal/modes/interactive/events.go:253.3,253.8 1 1
github.com/goppydae/gollm/internal/modes/interactive/events.go:256.2,258.27 2 1
github.com/goppydae/gollm/internal/modes/interactive/events.go:258.27,259.131 1 1
github.com/goppydae/gollm/internal/modes/interactive/events.go:259.131,260.12 1 0
github.com/goppydae/gollm/internal/modes/interactive/events.go:262.3,262.25 1 1
github.com/goppydae/gollm/internal/modes/interactive/events.go:262.25,264.54 2 0
github.com/goppydae/gollm/internal/modes/interactive/events.go:264.54,265.44 1 0
github.com/goppydae/gollm/internal/modes/interactive/events.go:265.44,266.14 1 0
github.com/goppydae/gollm/internal/modes/interactive/events.go:268.5,269.32 2 0
github.com/goppydae/gollm/internal/modes/interactive/events.go:269.32,270.94 1 0
github.com/goppydae/gollm/internal/modes/interactive/events.go:270.94,272.100 2 0
github.com/goppydae/gollm/internal/modes/interactive/events.go:272.100,274.8 1 0
github.com/goppydae/gollm/internal/modes/interactive/events.go:275.7,286.12 6 0
github.com/goppydae/gollm/internal/modes/interactive/events.go:289.5,289.14 1 0
github.com/goppydae/gollm/internal/modes/interactive/events.go:289.14,290.11 1 0
github.com/goppydae/gollm/internal/modes/interactive/events.go:293.4,293.12 1 0
github.com/goppydae/gollm/internal/modes/interactive/events.go:296.3,298.30 2 1
github.com/goppydae/gollm/internal/modes/interactive/events.go:298.30,299.26 1 1
github.com/goppydae/gollm/internal/modes/interactive/events.go:299.26,301.5 1 0
github.com/goppydae/gollm/internal/modes/interactive/events.go:302.4,302.25 1 1
github.com/goppydae/gollm/internal/modes/interactive/events.go:302.25,304.5 1 1
github.com/goppydae/gollm/internal/modes/interactive/events.go:305.4,305.37 1 1
github.com/goppydae/gollm/internal/modes/interactive/events.go:305.37,316.5 2 0
github.com/goppydae/gollm/internal/modes/interactive/events.go:317.9,319.4 1 1
github.com/goppydae/gollm/internal/modes/interactive/events.go:321.3,321.39 1 1
github.com/goppydae/gollm/internal/modes/interactive/events.go:323.2,330.34 5 1
github.com/goppydae/gollm/internal/modes/interactive/events.go:330.34,331.36 1 1
github.com/goppydae/gollm/internal/modes/interactive/events.go:331.36,332.21 1 1
github.com/goppydae/gollm/internal/modes/interactive/events.go:333.46,334.41 1 1
github.com/goppydae/gollm/internal/modes/interactive/events.go:335.31,336.48 1 0
github.com/goppydae/gollm/internal/modes/interactive/events.go:341.2,341.21 1 1
github.com/goppydae/gollm/internal/modes/interactive/events.go:346.42,348.16 2 1
github.com/goppydae/gollm/internal/modes/interactive/events.go:348.16,350.3 1 0
github.com/goppydae/gollm/internal/modes/interactive/events.go:351.2,353.116 2 1
github.com/goppydae/gollm/internal/modes/interactive/events.go:353.116,355.3 1 1
github.com/goppydae/gollm/internal/modes/interactive/events.go:358.60,362.31 4 1
github.com/goppydae/gollm/internal/modes/interactive/events.go:362.31,364.3 1 0
github.com/goppydae/gollm/internal/modes/interactive/events.go:367.69,370.27 3 1
github.com/goppydae/gollm/internal/modes/interactive/events.go:370.27,371.75 1 1
github.com/goppydae/gollm/internal/modes/interactive/events.go:371.75,372.26 1 1
github.com/goppydae/gollm/internal/modes/interactive/events.go:372.26,375.5 2 1
github.com/goppydae/gollm/internal/modes/interactive/events.go:378.2,378.21 1 1
github.com/goppydae/gollm/internal/modes/interactive/events.go:381.54,382.75 1 1
github.com/goppydae/gollm/internal/modes/interactive/events.go:382.75,384.51 2 1
github.com/goppydae/gollm/internal/modes/interactive/events.go:384.51,387.4 2 1
github.com/goppydae/gollm/internal/modes/interactive/events.go:390.2,390.99 1 1
github.com/goppydae/gollm/internal/modes/interactive/events.go:390.99,393.3 2 1
github.com/goppydae/gollm/internal/modes/interactive/events.go:394.2,394.37 1 1
github.com/goppydae/gollm/internal/modes/interactive/events.go:397.60,398.24 1 0
github.com/goppydae/gollm/internal/modes/interactive/events.go:398.24,400.10 2 0
github.com/goppydae/gollm/internal/modes/interactive/events.go:400.10,402.4 1 0
github.com/goppydae/gollm/internal/modes/interactive/events.go:403.3,403.27 1 0
github.com/goppydae/gollm/internal/modes/interactive/events.go:409.61,410.20 1 1
github.com/goppydae/gollm/internal/modes/interactive/events.go:410.20,412.3 1 0
github.com/goppydae/gollm/internal/modes/interactive/events.go:413.2,414.61 2 1
github.com/goppydae/gollm/internal/modes/interactive/events.go:414.61,416.3 1 0
github.com/goppydae/gollm/internal/modes/interactive/events.go:419.2,419.69 1 1
github.com/goppydae/gollm/internal/modes/interactive/events.go:419.69,421.29 2 1
github.com/goppydae/gollm/internal/modes/interactive/events.go:421.29,423.4 1 1
github.com/goppydae/gollm/internal/modes/interactive/events.go:424.3,424.32 1 1
github.com/goppydae/gollm/internal/modes/interactive/events.go:424.32,426.4 1 0
github.com/goppydae/gollm/internal/modes/interactive/events.go:427.3,427.53 1 1
github.com/goppydae/gollm/internal/modes/interactive/events.go:427.53,429.4 1 0
github.com/goppydae/gollm/internal/modes/interactive/events.go:431.3,431.34 1 1
github.com/goppydae/gollm/internal/modes/interactive/events.go:431.34,433.4 1 0
github.com/goppydae/gollm/internal/modes/interactive/events.go:434.3,434.17 1 1
github.com/goppydae/gollm/internal/modes/interactive/events.go:434.17,436.4 1 1
github.com/goppydae/gollm/internal/modes/interactive/events.go:437.3,437.20 1 0
github.com/goppydae/gollm/internal/modes/interactive/events.go:437.20,439.4 1 0
github.com/goppydae/gollm/internal/modes/interactive/events.go:443.2,444.31 2 1
github.com/goppydae/gollm/internal/modes/interactive/events.go:444.31,445.26 1 1
github.com/goppydae/gollm/internal/modes/interactive/events.go:445.26,447.48 2 1
github.com/goppydae/gollm/internal/modes/interactive/events.go:447.48,449.5 1 1
github.com/goppydae/gollm/internal/modes/interactive/events.go:454.2,454.22 1 0
github.com/goppydae/gollm/internal/modes/interactive/events.go:454.22,456.47 2 0
github.com/goppydae/gollm/internal/modes/interactive/events.go:456.47,457.20 1 0
github.com/goppydae/gollm/internal/modes/interactive/events.go:457.20,459.5 1 0
github.com/goppydae/gollm/internal/modes/interactive/events.go:464.2,464.22 1 0
github.com/goppydae/gollm/internal/modes/interactive/events.go:464.22,466.47 2 0
github.com/goppydae/gollm/internal/modes/interactive/events.go:466.47,468.4 1 0
github.com/goppydae/gollm/internal/modes/interactive/events.go:471.2,471.17 1 0
github.com/goppydae/gollm/internal/modes/interactive/events.go:475.44,477.16 2 0
github.com/goppydae/gollm/internal/modes/interactive/events.go:477.16,479.3 1 0
github.com/goppydae/gollm/internal/modes/interactive/events.go:480.2,482.17 3 0
github.com/goppydae/gollm/internal/modes/interactive/events.go:482.17,483.37 1 0
github.com/goppydae/gollm/internal/modes/interactive/events.go:483.37,484.20 1 0
github.com/goppydae/gollm/internal/modes/interactive/events.go:485.16,486.11 1 0
github.com/goppydae/gollm/internal/modes/interactive/events.go:487.21,489.36 2 0
github.com/goppydae/gollm/internal/modes/interactive/events.go:490.16,491.18 1 0
github.com/goppydae/gollm/internal/modes/interactive/events.go:495.2,510.3 2 0
github.com/goppydae/gollm/internal/modes/interactive/interactive.go:24.131,32.111 5 0
github.com/goppydae/gollm/internal/modes/interactive/interactive.go:32.111,35.31 3 0
github.com/goppydae/gollm/internal/modes/interactive/interactive.go:35.31,37.4 1 0
github.com/goppydae/gollm/internal/modes/interactive/interactive.go:38.8,41.3 2 0
github.com/goppydae/gollm/internal/modes/interactive/interactive.go:43.2,46.37 3 0
github.com/goppydae/gollm/internal/modes/interactive/interactive.go:46.37,48.3 1 0
github.com/goppydae/gollm/internal/modes/interactive/interactive.go:48.8,48.26 1 0
github.com/goppydae/gollm/internal/modes/interactive/interactive.go:48.26,50.3 1 0
github.com/goppydae/gollm/internal/modes/interactive/interactive.go:52.2,57.28 6 0
github.com/goppydae/gollm/internal/modes/interactive/interactive.go:57.28,58.25 1 0
github.com/goppydae/gollm/internal/modes/interactive/interactive.go:58.25,63.4 1 0
github.com/goppydae/gollm/internal/modes/interactive/interactive.go:63.9,65.16 2 0
github.com/goppydae/gollm/internal/modes/interactive/interactive.go:65.16,67.5 1 0
github.com/goppydae/gollm/internal/modes/interactive/interactive.go:68.4,71.6 1 0
github.com/goppydae/gollm/internal/modes/interactive/interactive.go:74.2,79.35 3 0
github.com/goppydae/gollm/internal/modes/interactive/interactive.go:79.35,80.36 1 0
github.com/goppydae/gollm/internal/modes/interactive/interactive.go:80.36,82.4 1 0
github.com/goppydae/gollm/internal/modes/interactive/interactive.go:85.2,88.12 4 0
github.com/goppydae/gollm/internal/modes/interactive/interactive.go:91.59,92.26 1 0
github.com/goppydae/gollm/internal/modes/interactive/interactive.go:92.26,93.62 1 0
github.com/goppydae/gollm/internal/modes/interactive/interactive.go:93.62,95.18 2 0
github.com/goppydae/gollm/internal/modes/interactive/interactive.go:95.18,97.5 1 0
github.com/goppydae/gollm/internal/modes/interactive/interactive.go:100.2,101.32 2 0
github.com/goppydae/gollm/internal/modes/interactive/interactive.go:101.32,103.3 1 0
github.com/goppydae/gollm/internal/modes/interactive/interactive.go:104.2,104.24 1 0
github.com/goppydae/gollm/internal/modes/interactive/keys.go:26.29,84.2 1 1
github.com/goppydae/gollm/internal/modes/interactive/keys.go:87.43,89.2 1 0
github.com/goppydae/gollm/internal/modes/interactive/keys.go:92.44,99.2 1 0
github.com/goppydae/gollm/internal/modes/interactive/modal.go:48.40,48.96 1 0
github.com/goppydae/gollm/internal/modes/interactive/modal.go:49.40,49.65 1 0
github.com/goppydae/gollm/internal/modes/interactive/modal.go:50.40,50.95 1 0
github.com/goppydae/gollm/internal/modes/interactive/modal.go:58.41,58.58 1 0
github.com/goppydae/gollm/internal/modes/interactive/modal.go:59.41,59.62 1 0
github.com/goppydae/gollm/internal/modes/interactive/modal.go:60.41,60.77 1 0
github.com/goppydae/gollm/internal/modes/interactive/modal.go:72.42,72.62 1 0
github.com/goppydae/gollm/internal/modes/interactive/modal.go:73.42,73.55 1 0
github.com/goppydae/gollm/internal/modes/interactive/modal.go:74.42,74.62 1 0
github.com/goppydae/gollm/internal/modes/interactive/modal.go:80.68,80.80 1 0
github.com/goppydae/gollm/internal/modes/interactive/modal.go:81.68,81.80 1 0
github.com/goppydae/gollm/internal/modes/interactive/modal.go:82.67,82.81 1 0
github.com/goppydae/gollm/internal/modes/interactive/modal.go:84.90,86.9 2 0
github.com/goppydae/gollm/internal/modes/interactive/modal.go:86.9,88.3 1 0
github.com/goppydae/gollm/internal/modes/interactive/modal.go:90.2,94.24 4 0
github.com/goppydae/gollm/internal/modes/interactive/modal.go:94.24,96.3 1 0
github.com/goppydae/gollm/internal/modes/interactive/modal.go:98.2,99.9 2 0
github.com/goppydae/gollm/internal/modes/interactive/modal.go:100.17,101.16 1 0
github.com/goppydae/gollm/internal/modes/interactive/modal.go:102.18,103.16 1 0
github.com/goppydae/gollm/internal/modes/interactive/modal.go:104.10,105.16 1 0
github.com/goppydae/gollm/internal/modes/interactive/modal.go:108.2,112.24 4 0
github.com/goppydae/gollm/internal/modes/interactive/modal.go:112.24,114.3 1 0
github.com/goppydae/gollm/internal/modes/interactive/modal.go:114.8,114.38 1 0
github.com/goppydae/gollm/internal/modes/interactive/modal.go:114.38,116.3 1 0
github.com/goppydae/gollm/internal/modes/interactive/modal.go:116.8,118.3 1 0
github.com/goppydae/gollm/internal/modes/interactive/modal.go:119.2,119.42 1 0
github.com/goppydae/gollm/internal/modes/interactive/modal.go:124.74,130.30 5 0
github.com/goppydae/gollm/internal/modes/interactive/modal.go:130.30,132.3 1 0
github.com/goppydae/gollm/internal/modes/interactive/modal.go:134.2,140.12 7 0
github.com/goppydae/gollm/internal/modes/interactive/modal.go:144.76,145.38 1 0
github.com/goppydae/gollm/internal/modes/interactive/modal.go:145.38,147.10 2 0
github.com/goppydae/gollm/internal/modes/interactive/modal.go:147.10,148.12 1 0
github.com/goppydae/gollm/internal/modes/interactive/modal.go:150.3,150.16 1 0
github.com/goppydae/gollm/internal/modes/interactive/modal.go:150.16,152.4 1 0
github.com/goppydae/gollm/internal/modes/interactive/modal.go:152.9,152.24 1 0
github.com/goppydae/gollm/internal/modes/interactive/modal.go:152.24,154.4 1 0
github.com/goppydae/gollm/internal/modes/interactive/modal.go:156.2,156.8 1 0
github.com/goppydae/gollm/internal/modes/interactive/modal.go:160.28,165.2 1 1
github.com/goppydae/gollm/internal/modes/interactive/modal.go:167.68,196.20 6 0
github.com/goppydae/gollm/internal/modes/interactive/modal.go:196.20,198.3 1 0
github.com/goppydae/gollm/internal/modes/interactive/modal.go:200.2,216.13 6 0
github.com/goppydae/gollm/internal/modes/interactive/modal.go:221.76,267.35 4 0
github.com/goppydae/gollm/internal/modes/interactive/modal.go:267.35,270.6 2 0
github.com/goppydae/gollm/internal/modes/interactive/modal.go:282.66,282.78 1 0
github.com/goppydae/gollm/internal/modes/interactive/modal.go:283.66,283.78 1 0
github.com/goppydae/gollm/internal/modes/interactive/modal.go:284.66,284.80 1 0
github.com/goppydae/gollm/internal/modes/interactive/modal.go:285.88,287.9 2 0
github.com/goppydae/gollm/internal/modes/interactive/modal.go:287.9,289.3 1 0
github.com/goppydae/gollm/internal/modes/interactive/modal.go:291.2,298.30 6 0
github.com/goppydae/gollm/internal/modes/interactive/modal.go:298.30,299.13 1 0
github.com/goppydae/gollm/internal/modes/interactive/modal.go:299.13,301.4 1 0
github.com/goppydae/gollm/internal/modes/interactive/modal.go:303.2,304.21 2 0
github.com/goppydae/gollm/internal/modes/interactive/modal.go:304.21,306.3 1 0
github.com/goppydae/gollm/internal/modes/interactive/modal.go:307.2,307.32 1 0
github.com/goppydae/gollm/internal/modes/interactive/modal.go:307.32,308.10 1 0
github.com/goppydae/gollm/internal/modes/interactive/modal.go:309.26,310.16 1 0
github.com/goppydae/gollm/internal/modes/interactive/modal.go:310.16,312.5 1 0
github.com/goppydae/gollm/internal/modes/interactive/modal.go:312.10,314.5 1 0
github.com/goppydae/gollm/internal/modes/interactive/modal.go:315.21,316.31 1 0
github.com/goppydae/gollm/internal/modes/interactive/modal.go:317.11,318.29 1 0
github.com/goppydae/gollm/internal/modes/interactive/modal.go:323.2,325.23 3 0
github.com/goppydae/gollm/internal/modes/interactive/modal.go:325.23,327.3 1 0
github.com/goppydae/gollm/internal/modes/interactive/modal.go:330.2,331.21 2 0
github.com/goppydae/gollm/internal/modes/interactive/modal.go:331.21,333.3 1 0
github.com/goppydae/gollm/internal/modes/interactive/modal.go:334.2,336.21 3 0
github.com/goppydae/gollm/internal/modes/interactive/modal.go:337.14,338.69 1 0
github.com/goppydae/gollm/internal/modes/interactive/modal.go:339.19,340.68 1 0
github.com/goppydae/gollm/internal/modes/interactive/modal.go:341.31,342.69 1 0
github.com/goppydae/gollm/internal/modes/interactive/modal.go:343.10,344.71 1 0
github.com/goppydae/gollm/internal/modes/interactive/modal.go:348.2,349.21 2 0
github.com/goppydae/gollm/internal/modes/interactive/modal.go:349.21,351.3 1 0
github.com/goppydae/gollm/internal/modes/interactive/modal.go:353.2,356.14 4 0
github.com/goppydae/gollm/internal/modes/interactive/modal.go:356.14,359.3 2 0
github.com/goppydae/gollm/internal/modes/interactive/modal.go:359.8,362.3 2 0
github.com/goppydae/gollm/internal/modes/interactive/modal.go:364.2,370.45 6 0
github.com/goppydae/gollm/internal/modes/interactive/modal.go:374.30,377.2 2 0
github.com/goppydae/gollm/internal/modes/interactive/modal.go:380.92,381.16 1 0
github.com/goppydae/gollm/internal/modes/interactive/modal.go:381.16,383.3 1 0
github.com/goppydae/gollm/internal/modes/interactive/modal.go:385.2,390.19 5 0
github.com/goppydae/gollm/internal/modes/interactive/modal.go:390.19,390.36 1 0
github.com/goppydae/gollm/internal/modes/interactive/modal.go:391.2,391.19 1 0
github.com/goppydae/gollm/internal/modes/interactive/modal.go:391.19,391.35 1 0
github.com/goppydae/gollm/internal/modes/interactive/modal.go:392.2,393.19 2 0
github.com/goppydae/gollm/internal/modes/interactive/modal.go:393.19,393.36 1 0
github.com/goppydae/gollm/internal/modes/interactive/modal.go:395.2,396.16 2 0
github.com/goppydae/gollm/internal/modes/interactive/modal.go:397.18,401.20 2 0
github.com/goppydae/gollm/internal/modes/interactive/modal.go:401.20,403.4 1 0
github.com/goppydae/gollm/internal/modes/interactive/modal.go:403.9,405.4 1 0
github.com/goppydae/gollm/internal/modes/interactive/modal.go:406.3,408.27 3 0
github.com/goppydae/gollm/internal/modes/interactive/modal.go:409.19,411.26 2 0
github.com/goppydae/gollm/internal/modes/interactive/modal.go:412.43,414.26 2 0
github.com/goppydae/gollm/internal/modes/interactive/modal.go:415.17,418.22 2 0
github.com/goppydae/gollm/internal/modes/interactive/modal.go:421.2,438.25 6 0
github.com/goppydae/gollm/internal/modes/interactive/modal.go:438.25,445.3 3 0
github.com/goppydae/gollm/internal/modes/interactive/modal.go:445.8,447.3 1 0
github.com/goppydae/gollm/internal/modes/interactive/modal.go:449.2,449.48 1 0
github.com/goppydae/gollm/internal/modes/interactive/modal.go:453.93,460.26 6 0
github.com/goppydae/gollm/internal/modes/interactive/modal.go:460.26,462.29 2 0
github.com/goppydae/gollm/internal/modes/interactive/modal.go:462.29,464.4 1 0
github.com/goppydae/gollm/internal/modes/interactive/modal.go:467.2,472.20 6 0
github.com/goppydae/gollm/internal/modes/interactive/modal.go:472.20,474.3 1 0
github.com/goppydae/gollm/internal/modes/interactive/modal.go:476.2,476.12 1 0
github.com/goppydae/gollm/internal/modes/interactive/modal.go:484.67,484.79 1 0
github.com/goppydae/gollm/internal/modes/interactive/modal.go:485.67,485.79 1 0
github.com/goppydae/gollm/internal/modes/interactive/modal.go:486.67,486.81 1 0
github.com/goppydae/gollm/internal/modes/interactive/modal.go:487.89,489.9 2 0
github.com/goppydae/gollm/internal/modes/interactive/modal.go:489.9,491.3 1 0
github.com/goppydae/gollm/internal/modes/interactive/modal.go:493.2,496.24 4 0
github.com/goppydae/gollm/internal/modes/interactive/modal.go:496.24,499.3 2 0
github.com/goppydae/gollm/internal/modes/interactive/modal.go:501.2,501.41 1 0
github.com/goppydae/gollm/internal/modes/interactive/modal.go:504.98,511.39 6 0
github.com/goppydae/gollm/internal/modes/interactive/modal.go:511.39,514.52 3 0
github.com/goppydae/gollm/internal/modes/interactive/modal.go:514.52,517.4 2 0
github.com/goppydae/gollm/internal/modes/interactive/modal.go:518.3,519.27 2 0
github.com/goppydae/gollm/internal/modes/interactive/modal.go:519.27,521.4 1 0
github.com/goppydae/gollm/internal/modes/interactive/modal.go:524.2,529.20 6 0
github.com/goppydae/gollm/internal/modes/interactive/modal.go:529.20,531.3 1 0
github.com/goppydae/gollm/internal/modes/interactive/modal.go:533.2,533.12 1 0
github.com/goppydae/gollm/internal/modes/interactive/model.go:25.30,27.2 1 1
github.com/goppydae/gollm/internal/modes/interactive/model.go:29.239,34.64 4 1
github.com/goppydae/gollm/internal/modes/interactive/model.go:34.64,36.3 1 0
github.com/goppydae/gollm/internal/modes/interactive/model.go:37.2,99.24 25 1
github.com/goppydae/gollm/internal/modes/interactive/model.go:99.24,101.3 1 0
github.com/goppydae/gollm/internal/modes/interactive/model.go:102.2,102.11 1 1
github.com/goppydae/gollm/internal/modes/interactive/model.go:105.30,106.21 1 1
github.com/goppydae/gollm/internal/modes/interactive/model.go:106.21,108.3 1 0
github.com/goppydae/gollm/internal/modes/interactive/model.go:109.2,109.60 1 1
github.com/goppydae/gollm/internal/modes/interactive/model.go:113.32,114.78 1 0
github.com/goppydae/gollm/internal/modes/interactive/model.go:114.78,114.105 1 0
github.com/goppydae/gollm/internal/modes/interactive/model.go:115.2,115.71 1 0
github.com/goppydae/gollm/internal/modes/interactive/model.go:115.71,116.38 1 0
github.com/goppydae/gollm/internal/modes/interactive/model.go:116.38,116.67 1 0
github.com/goppydae/gollm/internal/modes/interactive/model.go:118.2,118.27 1 0
github.com/goppydae/gollm/internal/modes/interactive/picker_list.go:33.42,33.60 1 0
github.com/goppydae/gollm/internal/modes/interactive/picker_list.go:34.42,34.66 1 0
github.com/goppydae/gollm/internal/modes/interactive/picker_list.go:35.42,35.60 1 0
github.com/goppydae/gollm/internal/modes/interactive/picker_list.go:45.68,45.80 1 1
github.com/goppydae/gollm/internal/modes/interactive/picker_list.go:46.68,46.80 1 1
github.com/goppydae/gollm/internal/modes/interactive/picker_list.go:47.68,47.82 1 0
github.com/goppydae/gollm/internal/modes/interactive/picker_list.go:48.90,50.9 2 0
github.com/goppydae/gollm/internal/modes/interactive/picker_list.go:50.9,52.3 1 0
github.com/goppydae/gollm/internal/modes/interactive/picker_list.go:54.2,55.25 2 0
github.com/goppydae/gollm/internal/modes/interactive/picker_list.go:55.25,57.3 1 0
github.com/goppydae/gollm/internal/modes/interactive/picker_list.go:59.2,60.24 2 0
github.com/goppydae/gollm/internal/modes/interactive/picker_list.go:60.24,61.36 1 0
github.com/goppydae/gollm/internal/modes/interactive/picker_list.go:61.36,64.4 2 0
github.com/goppydae/gollm/internal/modes/interactive/picker_list.go:67.2,67.31 1 0
github.com/goppydae/gollm/internal/modes/interactive/picker_list.go:71.44,82.2 9 1
github.com/goppydae/gollm/internal/modes/interactive/picker_list.go:88.42,94.79 3 0
github.com/goppydae/gollm/internal/modes/interactive/picker_list.go:94.79,95.17 1 0
github.com/goppydae/gollm/internal/modes/interactive/picker_list.go:95.17,97.4 1 0
github.com/goppydae/gollm/internal/modes/interactive/picker_list.go:98.3,98.16 1 0
github.com/goppydae/gollm/internal/modes/interactive/picker_list.go:98.16,99.20 1 0
github.com/goppydae/gollm/internal/modes/interactive/picker_list.go:99.20,101.5 1 0
github.com/goppydae/gollm/internal/modes/interactive/picker_list.go:102.4,102.62 1 0
github.com/goppydae/gollm/internal/modes/interactive/picker_list.go:102.62,104.5 1 0
github.com/goppydae/gollm/internal/modes/interactive/picker_list.go:105.4,106.18 2 0
github.com/goppydae/gollm/internal/modes/interactive/picker_list.go:106.18,108.5 1 0
github.com/goppydae/gollm/internal/modes/interactive/picker_list.go:109.4,110.14 2 0
github.com/goppydae/gollm/internal/modes/interactive/picker_list.go:112.3,113.17 2 0
github.com/goppydae/gollm/internal/modes/interactive/picker_list.go:113.17,115.4 1 0
github.com/goppydae/gollm/internal/modes/interactive/picker_list.go:116.3,117.13 2 0
github.com/goppydae/gollm/internal/modes/interactive/picker_list.go:119.2,119.16 1 0
github.com/goppydae/gollm/internal/modes/interactive/picker_list.go:124.64,128.12 4 0
github.com/goppydae/gollm/internal/modes/interactive/picker_list.go:128.12,130.3 1 0
github.com/goppydae/gollm/internal/modes/interactive/picker_list.go:131.2,132.42 2 0
github.com/goppydae/gollm/internal/modes/interactive/picker_list.go:132.42,134.3 1 0
github.com/goppydae/gollm/internal/modes/interactive/picker_list.go:135.2,135.40 1 0
github.com/goppydae/gollm/internal/modes/interactive/picker_list.go:139.74,141.2 1 0
github.com/goppydae/gollm/internal/modes/interactive/slash.go:31.51,32.35 1 0
github.com/goppydae/gollm/internal/modes/interactive/slash.go:32.35,34.3 1 0
github.com/goppydae/gollm/internal/modes/interactive/slash.go:36.2,38.18 3 0
github.com/goppydae/gollm/internal/modes/interactive/slash.go:38.18,40.3 1 0
github.com/goppydae/gollm/internal/modes/interactive/slash.go:41.2,45.3 1 0
github.com/goppydae/gollm/internal/modes/interactive/slash.go:52.37,53.77 1 0
github.com/goppydae/gollm/internal/modes/interactive/slash.go:53.77,55.3 1 0
github.com/goppydae/gollm/internal/modes/interactive/slash.go:56.2,56.38 1 0
github.com/goppydae/gollm/internal/modes/interactive/slash.go:56.38,57.16 1 0
github.com/goppydae/gollm/internal/modes/interactive/slash.go:57.16,59.4 1 0
github.com/goppydae/gollm/internal/modes/interactive/slash.go:61.2,61.14 1 0
github.com/goppydae/gollm/internal/modes/interactive/slash.go:83.157,84.9 1 0
github.com/goppydae/gollm/internal/modes/interactive/slash.go:85.25,86.45 1 0
github.com/goppydae/gollm/internal/modes/interactive/slash.go:88.28,89.62 1 0
github.com/goppydae/gollm/internal/modes/interactive/slash.go:91.28,92.57 1 0
github.com/goppydae/gollm/internal/modes/interactive/slash.go:94.26,95.46 1 0
github.com/goppydae/gollm/internal/modes/interactive/slash.go:97.28,98.48 1 0
github.com/goppydae/gollm/internal/modes/interactive/slash.go:100.27,101.61 1 0
github.com/goppydae/gollm/internal/modes/interactive/slash.go:103.26,104.61 1 0
github.com/goppydae/gollm/internal/modes/interactive/slash.go:106.28,107.62 1 0
github.com/goppydae/gollm/internal/modes/interactive/slash.go:109.28,110.63 1 0
github.com/goppydae/gollm/internal/modes/interactive/slash.go:112.27,113.62 1 0
github.com/goppydae/gollm/internal/modes/interactive/slash.go:115.27,116.48 1 0
github.com/goppydae/gollm/internal/modes/interactive/slash.go:118.29,119.43 1 0
github.com/goppydae/gollm/internal/modes/interactive/slash.go:121.28,122.34 1 0
github.com/goppydae/gollm/internal/modes/interactive/slash.go:124.29,125.50 1 0
github.com/goppydae/gollm/internal/modes/interactive/slash.go:127.27,128.46 1 0
github.com/goppydae/gollm/internal/modes/interactive/slash.go:130.28,131.43 1 0
github.com/goppydae/gollm/internal/modes/interactive/slash.go:133.45,135.53 2 0
github.com/goppydae/gollm/internal/modes/interactive/slash.go:137.46,139.46 2 0
github.com/goppydae/gollm/internal/modes/interactive/slash.go:141.48,142.39 1 0
github.com/goppydae/gollm/internal/modes/interactive/slash.go:144.10,145.99 1 0
github.com/goppydae/gollm/internal/modes/interactive/slash.go:145.99,147.4 1 0
github.com/goppydae/gollm/internal/modes/interactive/slash.go:148.3,148.90 1 0
github.com/goppydae/gollm/internal/modes/interactive/slash.go:148.90,150.4 1 0
github.com/goppydae/gollm/internal/modes/interactive/slash.go:151.3,153.9 1 0
github.com/goppydae/gollm/internal/modes/interactive/slash.go:157.94,159.16 2 0
github.com/goppydae/gollm/internal/modes/interactive/slash.go:159.16,161.3 1 0
github.com/goppydae/gollm/internal/modes/interactive/slash.go:162.2,167.8 2 0
github.com/goppydae/gollm/internal/modes/interactive/slash.go:170.131,171.15 1 0
github.com/goppydae/gollm/internal/modes/interactive/slash.go:171.15,175.3 1 0
github.com/goppydae/gollm/internal/modes/interactive/slash.go:178.2,179.44 2 0
github.com/goppydae/gollm/internal/modes/interactive/slash.go:179.44,181.3 1 0
github.com/goppydae/gollm/internal/modes/interactive/slash.go:181.8,181.56 1 0
github.com/goppydae/gollm/internal/modes/interactive/slash.go:181.56,182.47 1 0
github.com/goppydae/gollm/internal/modes/interactive/slash.go:182.47,184.4 1 0
github.com/goppydae/gollm/internal/modes/interactive/slash.go:187.2,193.8 2 0
github.com/goppydae/gollm/internal/modes/interactive/slash.go:197.109,199.15 2 0
github.com/goppydae/gollm/internal/modes/interactive/slash.go:199.15,200.65 1 0
github.com/goppydae/gollm/internal/modes/interactive/slash.go:200.65,202.4 1 0
github.com/goppydae/gollm/internal/modes/interactive/slash.go:204.2,208.16 2 0
github.com/goppydae/gollm/internal/modes/interactive/slash.go:208.16,210.3 1 0
github.com/goppydae/gollm/internal/modes/interactive/slash.go:211.2,214.19 4 0
github.com/goppydae/gollm/internal/modes/interactive/slash.go:214.19,216.3 1 0
github.com/goppydae/gollm/internal/modes/interactive/slash.go:217.2,221.8 1 0
github.com/goppydae/gollm/internal/modes/interactive/slash.go:225.95,227.16 2 0
github.com/goppydae/gollm/internal/modes/interactive/slash.go:227.16,229.3 1 0
github.com/goppydae/gollm/internal/modes/interactive/slash.go:230.2,235.8 2 0
github.com/goppydae/gollm/internal/modes/interactive/slash.go:239.97,241.16 2 0
github.com/goppydae/gollm/internal/modes/interactive/slash.go:241.16,243.3 1 0
github.com/goppydae/gollm/internal/modes/interactive/slash.go:244.2,247.8 1 0
github.com/goppydae/gollm/internal/modes/interactive/slash.go:251.130,252.15 1 0
github.com/goppydae/gollm/internal/modes/interactive/slash.go:252.15,256.3 1 0
github.com/goppydae/gollm/internal/modes/interactive/slash.go:257.2,258.16 2 0
github.com/goppydae/gollm/internal/modes/interactive/slash.go:258.16,262.3 1 0
github.com/goppydae/gollm/internal/modes/interactive/slash.go:263.2,267.16 2 0
github.com/goppydae/gollm/internal/modes/interactive/slash.go:267.16,269.3 1 0
github.com/goppydae/gollm/internal/modes/interactive/slash.go:270.2,277.8 4 0
github.com/goppydae/gollm/internal/modes/interactive/slash.go:282.75,284.16 2 0
github.com/goppydae/gollm/internal/modes/interactive/slash.go:284.16,286.3 1 0
github.com/goppydae/gollm/internal/modes/interactive/slash.go:287.2,291.30 4 0
github.com/goppydae/gollm/internal/modes/interactive/slash.go:291.30,292.20 1 0
github.com/goppydae/gollm/internal/modes/interactive/slash.go:292.20,294.4 1 0
github.com/goppydae/gollm/internal/modes/interactive/slash.go:295.3,295.78 1 0
github.com/goppydae/gollm/internal/modes/interactive/slash.go:295.78,297.4 1 0
github.com/goppydae/gollm/internal/modes/interactive/slash.go:297.9,297.67 1 0
github.com/goppydae/gollm/internal/modes/interactive/slash.go:297.67,299.4 1 0
github.com/goppydae/gollm/internal/modes/interactive/slash.go:301.2,301.23 1 0
github.com/goppydae/gollm/internal/modes/interactive/slash.go:301.23,303.3 1 0
github.com/goppydae/gollm/internal/modes/interactive/slash.go:304.2,304.22 1 0
github.com/goppydae/gollm/internal/modes/interactive/slash.go:304.22,306.3 1 0
github.com/goppydae/gollm/internal/modes/interactive/slash.go:307.2,307.54 1 0
github.com/goppydae/gollm/internal/modes/interactive/slash.go:310.22,311.11 1 0
github.com/goppydae/gollm/internal/modes/interactive/slash.go:311.11,313.3 1 0
github.com/goppydae/gollm/internal/modes/interactive/slash.go:314.2,314.10 1 0
github.com/goppydae/gollm/internal/modes/interactive/slash.go:317.128,320.70 3 0
github.com/goppydae/gollm/internal/modes/interactive/slash.go:320.70,323.3 2 0
github.com/goppydae/gollm/internal/modes/interactive/slash.go:323.8,323.78 1 0
github.com/goppydae/gollm/internal/modes/interactive/slash.go:323.78,326.3 2 0
github.com/goppydae/gollm/internal/modes/interactive/slash.go:329.2,333.16 2 0
github.com/goppydae/gollm/internal/modes/interactive/slash.go:333.16,335.22 2 0
github.com/goppydae/gollm/internal/modes/interactive/slash.go:335.22,339.4 1 0
github.com/goppydae/gollm/internal/modes/interactive/slash.go:340.3,343.9 1 0
github.com/goppydae/gollm/internal/modes/interactive/slash.go:346.2,347.17 2 0
github.com/goppydae/gollm/internal/modes/interactive/slash.go:347.17,349.3 1 0
github.com/goppydae/gollm/internal/modes/interactive/slash.go:351.2,352.21 2 0
github.com/goppydae/gollm/internal/modes/interactive/slash.go:352.21,356.3 1 0
github.com/goppydae/gollm/internal/modes/interactive/slash.go:358.2,361.8 1 0
github.com/goppydae/gollm/internal/modes/interactive/slash.go:366.70,371.107 4 0
github.com/goppydae/gollm/internal/modes/interactive/slash.go:371.107,387.23 6 0
github.com/goppydae/gollm/internal/modes/interactive/slash.go:387.23,389.4 1 0
github.com/goppydae/gollm/internal/modes/interactive/slash.go:389.9,389.40 1 0
github.com/goppydae/gollm/internal/modes/interactive/slash.go:389.40,391.4 1 0
github.com/goppydae/gollm/internal/modes/interactive/slash.go:393.3,393.34 1 0
github.com/goppydae/gollm/internal/modes/interactive/slash.go:393.34,397.21 3 0
github.com/goppydae/gollm/internal/modes/interactive/slash.go:397.21,399.17 2 0
github.com/goppydae/gollm/internal/modes/interactive/slash.go:399.17,401.6 1 0
github.com/goppydae/gollm/internal/modes/interactive/slash.go:404.4,404.73 1 0
github.com/goppydae/gollm/internal/modes/interactive/slash.go:408.2,408.29 1 0
github.com/goppydae/gollm/internal/modes/interactive/slash.go:408.29,410.20 2 0
github.com/goppydae/gollm/internal/modes/interactive/slash.go:410.20,412.4 1 0
github.com/goppydae/gollm/internal/modes/interactive/slash.go:413.3,414.40 2 0
github.com/goppydae/gollm/internal/modes/interactive/slash.go:414.40,416.4 1 0
github.com/goppydae/gollm/internal/modes/interactive/slash.go:417.3,417.71 1 0
github.com/goppydae/gollm/internal/modes/interactive/slash.go:419.2,419.15 1 0
github.com/goppydae/gollm/internal/modes/interactive/slash.go:422.59,433.31 2 0
github.com/goppydae/gollm/internal/modes/interactive/slash.go:433.31,436.3 2 0
github.com/goppydae/gollm/internal/modes/interactive/slash.go:437.2,437.27 1 0
github.com/goppydae/gollm/internal/modes/interactive/slash.go:437.27,440.3 2 0
github.com/goppydae/gollm/internal/modes/interactive/slash.go:441.2,441.13 1 0
github.com/goppydae/gollm/internal/modes/interactive/slash.go:445.76,447.25 2 0
github.com/goppydae/gollm/internal/modes/interactive/slash.go:447.25,449.24 2 0
github.com/goppydae/gollm/internal/modes/interactive/slash.go:449.24,451.4 1 0
github.com/goppydae/gollm/internal/modes/interactive/slash.go:452.3,452.81 1 0
github.com/goppydae/gollm/internal/modes/interactive/slash.go:454.2,454.14 1 0
github.com/goppydae/gollm/internal/modes/interactive/slash.go:457.131,458.15 1 0
github.com/goppydae/gollm/internal/modes/interactive/slash.go:458.15,462.3 1 0
github.com/goppydae/gollm/internal/modes/interactive/slash.go:464.2,466.89 3 0
github.com/goppydae/gollm/internal/modes/interactive/slash.go:466.89,468.3 1 0
github.com/goppydae/gollm/internal/modes/interactive/slash.go:468.8,470.3 1 0
github.com/goppydae/gollm/internal/modes/interactive/slash.go:471.2,471.16 1 0
github.com/goppydae/gollm/internal/modes/interactive/slash.go:471.16,473.3 1 0
github.com/goppydae/gollm/internal/modes/interactive/slash.go:476.2,477.16 2 0
github.com/goppydae/gollm/internal/modes/interactive/slash.go:477.16,479.3 1 0
github.com/goppydae/gollm/internal/modes/interactive/slash.go:480.2,508.8 6 0
github.com/goppydae/gollm/internal/modes/interactive/slash.go:511.130,512.15 1 0
github.com/goppydae/gollm/internal/modes/interactive/slash.go:512.15,516.3 1 0
github.com/goppydae/gollm/internal/modes/interactive/slash.go:518.2,519.16 2 0
github.com/goppydae/gollm/internal/modes/interactive/slash.go:519.16,521.3 1 0
github.com/goppydae/gollm/internal/modes/interactive/slash.go:522.2,523.16 2 0
github.com/goppydae/gollm/internal/modes/interactive/slash.go:523.16,525.3 1 0
github.com/goppydae/gollm/internal/modes/interactive/slash.go:527.2,528.34 2 0
github.com/goppydae/gollm/internal/modes/interactive/slash.go:528.34,535.34 2 0
github.com/goppydae/gollm/internal/modes/interactive/slash.go:535.34,541.4 1 0
github.com/goppydae/gollm/internal/modes/interactive/slash.go:542.3,542.37 1 0
github.com/goppydae/gollm/internal/modes/interactive/slash.go:545.2,556.54 2 0
github.com/goppydae/gollm/internal/modes/interactive/slash.go:556.54,558.3 1 0
github.com/goppydae/gollm/internal/modes/interactive/slash.go:560.2,562.8 1 0
github.com/goppydae/gollm/internal/modes/interactive/slash.go:565.95,567.2 1 0
github.com/goppydae/gollm/internal/modes/interactive/slash.go:569.90,571.2 1 0
github.com/goppydae/gollm/internal/modes/interactive/slash.go:573.68,575.2 1 0
github.com/goppydae/gollm/internal/modes/interactive/slash.go:577.97,580.16 3 0
github.com/goppydae/gollm/internal/modes/interactive/slash.go:580.16,582.3 1 0
github.com/goppydae/gollm/internal/modes/interactive/slash.go:583.2,585.17 3 0
github.com/goppydae/gollm/internal/modes/interactive/slash.go:585.17,586.35 1 0
github.com/goppydae/gollm/internal/modes/interactive/slash.go:586.35,587.18 1 0
github.com/goppydae/gollm/internal/modes/interactive/slash.go:588.16,589.15 1 0
github.com/goppydae/gollm/internal/modes/interactive/slash.go:590.21,592.34 2 0
github.com/goppydae/gollm/internal/modes/interactive/slash.go:593.16,594.18 1 0
github.com/goppydae/gollm/internal/modes/interactive/slash.go:598.2,601.71 3 0
github.com/goppydae/gollm/internal/modes/interactive/slash.go:601.71,603.3 1 0
github.com/goppydae/gollm/internal/modes/interactive/slash.go:604.2,609.8 1 0
github.com/goppydae/gollm/internal/modes/interactive/slash.go:612.127,613.15 1 0
github.com/goppydae/gollm/internal/modes/interactive/slash.go:613.15,617.3 1 0
github.com/goppydae/gollm/internal/modes/interactive/slash.go:619.2,621.50 3 0
github.com/goppydae/gollm/internal/modes/interactive/slash.go:621.50,624.3 2 0
github.com/goppydae/gollm/internal/modes/interactive/slash.go:626.2,630.34 2 0
github.com/goppydae/gollm/internal/modes/interactive/slash.go:630.34,632.3 1 0
github.com/goppydae/gollm/internal/modes/interactive/slash.go:633.2,634.16 2 0
github.com/goppydae/gollm/internal/modes/interactive/slash.go:634.16,636.3 1 0
github.com/goppydae/gollm/internal/modes/interactive/slash.go:638.2,641.8 1 0
github.com/goppydae/gollm/internal/modes/interactive/slash.go:644.91,645.21 1 0
github.com/goppydae/gollm/internal/modes/interactive/slash.go:645.21,649.3 1 0
github.com/goppydae/gollm/internal/modes/interactive/slash.go:651.2,656.16 5 0
github.com/goppydae/gollm/internal/modes/interactive/slash.go:656.16,658.3 1 0
github.com/goppydae/gollm/internal/modes/interactive/slash.go:660.2,661.30 2 0
github.com/goppydae/gollm/internal/modes/interactive/slash.go:661.30,662.26 1 0
github.com/goppydae/gollm/internal/modes/interactive/slash.go:662.26,664.9 2 0
github.com/goppydae/gollm/internal/modes/interactive/slash.go:668.2,668.18 1 0
github.com/goppydae/gollm/internal/modes/interactive/slash.go:668.18,670.3 1 0
github.com/goppydae/gollm/internal/modes/interactive/slash.go:672.2,676.8 2 0
github.com/goppydae/gollm/internal/modes/interactive/slash.go:679.87,680.22 1 0
github.com/goppydae/gollm/internal/modes/interactive/slash.go:680.22,684.3 1 0
github.com/goppydae/gollm/internal/modes/interactive/slash.go:686.2,690.16 4 0
github.com/goppydae/gollm/internal/modes/interactive/slash.go:690.16,692.3 1 0
github.com/goppydae/gollm/internal/modes/interactive/slash.go:694.2,695.31 2 0
github.com/goppydae/gollm/internal/modes/interactive/slash.go:695.31,697.25 2 0
github.com/goppydae/gollm/internal/modes/interactive/slash.go:697.25,699.9 2 0
github.com/goppydae/gollm/internal/modes/interactive/slash.go:703.2,703.19 1 0
github.com/goppydae/gollm/internal/modes/interactive/slash.go:703.19,705.3 1 0
github.com/goppydae/gollm/internal/modes/interactive/slash.go:707.2,707.48 1 0
github.com/goppydae/gollm/internal/modes/interactive/slash.go:717.82,718.34 1 0
github.com/goppydae/gollm/internal/modes/interactive/slash.go:718.34,721.3 2 0
github.com/goppydae/gollm/internal/modes/interactive/slash.go:721.8,723.3 1 0
github.com/goppydae/gollm/internal/modes/interactive/slash.go:724.2,725.15 2 0
github.com/goppydae/gollm/internal/modes/interactive/slash.go:725.15,727.3 1 0
github.com/goppydae/gollm/internal/modes/interactive/slash.go:729.2,732.20 4 0
github.com/goppydae/gollm/internal/modes/interactive/slash.go:732.20,736.3 3 0
github.com/goppydae/gollm/internal/modes/interactive/slash.go:737.2,739.8 3 0
github.com/goppydae/gollm/internal/modes/interactive/slash.go:742.33,748.2 5 0
github.com/goppydae/gollm/internal/modes/interactive/slash.go:750.25,750.38 1 0
github.com/goppydae/gollm/internal/modes/interactive/update.go:28.58,31.27 2 0
github.com/goppydae/gollm/internal/modes/interactive/update.go:32.25,39.22 7 0
github.com/goppydae/gollm/internal/modes/interactive/update.go:41.23,44.18 3 0
github.com/goppydae/gollm/internal/modes/interactive/update.go:46.20,48.44 2 0
github.com/goppydae/gollm/internal/modes/interactive/update.go:50.21,53.43 2 0
github.com/goppydae/gollm/internal/modes/interactive/update.go:53.43,55.4 1 0
[...]
github.com/goppydae/gollm/internal/tools/bash.go:72.2,72.26 1 1
github.com/goppydae/gollm/internal/tools/bash.go:72.26,74.3 1 0
github.com/goppydae/gollm/internal/tools/bash.go:76.2,77.41 2 1
github.com/goppydae/gollm/internal/tools/bash.go:77.41,78.59 1 0
github.com/goppydae/gollm/internal/tools/bash.go:78.59,83.4 1 0
github.com/goppydae/gollm/internal/tools/bash.go:86.2,87.15 2 1
github.com/goppydae/gollm/internal/tools/bash.go:87.15,89.3 1 1
github.com/goppydae/gollm/internal/tools/bash.go:89.8,91.3 1 0
github.com/goppydae/gollm/internal/tools/bash.go:92.2,92.15 1 1
github.com/goppydae/gollm/internal/tools/bash.go:92.15,95.17 3 1
github.com/goppydae/gollm/internal/tools/bash.go:95.17,97.4 1 0
github.com/goppydae/gollm/internal/tools/bash.go:100.2,101.18 2 1
github.com/goppydae/gollm/internal/tools/bash.go:101.18,103.3 1 1
github.com/goppydae/gollm/internal/tools/bash.go:105.2,122.16 14 1
github.com/goppydae/gollm/internal/tools/bash.go:122.16,123.49 1 0
github.com/goppydae/gollm/internal/tools/bash.go:123.49,125.4 1 0
github.com/goppydae/gollm/internal/tools/bash.go:125.9,127.4 1 0
github.com/goppydae/gollm/internal/tools/bash.go:130.2,139.22 2 1
github.com/goppydae/gollm/internal/tools/bash.go:139.22,141.3 1 0
github.com/goppydae/gollm/internal/tools/bash.go:143.2,143.19 1 1
github.com/goppydae/gollm/internal/tools/bash.go:143.19,146.3 2 0
github.com/goppydae/gollm/internal/tools/bash.go:148.2,148.19 1 1
github.com/goppydae/gollm/internal/tools/bash.go:148.19,150.3 1 0
github.com/goppydae/gollm/internal/tools/bash.go:152.2,152.20 1 1
github.com/goppydae/gollm/internal/tools/bash.go:155.31,155.47 1 0
github.com/goppydae/gollm/internal/tools/bash.go:161.50,164.30 3 1
github.com/goppydae/gollm/internal/tools/bash.go:164.30,165.39 1 1
github.com/goppydae/gollm/internal/tools/bash.go:165.39,167.4 1 1
github.com/goppydae/gollm/internal/tools/bash.go:169.2,170.12 2 1
github.com/goppydae/gollm/internal/tools/edit.go:16.27,16.44 1 0
github.com/goppydae/gollm/internal/tools/edit.go:18.34,20.2 1 0
github.com/goppydae/gollm/internal/tools/edit.go:22.38,49.2 1 0
github.com/goppydae/gollm/internal/tools/edit.go:51.104,59.54 2 1
github.com/goppydae/gollm/internal/tools/edit.go:59.54,61.3 1 0
github.com/goppydae/gollm/internal/tools/edit.go:63.2,63.23 1 1
github.com/goppydae/gollm/internal/tools/edit.go:63.23,65.3 1 0
github.com/goppydae/gollm/internal/tools/edit.go:66.2,66.26 1 1
github.com/goppydae/gollm/internal/tools/edit.go:66.26,68.3 1 0
github.com/goppydae/gollm/internal/tools/edit.go:71.2,72.16 2 1
github.com/goppydae/gollm/internal/tools/edit.go:72.16,74.3 1 0
github.com/goppydae/gollm/internal/tools/edit.go:76.2,77.16 2 1
github.com/goppydae/gollm/internal/tools/edit.go:77.16,79.3 1 0
github.com/goppydae/gollm/internal/tools/edit.go:82.2,83.18 2 1
github.com/goppydae/gollm/internal/tools/edit.go:83.18,85.3 1 0
github.com/goppydae/gollm/internal/tools/edit.go:85.8,87.3 1 1
github.com/goppydae/gollm/internal/tools/edit.go:88.2,88.16 1 1
github.com/goppydae/gollm/internal/tools/edit.go:88.16,90.3 1 0
github.com/goppydae/gollm/internal/tools/edit.go:93.2,93.68 1 1
github.com/goppydae/gollm/internal/tools/edit.go:93.68,95.3 1 0
github.com/goppydae/gollm/internal/tools/edit.go:97.2,98.16 2 1
github.com/goppydae/gollm/internal/tools/edit.go:98.16,100.3 1 0
github.com/goppydae/gollm/internal/tools/edit.go:102.2,110.19 2 1
github.com/goppydae/gollm/internal/tools/edit.go:110.19,112.3 1 0
github.com/goppydae/gollm/internal/tools/edit.go:114.2,114.24 1 1
github.com/goppydae/gollm/internal/tools/edit.go:117.80,118.16 1 1
github.com/goppydae/gollm/internal/tools/edit.go:118.16,121.25 3 1
github.com/goppydae/gollm/internal/tools/edit.go:121.25,123.4 1 0
github.com/goppydae/gollm/internal/tools/edit.go:124.3,126.41 3 1
github.com/goppydae/gollm/internal/tools/edit.go:126.41,128.4 1 1
github.com/goppydae/gollm/internal/tools/edit.go:129.3,129.75 1 1
github.com/goppydae/gollm/internal/tools/edit.go:132.2,132.41 1 1
github.com/goppydae/gollm/internal/tools/edit.go:132.41,134.3 1 0
github.com/goppydae/gollm/internal/tools/edit.go:136.2,136.59 1 1
github.com/goppydae/gollm/internal/tools/edit.go:139.82,141.16 2 1
github.com/goppydae/gollm/internal/tools/edit.go:141.16,143.3 1 0
github.com/goppydae/gollm/internal/tools/edit.go:145.2,145.16 1 1
github.com/goppydae/gollm/internal/tools/edit.go:145.16,148.25 3 1
github.com/goppydae/gollm/internal/tools/edit.go:148.25,150.4 1 0
github.com/goppydae/gollm/internal/tools/edit.go:151.3,153.30 3 1
github.com/goppydae/gollm/internal/tools/edit.go:153.30,155.4 1 1
github.com/goppydae/gollm/internal/tools/edit.go:156.3,156.71 1 1
github.com/goppydae/gollm/internal/tools/edit.go:159.2,159.30 1 0
github.com/goppydae/gollm/internal/tools/edit.go:159.30,161.3 1 0
github.com/goppydae/gollm/internal/tools/edit.go:163.2,163.55 1 0
github.com/goppydae/gollm/internal/tools/edit.go:166.31,166.47 1 0
github.com/goppydae/gollm/internal/tools/find.go:15.27,15.44 1 0
github.com/goppydae/gollm/internal/tools/find.go:17.34,19.2 1 0
github.com/goppydae/gollm/internal/tools/find.go:21.38,40.2 1 0
github.com/goppydae/gollm/internal/tools/find.go:42.104,48.54 2 1
github.com/goppydae/gollm/internal/tools/find.go:48.54,50.3 1 0
github.com/goppydae/gollm/internal/tools/find.go:52.2,52.23 1 1
github.com/goppydae/gollm/internal/tools/find.go:52.23,54.3 1 1
github.com/goppydae/gollm/internal/tools/find.go:56.2,57.16 2 1
github.com/goppydae/gollm/internal/tools/find.go:57.16,59.3 1 0
github.com/goppydae/gollm/internal/tools/find.go:61.2,62.16 2 1
github.com/goppydae/gollm/internal/tools/find.go:62.16,64.3 1 0
github.com/goppydae/gollm/internal/tools/find.go:68.2,69.37 2 1
github.com/goppydae/gollm/internal/tools/find.go:69.37,71.3 1 0
github.com/goppydae/gollm/internal/tools/find.go:72.2,77.16 4 1
github.com/goppydae/gollm/internal/tools/find.go:77.16,79.3 1 0
github.com/goppydae/gollm/internal/tools/find.go:81.2,81.19 1 1
github.com/goppydae/gollm/internal/tools/find.go:81.19,84.17 2 0
github.com/goppydae/gollm/internal/tools/find.go:84.17,86.4 1 0
github.com/goppydae/gollm/internal/tools/find.go:87.3,87.53 1 0
github.com/goppydae/gollm/internal/tools/find.go:87.53,89.4 1 0
github.com/goppydae/gollm/internal/tools/find.go:90.8,93.17 2 1
github.com/goppydae/gollm/internal/tools/find.go:93.17,95.4 1 0
github.com/goppydae/gollm/internal/tools/find.go:98.2,98.23 1 1
github.com/goppydae/gollm/internal/tools/find.go:98.23,106.20 2 0
github.com/goppydae/gollm/internal/tools/find.go:106.20,108.4 1 0
github.com/goppydae/gollm/internal/tools/find.go:109.3,109.21 1 0
github.com/goppydae/gollm/internal/tools/find.go:112.2,120.19 2 1
github.com/goppydae/gollm/internal/tools/find.go:120.19,122.3 1 0
github.com/goppydae/gollm/internal/tools/find.go:124.2,124.20 1 1
github.com/goppydae/gollm/internal/tools/find.go:127.48,128.39 1 1
github.com/goppydae/gollm/internal/tools/find.go:128.39,130.17 2 1
github.com/goppydae/gollm/internal/tools/find.go:130.17,132.4 1 0
github.com/goppydae/gollm/internal/tools/find.go:133.3,133.23 1 1
github.com/goppydae/gollm/internal/tools/find.go:135.2,135.21 1 0
github.com/goppydae/gollm/internal/tools/find.go:135.21,137.17 2 0
github.com/goppydae/gollm/internal/tools/find.go:137.17,139.4 1 0
github.com/goppydae/gollm/internal/tools/find.go:140.3,140.22 1 0
github.com/goppydae/gollm/internal/tools/find.go:142.2,142.13 1 0
github.com/goppydae/gollm/internal/tools/find.go:145.63,148.82 2 1
github.com/goppydae/gollm/internal/tools/find.go:148.82,149.17 1 1
github.com/goppydae/gollm/internal/tools/find.go:149.17,151.4 1 0
github.com/goppydae/gollm/internal/tools/find.go:154.3,154.66 1 1
github.com/goppydae/gollm/internal/tools/find.go:154.66,155.20 1 0
github.com/goppydae/gollm/internal/tools/find.go:155.20,157.5 1 0
github.com/goppydae/gollm/internal/tools/find.go:159.3,159.77 1 1
github.com/goppydae/gollm/internal/tools/find.go:159.77,160.20 1 0
github.com/goppydae/gollm/internal/tools/find.go:160.20,162.5 1 0
github.com/goppydae/gollm/internal/tools/find.go:163.4,163.14 1 0
github.com/goppydae/gollm/internal/tools/find.go:167.3,167.37 1 1
github.com/goppydae/gollm/internal/tools/find.go:167.37,169.4 1 1
github.com/goppydae/gollm/internal/tools/find.go:172.3,173.17 2 1
github.com/goppydae/gollm/internal/tools/find.go:173.17,175.4 1 0
github.com/goppydae/gollm/internal/tools/find.go:176.3,176.14 1 1
github.com/goppydae/gollm/internal/tools/find.go:176.14,178.4 1 1
github.com/goppydae/gollm/internal/tools/find.go:180.3,180.13 1 1
github.com/goppydae/gollm/internal/tools/find.go:183.2,183.21 1 1
github.com/goppydae/gollm/internal/tools/find.go:186.31,186.46 1 0
github.com/goppydae/gollm/internal/tools/grep.go:18.27,18.44 1 0
github.com/goppydae/gollm/internal/tools/grep.go:20.34,22.2 1 0
github.com/goppydae/gollm/internal/tools/grep.go:24.38,55.2 1 0
github.com/goppydae/gollm/internal/tools/grep.go:57.104,66.54 2 1
github.com/goppydae/gollm/internal/tools/grep.go:66.54,68.3 1 0
github.com/goppydae/gollm/internal/tools/grep.go:70.2,70.26 1 1
github.com/goppydae/gollm/internal/tools/grep.go:70.26,72.3 1 0
github.com/goppydae/gollm/internal/tools/grep.go:74.2,75.16 2 1
github.com/goppydae/gollm/internal/tools/grep.go:75.16,77.3 1 0
github.com/goppydae/gollm/internal/tools/grep.go:79.2,80.16 2 1
github.com/goppydae/gollm/internal/tools/grep.go:80.16,82.3 1 0
github.com/goppydae/gollm/internal/tools/grep.go:84.2,85.21 2 1
github.com/goppydae/gollm/internal/tools/grep.go:85.21,87.3 1 1
github.com/goppydae/gollm/internal/tools/grep.go:89.2,90.16 2 1
github.com/goppydae/gollm/internal/tools/grep.go:90.16,92.3 1 0
github.com/goppydae/gollm/internal/tools/grep.go:94.2,102.19 2 1
github.com/goppydae/gollm/internal/tools/grep.go:102.19,104.3 1 0
github.com/goppydae/gollm/internal/tools/grep.go:106.2,106.20 1 1
github.com/goppydae/gollm/internal/tools/grep.go:109.33,110.13 1 1
github.com/goppydae/gollm/internal/tools/grep.go:110.13,112.3 1 0
github.com/goppydae/gollm/internal/tools/grep.go:113.2,115.29 3 1
github.com/goppydae/gollm/internal/tools/grep.go:115.29,116.89 1 1
github.com/goppydae/gollm/internal/tools/grep.go:116.89,118.4 1 1
github.com/goppydae/gollm/internal/tools/grep.go:120.2,120.14 1 1
github.com/goppydae/gollm/internal/tools/grep.go:123.92,125.16 2 1
github.com/goppydae/gollm/internal/tools/grep.go:125.16,127.3 1 0
github.com/goppydae/gollm/internal/tools/grep.go:129.2,134.16 4 1
github.com/goppydae/gollm/internal/tools/grep.go:134.16,136.3 1 0
github.com/goppydae/gollm/internal/tools/grep.go:138.2,138.19 1 1
github.com/goppydae/gollm/internal/tools/grep.go:138.19,141.17 2 1
github.com/goppydae/gollm/internal/tools/grep.go:141.17,143.4 1 0
github.com/goppydae/gollm/internal/tools/grep.go:144.3,144.20 1 1
github.com/goppydae/gollm/internal/tools/grep.go:148.2,149.16 2 1
github.com/goppydae/gollm/internal/tools/grep.go:149.16,151.17 2 0
github.com/goppydae/gollm/internal/tools/grep.go:151.17,153.4 1 0
github.com/goppydae/gollm/internal/tools/grep.go:154.3,154.19 1 0
github.com/goppydae/gollm/internal/tools/grep.go:155.8,157.90 1 1
github.com/goppydae/gollm/internal/tools/grep.go:157.90,158.18 1 1
github.com/goppydae/gollm/internal/tools/grep.go:158.18,161.5 2 0
github.com/goppydae/gollm/internal/tools/grep.go:162.4,162.20 1 1
github.com/goppydae/gollm/internal/tools/grep.go:162.20,164.5 1 1
github.com/goppydae/gollm/internal/tools/grep.go:166.4,166.78 1 1
github.com/goppydae/gollm/internal/tools/grep.go:166.78,168.5 1 0
github.com/goppydae/gollm/internal/tools/grep.go:169.4,170.14 2 1
github.com/goppydae/gollm/internal/tools/grep.go:171.22,173.4 1 0
github.com/goppydae/gollm/internal/tools/grep.go:176.2,176.29 1 1
github.com/goppydae/gollm/internal/tools/grep.go:176.29,177.31 1 1
github.com/goppydae/gollm/internal/tools/grep.go:177.31,178.9 1 0
github.com/goppydae/gollm/internal/tools/grep.go:180.3,181.17 2 1
github.com/goppydae/gollm/internal/tools/grep.go:181.17,182.12 1 0
github.com/goppydae/gollm/internal/tools/grep.go:184.3,184.18 1 1
github.com/goppydae/gollm/internal/tools/grep.go:184.18,185.25 1 1
github.com/goppydae/gollm/internal/tools/grep.go:185.25,187.5 1 1
github.com/goppydae/gollm/internal/tools/grep.go:188.4,190.23 3 1
github.com/goppydae/gollm/internal/tools/grep.go:194.2,194.24 1 1
github.com/goppydae/gollm/internal/tools/grep.go:194.24,196.3 1 1
github.com/goppydae/gollm/internal/tools/grep.go:198.2,198.30 1 1
github.com/goppydae/gollm/internal/tools/grep.go:201.99,203.16 2 1
github.com/goppydae/gollm/internal/tools/grep.go:203.16,205.3 1 0
github.com/goppydae/gollm/internal/tools/grep.go:206.2,206.15 1 1
github.com/goppydae/gollm/internal/tools/grep.go:206.15,206.32 1 1
github.com/goppydae/gollm/internal/tools/grep.go:208.2,215.21 4 1
github.com/goppydae/gollm/internal/tools/grep.go:215.21,218.27 3 1
github.com/goppydae/gollm/internal/tools/grep.go:218.27,223.4 1 1
github.com/goppydae/gollm/internal/tools/grep.go:224.3,224.33 1 1
github.com/goppydae/gollm/internal/tools/grep.go:224.33,225.9 1 0
github.com/goppydae/gollm/internal/tools/grep.go:229.2,229.23 1 1
github.com/goppydae/gollm/internal/tools/grep.go:229.23,231.3 1 1
github.com/goppydae/gollm/internal/tools/grep.go:233.2,234.28 2 1
github.com/goppydae/gollm/internal/tools/grep.go:234.28,236.3 1 1
github.com/goppydae/gollm/internal/tools/grep.go:238.2,238.44 1 1
github.com/goppydae/gollm/internal/tools/grep.go:241.31,241.46 1 0
github.com/goppydae/gollm/internal/tools/ls.go:17.25,17.40 1 0
github.com/goppydae/gollm/internal/tools/ls.go:19.32,21.2 1 0
github.com/goppydae/gollm/internal/tools/ls.go:23.36,41.2 1 0
github.com/goppydae/gollm/internal/tools/ls.go:43.102,49.54 2 1
github.com/goppydae/gollm/internal/tools/ls.go:49.54,51.3 1 0
github.com/goppydae/gollm/internal/tools/ls.go:53.2,54.16 2 1
github.com/goppydae/gollm/internal/tools/ls.go:54.16,56.3 1 0
github.com/goppydae/gollm/internal/tools/ls.go:58.2,59.16 2 1
github.com/goppydae/gollm/internal/tools/ls.go:59.16,61.3 1 0
github.com/goppydae/gollm/internal/tools/ls.go:63.2,64.22 2 1
github.com/goppydae/gollm/internal/tools/ls.go:64.22,65.90 1 0
github.com/goppydae/gollm/internal/tools/ls.go:65.90,66.18 1 0
github.com/goppydae/gollm/internal/tools/ls.go:66.18,69.5 2 0
github.com/goppydae/gollm/internal/tools/ls.go:70.4,71.18 2 0
github.com/goppydae/gollm/internal/tools/ls.go:71.18,73.5 1 0
github.com/goppydae/gollm/internal/tools/ls.go:74.4,74.19 1 0
github.com/goppydae/gollm/internal/tools/ls.go:74.19,76.5 1 0
github.com/goppydae/gollm/internal/tools/ls.go:76.10,78.5 1 0
github.com/goppydae/gollm/internal/tools/ls.go:79.4,79.14 1 0
github.com/goppydae/gollm/internal/tools/ls.go:80.22,82.4 1 0
github.com/goppydae/gollm/internal/tools/ls.go:83.8,85.17 2 1
github.com/goppydae/gollm/internal/tools/ls.go:85.17,87.4 1 1
github.com/goppydae/gollm/internal/tools/ls.go:88.3,88.25 1 1
github.com/goppydae/gollm/internal/tools/ls.go:88.25,89.19 1 1
github.com/goppydae/gollm/internal/tools/ls.go:89.19,91.19 2 1
github.com/goppydae/gollm/internal/tools/ls.go:91.19,93.14 2 0
github.com/goppydae/gollm/internal/tools/ls.go:95.5,95.58 1 1
github.com/goppydae/gollm/internal/tools/ls.go:96.10,98.5 1 1
github.com/goppydae/gollm/internal/tools/ls.go:102.2,110.19 2 1
github.com/goppydae/gollm/internal/tools/ls.go:110.19,112.3 1 0
github.com/goppydae/gollm/internal/tools/ls.go:114.2,114.20 1 1
github.com/goppydae/gollm/internal/tools/ls.go:118.55,120.18 2 1
github.com/goppydae/gollm/internal/tools/ls.go:120.18,122.3 1 1
github.com/goppydae/gollm/internal/tools/ls.go:122.8,122.44 1 1
github.com/goppydae/gollm/internal/tools/ls.go:122.44,124.3 1 0
github.com/goppydae/gollm/internal/tools/ls.go:125.2,125.99 1 1
github.com/goppydae/gollm/internal/tools/ls.go:128.29,128.44 1 0
github.com/goppydae/gollm/internal/tools/read.go:15.27,15.44 1 0
github.com/goppydae/gollm/internal/tools/read.go:17.34,19.2 1 0
github.com/goppydae/gollm/internal/tools/read.go:21.38,40.2 1 0
github.com/goppydae/gollm/internal/tools/read.go:42.104,48.54 2 1
github.com/goppydae/gollm/internal/tools/read.go:48.54,50.3 1 0
github.com/goppydae/gollm/internal/tools/read.go:52.2,52.23 1 1
github.com/goppydae/gollm/internal/tools/read.go:52.23,54.3 1 0
github.com/goppydae/gollm/internal/tools/read.go:56.2,57.16 2 1
github.com/goppydae/gollm/internal/tools/read.go:57.16,59.3 1 0
github.com/goppydae/gollm/internal/tools/read.go:61.2,62.16 2 1
github.com/goppydae/gollm/internal/tools/read.go:62.16,64.3 1 0
github.com/goppydae/gollm/internal/tools/read.go:67.2,68.16 2 1
github.com/goppydae/gollm/internal/tools/read.go:68.16,70.3 1 1
github.com/goppydae/gollm/internal/tools/read.go:72.2,76.23 3 1
github.com/goppydae/gollm/internal/tools/read.go:76.23,78.25 2 1
github.com/goppydae/gollm/internal/tools/read.go:78.25,80.4 1 0
github.com/goppydae/gollm/internal/tools/read.go:81.3,81.24 1 1
github.com/goppydae/gollm/internal/tools/read.go:84.2,84.51 1 1
github.com/goppydae/gollm/internal/tools/read.go:84.51,86.3 1 1
github.com/goppydae/gollm/internal/tools/read.go:88.2,89.19 2 1
github.com/goppydae/gollm/internal/tools/read.go:89.19,91.3 1 0
github.com/goppydae/gollm/internal/tools/read.go:93.2,100.8 1 1
github.com/goppydae/gollm/internal/tools/read.go:103.36,104.13 1 1
github.com/goppydae/gollm/internal/tools/read.go:104.13,106.3 1 0
github.com/goppydae/gollm/internal/tools/read.go:107.2,109.30 3 1
github.com/goppydae/gollm/internal/tools/read.go:109.30,110.19 1 1
github.com/goppydae/gollm/internal/tools/read.go:110.19,112.39 2 1
github.com/goppydae/gollm/internal/tools/read.go:112.39,114.5 1 0
github.com/goppydae/gollm/internal/tools/read.go:115.4,116.17 2 1
github.com/goppydae/gollm/internal/tools/read.go:119.2,119.20 1 1
github.com/goppydae/gollm/internal/tools/read.go:119.20,121.49 2 0
github.com/goppydae/gollm/internal/tools/read.go:121.49,123.4 1 0
github.com/goppydae/gollm/internal/tools/read.go:124.3,124.30 1 0
github.com/goppydae/gollm/internal/tools/read.go:126.2,126.14 1 1
github.com/goppydae/gollm/internal/tools/read.go:130.31,130.46 1 0
github.com/goppydae/gollm/internal/tools/tools.go:42.38,46.2 1 0
github.com/goppydae/gollm/internal/tools/tools.go:49.41,51.2 1 0
github.com/goppydae/gollm/internal/tools/tools.go:54.54,57.2 2 0
github.com/goppydae/gollm/internal/tools/tools.go:60.37,62.28 2 0
github.com/goppydae/gollm/internal/tools/tools.go:62.28,64.3 1 0
github.com/goppydae/gollm/internal/tools/tools.go:65.2,65.15 1 0
github.com/goppydae/gollm/internal/tools/tools.go:69.46,72.2 2 0
github.com/goppydae/gollm/internal/tools/tools.go:76.40,77.37 1 1
github.com/goppydae/gollm/internal/tools/tools.go:77.37,79.3 1 1
github.com/goppydae/gollm/internal/tools/tools.go:80.2,80.13 1 1
github.com/goppydae/gollm/internal/tools/write.go:14.28,14.46 1 0
github.com/goppydae/gollm/internal/tools/write.go:16.35,18.2 1 0
github.com/goppydae/gollm/internal/tools/write.go:20.39,35.2 1 0
github.com/goppydae/gollm/internal/tools/write.go:37.105,42.54 2 1
github.com/goppydae/gollm/internal/tools/write.go:42.54,44.3 1 0
github.com/goppydae/gollm/internal/tools/write.go:46.2,46.23 1 1
github.com/goppydae/gollm/internal/tools/write.go:46.23,48.3 1 0
github.com/goppydae/gollm/internal/tools/write.go:50.2,50.26 1 1
github.com/goppydae/gollm/internal/tools/write.go:50.26,52.3 1 0
github.com/goppydae/gollm/internal/tools/write.go:55.2,56.16 2 1
github.com/goppydae/gollm/internal/tools/write.go:56.16,58.3 1 0
github.com/goppydae/gollm/internal/tools/write.go:61.2,62.47 2 1
github.com/goppydae/gollm/internal/tools/write.go:62.47,64.3 1 0
github.com/goppydae/gollm/internal/tools/write.go:67.2,67.73 1 1
github.com/goppydae/gollm/internal/tools/write.go:67.73,69.3 1 0
github.com/goppydae/gollm/internal/tools/write.go:72.2,73.16 2 1
github.com/goppydae/gollm/internal/tools/write.go:73.16,75.3 1 0
github.com/goppydae/gollm/internal/tools/write.go:77.2,86.19 2 1
github.com/goppydae/gollm/internal/tools/write.go:86.19,88.3 1 0
github.com/goppydae/gollm/internal/tools/write.go:90.2,90.20 1 1
github.com/goppydae/gollm/internal/tools/write.go:93.32,93.48 1 0
